#
# There is insufficient memory for the Java Runtime Environment to continue.
# Native memory allocation (mmap) failed to map 65536 bytes for Failed to commit metaspace.
# Possible reasons:
#   The system is out of physical RAM or swap space
#   The process is running with CompressedOops enabled, and the Java Heap may be blocking the growth of the native heap
# Possible solutions:
#   Reduce memory load on the system
#   Increase physical memory or swap space
#   Check if swap backing store is full
#   Decrease Java heap size (-Xmx/-Xms)
#   Decrease number of Java threads
#   Decrease Java thread stack sizes (-Xss)
#   Set larger code cache with -XX:ReservedCodeCacheSize=
#   JVM is running with Unscaled Compressed Oops mode in which the Java heap is
#     placed in the first 4GB address space. The Java Heap base address is the
#     maximum limit for the native heap growth. Please use -XX:HeapBaseMinAddress
#     to set the Java Heap base and to place the Java Heap above 4GB virtual address.
# This output file may be truncated or incomplete.
#
#  Out of Memory Error (virtualSpaceNode.cpp:112), pid=22216, tid=11868
#
# JRE version: Java(TM) SE Runtime Environment (21.0.1+12) (build 21.0.1+12-LTS-29)
# Java VM: Java HotSpot(TM) 64-Bit Server VM (21.0.1+12-LTS-29, mixed mode, sharing, tiered, compressed oops, compressed class ptrs, g1 gc, windows-amd64)
# No core dump will be written. Minidumps are not enabled by default on client versions of Windows
#

---------------  S U M M A R Y ------------

Command Line: -Dfile.encoding=UTF-8 --module-path=C:\Users\DELL\OneDrive\Documents\NetBeansProjects\Car Management System\build\classes Car.PaymentSystem

Host: AMD Ryzen 5 3500U with Radeon Vega Mobile Gfx  , 8 cores, 5G,  Windows 11 , 64 bit Build 22621 (10.0.22621.3958)
Time: Thu Sep 12 16:55:22 2024 India Standard Time elapsed time: 0.484149 seconds (0d 0h 0m 0s)

---------------  T H R E A D  ---------------

Current thread (0x000001e9a208a980):  JavaThread "main"             [_thread_in_vm, id=11868, stack(0x00000007ffb00000,0x00000007ffc00000) (1024K)]

Stack: [0x00000007ffb00000,0x00000007ffc00000]
Native frames: (J=compiled Java code, j=interpreted, Vv=VM code, C=native code)
V  [jvm.dll+0x6c9029]
V  [jvm.dll+0x854b81]
V  [jvm.dll+0x856e5e]
V  [jvm.dll+0x857543]
V  [jvm.dll+0x280c06]
V  [jvm.dll+0x8508ae]
V  [jvm.dll+0x66ca45]
V  [jvm.dll+0x66caaa]
V  [jvm.dll+0x66f2a6]
V  [jvm.dll+0x66f172]
V  [jvm.dll+0x66d41e]
V  [jvm.dll+0x27db26]
V  [jvm.dll+0x71e545]
V  [jvm.dll+0x71f08f]
V  [jvm.dll+0x3c297f]
V  [jvm.dll+0x3c27f7]
V  [jvm.dll+0x3c1a27]
V  [jvm.dll+0x3c19c8]
V  [jvm.dll+0x3d373a]
C  0x000001e9b3c2a7ff

The last pc belongs to new (printed below).
Java frames: (J=compiled Java code, j=interpreted, Vv=VM code)
j  java.util.concurrent.Executors.newSingleThreadExecutor(Ljava/util/concurrent/ThreadFactory;)Ljava/util/concurrent/ExecutorService;+0 java.base@21.0.1
j  com.mysql.cj.jdbc.AbandonedConnectionCleanupThread.<clinit>()V+56
v  ~StubRoutines::call_stub 0x000001e9b3c1100d
j  java.lang.Class.forName0(Ljava/lang/String;ZLjava/lang/ClassLoader;Ljava/lang/Class;)Ljava/lang/Class;+0 java.base@21.0.1
j  java.lang.Class.forName(Ljava/lang/String;Ljava/lang/Class;)Ljava/lang/Class;+19 java.base@21.0.1
j  java.lang.Class.forName(Ljava/lang/String;)Ljava/lang/Class;+6 java.base@21.0.1
j  com.mysql.cj.jdbc.NonRegisteringDriver.<clinit>()V+5
v  ~StubRoutines::call_stub 0x000001e9b3c1100d
j  java.lang.Class.forName0(Ljava/lang/String;ZLjava/lang/ClassLoader;Ljava/lang/Class;)Ljava/lang/Class;+0 java.base@21.0.1
j  java.lang.Class.forName(Ljava/lang/String;Ljava/lang/Class;)Ljava/lang/Class;+19 java.base@21.0.1
j  java.lang.Class.forName(Ljava/lang/String;)Ljava/lang/Class;+6 java.base@21.0.1
j  Car.ConnectionClass.<init>()V+6
j  Car.PaymentSystem.<init>()V+382
j  Car.PaymentSystem.main([Ljava/lang/String;)V+4
v  ~StubRoutines::call_stub 0x000001e9b3c1100d
new  187 new  [0x000001e9b3c2a680, 0x000001e9b3c2a888]  520 bytes
[MachCode]
  0x000001e9b3c2a680: 4883 ec08 | c5fa 1104 | 24eb 1f48 | 83ec 10c5 | fb11 0424 | eb14 4883 | ec10 4889 | 0424 48c7 
  0x000001e9b3c2a6a0: 4424 0800 | 0000 00eb | 0150 410f | b755 010f | cac1 ea10 | 488b 4de8 | 488b 4908 | 488b 4908 
  0x000001e9b3c2a6c0: 488b 4108 | 807c 1004 | 070f 85d3 | 0000 0066 | 8b54 d148 | 488b 4928 | 488b 4cd1 | 0851 80b9 
  0x000001e9b3c2a6e0: 2001 0000 | 050f 85b6 | 0000 008b | 5108 f6c2 | 010f 85aa | 0000 0049 | 8b87 b801 | 0000 488d 
  0x000001e9b3c2a700: 1c10 493b | 9fc8 0100 | 000f 8792 | 0000 0049 | 899f b801 | 0000 4883 | ea10 0f84 | 0f00 0000 
  0x000001e9b3c2a720: 33c9 c1ea | 0348 894c | d008 48ff | ca75 f648 | c700 0100 | 0000 5933 | f689 700c | 49ba 0000 
  0x000001e9b3c2a740: 00c1 e901 | 0000 492b | ca89 4808 | 49ba ca25 | bd39 fa7f | 0000 4180 | 3a00 0f84 | 3c00 0000 
  0x000001e9b3c2a760: 5048 8bc8 | 4883 ec20 | 40f6 c40f | 0f84 1900 | 0000 4883 | ec08 48b8 | 70eb 6d39 | fa7f 0000 
  0x000001e9b3c2a780: ffd0 4883 | c408 e90c | 0000 0048 | b870 eb6d | 39fa 7f00 | 00ff d048 | 83c4 2058 | e9cb 0000 
  0x000001e9b3c2a7a0: 0059 488b | 55e8 488b | 5208 488b | 5208 450f | b745 0141 | 0fc8 41c1 | e810 e805 | 0000 00e9 
  0x000001e9b3c2a7c0: a800 0000 | 488d 4424 | 084c 896d | c049 8bcf | c5f8 7749 | 89af a803 | 0000 4989 | 8798 0300 
  0x000001e9b3c2a7e0: 0048 83ec | 2040 f6c4 | 0f0f 8419 | 0000 0048 | 83ec 0848 | b8b0 3638 | 39fa 7f00 | 00ff d048 
  0x000001e9b3c2a800: 83c4 08e9 | 0c00 0000 | 48b8 b036 | 3839 fa7f | 0000 ffd0 | 4883 c420 | 49c7 8798 | 0300 0000 
  0x000001e9b3c2a820: 0000 0049 | c787 a803 | 0000 0000 | 0000 49c7 | 87a0 0300 | 0000 0000 | 00c5 f877 | 4983 7f08 
  0x000001e9b3c2a840: 000f 8405 | 0000 00e9 | b466 feff | 498b 87f0 | 0300 0049 | c787 f003 | 0000 0000 | 0000 4c8b 
  0x000001e9b3c2a860: 6dc0 4c8b | 75c8 4e8d | 74f5 00c3 | 410f b65d | 0349 83c5 | 0349 ba80 | dfbf 39fa | 7f00 0041 
  0x000001e9b3c2a880: ff24 da0f | 1f44 0000 
[/MachCode]

---------------  P R O C E S S  ---------------

Threads class SMR info:
_java_thread_list=0x000001e9c06892c0, length=16, elements={
0x000001e9a208a980, 0x000001e9c01b0090, 0x000001e9c01b0fb0, 0x000001e9c01b3510,
0x000001e9c01b43d0, 0x000001e9c01ba420, 0x000001e9c01bcc00, 0x000001e9c01cd0f0,
0x000001e9c01cdb90, 0x000001e9c01bd290, 0x000001e9c01bf360, 0x000001e9c01be640,
0x000001e9c01bd920, 0x000001e9c01becd0, 0x000001e9c01bbee0, 0x000001e9c01bc570
}

Java Threads: ( => current thread )
=>0x000001e9a208a980 JavaThread "main"                              [_thread_in_vm, id=11868, stack(0x00000007ffb00000,0x00000007ffc00000) (1024K)]
  0x000001e9c01b0090 JavaThread "Reference Handler"          daemon [_thread_blocked, id=4308, stack(0x0000000780300000,0x0000000780400000) (1024K)]
  0x000001e9c01b0fb0 JavaThread "Finalizer"                  daemon [_thread_blocked, id=2084, stack(0x0000000780400000,0x0000000780500000) (1024K)]
  0x000001e9c01b3510 JavaThread "Signal Dispatcher"          daemon [_thread_blocked, id=1596, stack(0x0000000780500000,0x0000000780600000) (1024K)]
  0x000001e9c01b43d0 JavaThread "Attach Listener"            daemon [_thread_blocked, id=9080, stack(0x0000000780600000,0x0000000780700000) (1024K)]
  0x000001e9c01ba420 JavaThread "Service Thread"             daemon [_thread_blocked, id=7124, stack(0x0000000780700000,0x0000000780800000) (1024K)]
  0x000001e9c01bcc00 JavaThread "Monitor Deflation Thread"   daemon [_thread_blocked, id=4924, stack(0x0000000780800000,0x0000000780900000) (1024K)]
  0x000001e9c01cd0f0 JavaThread "C2 CompilerThread0"         daemon [_thread_blocked, id=15012, stack(0x0000000780900000,0x0000000780a00000) (1024K)]
  0x000001e9c01cdb90 JavaThread "C1 CompilerThread0"         daemon [_thread_blocked, id=3644, stack(0x0000000780a00000,0x0000000780b00000) (1024K)]
  0x000001e9c01bd290 JavaThread "Common-Cleaner"             daemon [_thread_blocked, id=4916, stack(0x0000000780b00000,0x0000000780c00000) (1024K)]
  0x000001e9c01bf360 JavaThread "Notification Thread"        daemon [_thread_blocked, id=5352, stack(0x0000000780c00000,0x0000000780d00000) (1024K)]
  0x000001e9c01be640 JavaThread "Java2D Disposer"            daemon [_thread_blocked, id=2024, stack(0x0000000780e00000,0x0000000780f00000) (1024K)]
  0x000001e9c01bd920 JavaThread "AWT-Shutdown"                      [_thread_blocked, id=24972, stack(0x0000000780f00000,0x0000000781000000) (1024K)]
  0x000001e9c01becd0 JavaThread "AWT-Windows"                daemon [_thread_in_native, id=4932, stack(0x0000000781000000,0x0000000781100000) (1024K)]
  0x000001e9c01bbee0 JavaThread "EventQueueMonitor-ComponentEvtDispatch" daemon [_thread_blocked, id=15028, stack(0x0000000781100000,0x0000000781200000) (1024K)]
  0x000001e9c01bc570 JavaThread "Thread-1"                   daemon [_thread_in_native, id=15008, stack(0x0000000780d00000,0x0000000780e00000) (1024K)]
Total: 16

Other Threads:
  0x000001e9c0195b80 VMThread "VM Thread"                           [id=2668, stack(0x0000000780200000,0x0000000780300000) (1024K)]
  0x000001e9c017d5c0 WatcherThread "VM Periodic Task Thread"        [id=10404, stack(0x0000000780100000,0x0000000780200000) (1024K)]
  0x000001e9a42d2c00 WorkerThread "GC Thread#0"                     [id=12024, stack(0x00000007ffc00000,0x00000007ffd00000) (1024K)]
  0x000001e9a42fd3d0 ConcurrentGCThread "G1 Main Marker"            [id=7732, stack(0x00000007ffd00000,0x00000007ffe00000) (1024K)]
  0x000001e9a42fe670 WorkerThread "G1 Conc#0"                       [id=11904, stack(0x00000007ffe00000,0x00000007fff00000) (1024K)]
  0x000001e9c00534e0 ConcurrentGCThread "G1 Refine#0"               [id=5316, stack(0x00000007fff00000,0x0000000800000000) (1024K)]
  0x000001e9a434aaa0 ConcurrentGCThread "G1 Service"                [id=3652, stack(0x0000000780000000,0x0000000780100000) (1024K)]
Total: 7

Threads with active compile tasks:
Total: 0

VM state: not at safepoint (normal execution)

VM Mutex/Monitor currently owned by a thread:  ([mutex/lock_event])
[0x00007ffa39be8578] Metaspace_lock - owner thread: 0x000001e9a208a980

Heap address: 0x00000000a1c00000, size: 1508 MB, Compressed Oops mode: 32-bit

CDS archive(s) mapped at: [0x000001e9c1000000-0x000001e9c1c90000-0x000001e9c1c90000), size 13172736, SharedBaseAddress: 0x000001e9c1000000, ArchiveRelocationMode: 1.
Compressed class space mapped at: 0x000001e9c2000000-0x000001ea02000000, reserved size: 1073741824
Narrow klass base: 0x000001e9c1000000, Narrow klass shift: 0, Narrow klass range: 0x100000000

GC Precious Log:
 CardTable entry size: 512
 Card Set container configuration: InlinePtr #cards 5 size 8 Array Of Cards #cards 12 size 40 Howl #buckets 4 coarsen threshold 1843 Howl Bitmap #cards 512 size 80 coarsen threshold 460 Card regions per heap region 1 cards per card region 2048
 CPUs: 8 total, 8 available
 Memory: 6030M
 Large Page Support: Disabled
 NUMA Support: Disabled
 Compressed Oops: Enabled (32-bit)
 Heap Region Size: 1M
 Heap Min Capacity: 8M
 Heap Initial Capacity: 96M
 Heap Max Capacity: 1508M
 Pre-touch: Disabled
 Parallel Workers: 8
 Concurrent Workers: 2
 Concurrent Refinement Workers: 8
 Periodic GC: Disabled

Heap:
 garbage-first heap   total 98304K, used 6144K [0x00000000a1c00000, 0x0000000100000000)
  region size 1024K, 7 young (7168K), 0 survivors (0K)
 Metaspace       used 5667K, committed 5888K, reserved 1114112K
  class space    used 635K, committed 768K, reserved 1048576K

Heap Regions: E=young(eden), S=young(survivor), O=old, HS=humongous(starts), HC=humongous(continues), CS=collection set, F=free, TAMS=top-at-mark-start, PB=parsable bottom
|   0|0x00000000a1c00000, 0x00000000a1c00000, 0x00000000a1d00000|  0%| F|  |TAMS 0x00000000a1c00000| PB 0x00000000a1c00000| Untracked 
|   1|0x00000000a1d00000, 0x00000000a1d00000, 0x00000000a1e00000|  0%| F|  |TAMS 0x00000000a1d00000| PB 0x00000000a1d00000| Untracked 
|   2|0x00000000a1e00000, 0x00000000a1e00000, 0x00000000a1f00000|  0%| F|  |TAMS 0x00000000a1e00000| PB 0x00000000a1e00000| Untracked 
|   3|0x00000000a1f00000, 0x00000000a1f00000, 0x00000000a2000000|  0%| F|  |TAMS 0x00000000a1f00000| PB 0x00000000a1f00000| Untracked 
|   4|0x00000000a2000000, 0x00000000a2000000, 0x00000000a2100000|  0%| F|  |TAMS 0x00000000a2000000| PB 0x00000000a2000000| Untracked 
|   5|0x00000000a2100000, 0x00000000a2100000, 0x00000000a2200000|  0%| F|  |TAMS 0x00000000a2100000| PB 0x00000000a2100000| Untracked 
|   6|0x00000000a2200000, 0x00000000a2200000, 0x00000000a2300000|  0%| F|  |TAMS 0x00000000a2200000| PB 0x00000000a2200000| Untracked 
|   7|0x00000000a2300000, 0x00000000a2300000, 0x00000000a2400000|  0%| F|  |TAMS 0x00000000a2300000| PB 0x00000000a2300000| Untracked 
|   8|0x00000000a2400000, 0x00000000a2400000, 0x00000000a2500000|  0%| F|  |TAMS 0x00000000a2400000| PB 0x00000000a2400000| Untracked 
|   9|0x00000000a2500000, 0x00000000a2500000, 0x00000000a2600000|  0%| F|  |TAMS 0x00000000a2500000| PB 0x00000000a2500000| Untracked 
|  10|0x00000000a2600000, 0x00000000a2600000, 0x00000000a2700000|  0%| F|  |TAMS 0x00000000a2600000| PB 0x00000000a2600000| Untracked 
|  11|0x00000000a2700000, 0x00000000a2700000, 0x00000000a2800000|  0%| F|  |TAMS 0x00000000a2700000| PB 0x00000000a2700000| Untracked 
|  12|0x00000000a2800000, 0x00000000a2800000, 0x00000000a2900000|  0%| F|  |TAMS 0x00000000a2800000| PB 0x00000000a2800000| Untracked 
|  13|0x00000000a2900000, 0x00000000a2900000, 0x00000000a2a00000|  0%| F|  |TAMS 0x00000000a2900000| PB 0x00000000a2900000| Untracked 
|  14|0x00000000a2a00000, 0x00000000a2a00000, 0x00000000a2b00000|  0%| F|  |TAMS 0x00000000a2a00000| PB 0x00000000a2a00000| Untracked 
|  15|0x00000000a2b00000, 0x00000000a2b00000, 0x00000000a2c00000|  0%| F|  |TAMS 0x00000000a2b00000| PB 0x00000000a2b00000| Untracked 
|  16|0x00000000a2c00000, 0x00000000a2c00000, 0x00000000a2d00000|  0%| F|  |TAMS 0x00000000a2c00000| PB 0x00000000a2c00000| Untracked 
|  17|0x00000000a2d00000, 0x00000000a2d00000, 0x00000000a2e00000|  0%| F|  |TAMS 0x00000000a2d00000| PB 0x00000000a2d00000| Untracked 
|  18|0x00000000a2e00000, 0x00000000a2e00000, 0x00000000a2f00000|  0%| F|  |TAMS 0x00000000a2e00000| PB 0x00000000a2e00000| Untracked 
|  19|0x00000000a2f00000, 0x00000000a2f00000, 0x00000000a3000000|  0%| F|  |TAMS 0x00000000a2f00000| PB 0x00000000a2f00000| Untracked 
|  20|0x00000000a3000000, 0x00000000a3000000, 0x00000000a3100000|  0%| F|  |TAMS 0x00000000a3000000| PB 0x00000000a3000000| Untracked 
|  21|0x00000000a3100000, 0x00000000a3100000, 0x00000000a3200000|  0%| F|  |TAMS 0x00000000a3100000| PB 0x00000000a3100000| Untracked 
|  22|0x00000000a3200000, 0x00000000a3200000, 0x00000000a3300000|  0%| F|  |TAMS 0x00000000a3200000| PB 0x00000000a3200000| Untracked 
|  23|0x00000000a3300000, 0x00000000a3300000, 0x00000000a3400000|  0%| F|  |TAMS 0x00000000a3300000| PB 0x00000000a3300000| Untracked 
|  24|0x00000000a3400000, 0x00000000a3400000, 0x00000000a3500000|  0%| F|  |TAMS 0x00000000a3400000| PB 0x00000000a3400000| Untracked 
|  25|0x00000000a3500000, 0x00000000a3500000, 0x00000000a3600000|  0%| F|  |TAMS 0x00000000a3500000| PB 0x00000000a3500000| Untracked 
|  26|0x00000000a3600000, 0x00000000a3600000, 0x00000000a3700000|  0%| F|  |TAMS 0x00000000a3600000| PB 0x00000000a3600000| Untracked 
|  27|0x00000000a3700000, 0x00000000a3700000, 0x00000000a3800000|  0%| F|  |TAMS 0x00000000a3700000| PB 0x00000000a3700000| Untracked 
|  28|0x00000000a3800000, 0x00000000a3800000, 0x00000000a3900000|  0%| F|  |TAMS 0x00000000a3800000| PB 0x00000000a3800000| Untracked 
|  29|0x00000000a3900000, 0x00000000a3900000, 0x00000000a3a00000|  0%| F|  |TAMS 0x00000000a3900000| PB 0x00000000a3900000| Untracked 
|  30|0x00000000a3a00000, 0x00000000a3a00000, 0x00000000a3b00000|  0%| F|  |TAMS 0x00000000a3a00000| PB 0x00000000a3a00000| Untracked 
|  31|0x00000000a3b00000, 0x00000000a3b00000, 0x00000000a3c00000|  0%| F|  |TAMS 0x00000000a3b00000| PB 0x00000000a3b00000| Untracked 
|  32|0x00000000a3c00000, 0x00000000a3c00000, 0x00000000a3d00000|  0%| F|  |TAMS 0x00000000a3c00000| PB 0x00000000a3c00000| Untracked 
|  33|0x00000000a3d00000, 0x00000000a3d00000, 0x00000000a3e00000|  0%| F|  |TAMS 0x00000000a3d00000| PB 0x00000000a3d00000| Untracked 
|  34|0x00000000a3e00000, 0x00000000a3e00000, 0x00000000a3f00000|  0%| F|  |TAMS 0x00000000a3e00000| PB 0x00000000a3e00000| Untracked 
|  35|0x00000000a3f00000, 0x00000000a3f00000, 0x00000000a4000000|  0%| F|  |TAMS 0x00000000a3f00000| PB 0x00000000a3f00000| Untracked 
|  36|0x00000000a4000000, 0x00000000a4000000, 0x00000000a4100000|  0%| F|  |TAMS 0x00000000a4000000| PB 0x00000000a4000000| Untracked 
|  37|0x00000000a4100000, 0x00000000a4100000, 0x00000000a4200000|  0%| F|  |TAMS 0x00000000a4100000| PB 0x00000000a4100000| Untracked 
|  38|0x00000000a4200000, 0x00000000a4200000, 0x00000000a4300000|  0%| F|  |TAMS 0x00000000a4200000| PB 0x00000000a4200000| Untracked 
|  39|0x00000000a4300000, 0x00000000a4300000, 0x00000000a4400000|  0%| F|  |TAMS 0x00000000a4300000| PB 0x00000000a4300000| Untracked 
|  40|0x00000000a4400000, 0x00000000a4400000, 0x00000000a4500000|  0%| F|  |TAMS 0x00000000a4400000| PB 0x00000000a4400000| Untracked 
|  41|0x00000000a4500000, 0x00000000a4500000, 0x00000000a4600000|  0%| F|  |TAMS 0x00000000a4500000| PB 0x00000000a4500000| Untracked 
|  42|0x00000000a4600000, 0x00000000a4600000, 0x00000000a4700000|  0%| F|  |TAMS 0x00000000a4600000| PB 0x00000000a4600000| Untracked 
|  43|0x00000000a4700000, 0x00000000a4700000, 0x00000000a4800000|  0%| F|  |TAMS 0x00000000a4700000| PB 0x00000000a4700000| Untracked 
|  44|0x00000000a4800000, 0x00000000a4800000, 0x00000000a4900000|  0%| F|  |TAMS 0x00000000a4800000| PB 0x00000000a4800000| Untracked 
|  45|0x00000000a4900000, 0x00000000a4900000, 0x00000000a4a00000|  0%| F|  |TAMS 0x00000000a4900000| PB 0x00000000a4900000| Untracked 
|  46|0x00000000a4a00000, 0x00000000a4a00000, 0x00000000a4b00000|  0%| F|  |TAMS 0x00000000a4a00000| PB 0x00000000a4a00000| Untracked 
|  47|0x00000000a4b00000, 0x00000000a4b00000, 0x00000000a4c00000|  0%| F|  |TAMS 0x00000000a4b00000| PB 0x00000000a4b00000| Untracked 
|  48|0x00000000a4c00000, 0x00000000a4c00000, 0x00000000a4d00000|  0%| F|  |TAMS 0x00000000a4c00000| PB 0x00000000a4c00000| Untracked 
|  49|0x00000000a4d00000, 0x00000000a4d00000, 0x00000000a4e00000|  0%| F|  |TAMS 0x00000000a4d00000| PB 0x00000000a4d00000| Untracked 
|  50|0x00000000a4e00000, 0x00000000a4e00000, 0x00000000a4f00000|  0%| F|  |TAMS 0x00000000a4e00000| PB 0x00000000a4e00000| Untracked 
|  51|0x00000000a4f00000, 0x00000000a4f00000, 0x00000000a5000000|  0%| F|  |TAMS 0x00000000a4f00000| PB 0x00000000a4f00000| Untracked 
|  52|0x00000000a5000000, 0x00000000a5000000, 0x00000000a5100000|  0%| F|  |TAMS 0x00000000a5000000| PB 0x00000000a5000000| Untracked 
|  53|0x00000000a5100000, 0x00000000a5100000, 0x00000000a5200000|  0%| F|  |TAMS 0x00000000a5100000| PB 0x00000000a5100000| Untracked 
|  54|0x00000000a5200000, 0x00000000a5200000, 0x00000000a5300000|  0%| F|  |TAMS 0x00000000a5200000| PB 0x00000000a5200000| Untracked 
|  55|0x00000000a5300000, 0x00000000a5300000, 0x00000000a5400000|  0%| F|  |TAMS 0x00000000a5300000| PB 0x00000000a5300000| Untracked 
|  56|0x00000000a5400000, 0x00000000a5400000, 0x00000000a5500000|  0%| F|  |TAMS 0x00000000a5400000| PB 0x00000000a5400000| Untracked 
|  57|0x00000000a5500000, 0x00000000a5500000, 0x00000000a5600000|  0%| F|  |TAMS 0x00000000a5500000| PB 0x00000000a5500000| Untracked 
|  58|0x00000000a5600000, 0x00000000a5600000, 0x00000000a5700000|  0%| F|  |TAMS 0x00000000a5600000| PB 0x00000000a5600000| Untracked 
|  59|0x00000000a5700000, 0x00000000a5700000, 0x00000000a5800000|  0%| F|  |TAMS 0x00000000a5700000| PB 0x00000000a5700000| Untracked 
|  60|0x00000000a5800000, 0x00000000a5800000, 0x00000000a5900000|  0%| F|  |TAMS 0x00000000a5800000| PB 0x00000000a5800000| Untracked 
|  61|0x00000000a5900000, 0x00000000a5900000, 0x00000000a5a00000|  0%| F|  |TAMS 0x00000000a5900000| PB 0x00000000a5900000| Untracked 
|  62|0x00000000a5a00000, 0x00000000a5a00000, 0x00000000a5b00000|  0%| F|  |TAMS 0x00000000a5a00000| PB 0x00000000a5a00000| Untracked 
|  63|0x00000000a5b00000, 0x00000000a5b00000, 0x00000000a5c00000|  0%| F|  |TAMS 0x00000000a5b00000| PB 0x00000000a5b00000| Untracked 
|  64|0x00000000a5c00000, 0x00000000a5c00000, 0x00000000a5d00000|  0%| F|  |TAMS 0x00000000a5c00000| PB 0x00000000a5c00000| Untracked 
|  65|0x00000000a5d00000, 0x00000000a5d00000, 0x00000000a5e00000|  0%| F|  |TAMS 0x00000000a5d00000| PB 0x00000000a5d00000| Untracked 
|  66|0x00000000a5e00000, 0x00000000a5e00000, 0x00000000a5f00000|  0%| F|  |TAMS 0x00000000a5e00000| PB 0x00000000a5e00000| Untracked 
|  67|0x00000000a5f00000, 0x00000000a5f00000, 0x00000000a6000000|  0%| F|  |TAMS 0x00000000a5f00000| PB 0x00000000a5f00000| Untracked 
|  68|0x00000000a6000000, 0x00000000a6000000, 0x00000000a6100000|  0%| F|  |TAMS 0x00000000a6000000| PB 0x00000000a6000000| Untracked 
|  69|0x00000000a6100000, 0x00000000a6100000, 0x00000000a6200000|  0%| F|  |TAMS 0x00000000a6100000| PB 0x00000000a6100000| Untracked 
|  70|0x00000000a6200000, 0x00000000a6200000, 0x00000000a6300000|  0%| F|  |TAMS 0x00000000a6200000| PB 0x00000000a6200000| Untracked 
|  71|0x00000000a6300000, 0x00000000a6300000, 0x00000000a6400000|  0%| F|  |TAMS 0x00000000a6300000| PB 0x00000000a6300000| Untracked 
|  72|0x00000000a6400000, 0x00000000a6400000, 0x00000000a6500000|  0%| F|  |TAMS 0x00000000a6400000| PB 0x00000000a6400000| Untracked 
|  73|0x00000000a6500000, 0x00000000a6500000, 0x00000000a6600000|  0%| F|  |TAMS 0x00000000a6500000| PB 0x00000000a6500000| Untracked 
|  74|0x00000000a6600000, 0x00000000a6600000, 0x00000000a6700000|  0%| F|  |TAMS 0x00000000a6600000| PB 0x00000000a6600000| Untracked 
|  75|0x00000000a6700000, 0x00000000a6700000, 0x00000000a6800000|  0%| F|  |TAMS 0x00000000a6700000| PB 0x00000000a6700000| Untracked 
|  76|0x00000000a6800000, 0x00000000a6800000, 0x00000000a6900000|  0%| F|  |TAMS 0x00000000a6800000| PB 0x00000000a6800000| Untracked 
|  77|0x00000000a6900000, 0x00000000a6900000, 0x00000000a6a00000|  0%| F|  |TAMS 0x00000000a6900000| PB 0x00000000a6900000| Untracked 
|  78|0x00000000a6a00000, 0x00000000a6a00000, 0x00000000a6b00000|  0%| F|  |TAMS 0x00000000a6a00000| PB 0x00000000a6a00000| Untracked 
|  79|0x00000000a6b00000, 0x00000000a6b00000, 0x00000000a6c00000|  0%| F|  |TAMS 0x00000000a6b00000| PB 0x00000000a6b00000| Untracked 
|  80|0x00000000a6c00000, 0x00000000a6c00000, 0x00000000a6d00000|  0%| F|  |TAMS 0x00000000a6c00000| PB 0x00000000a6c00000| Untracked 
|  81|0x00000000a6d00000, 0x00000000a6d00000, 0x00000000a6e00000|  0%| F|  |TAMS 0x00000000a6d00000| PB 0x00000000a6d00000| Untracked 
|  82|0x00000000a6e00000, 0x00000000a6e00000, 0x00000000a6f00000|  0%| F|  |TAMS 0x00000000a6e00000| PB 0x00000000a6e00000| Untracked 
|  83|0x00000000a6f00000, 0x00000000a6f00000, 0x00000000a7000000|  0%| F|  |TAMS 0x00000000a6f00000| PB 0x00000000a6f00000| Untracked 
|  84|0x00000000a7000000, 0x00000000a7000000, 0x00000000a7100000|  0%| F|  |TAMS 0x00000000a7000000| PB 0x00000000a7000000| Untracked 
|  85|0x00000000a7100000, 0x00000000a7100000, 0x00000000a7200000|  0%| F|  |TAMS 0x00000000a7100000| PB 0x00000000a7100000| Untracked 
|  86|0x00000000a7200000, 0x00000000a7200000, 0x00000000a7300000|  0%| F|  |TAMS 0x00000000a7200000| PB 0x00000000a7200000| Untracked 
|  87|0x00000000a7300000, 0x00000000a7300000, 0x00000000a7400000|  0%| F|  |TAMS 0x00000000a7300000| PB 0x00000000a7300000| Untracked 
|  88|0x00000000a7400000, 0x00000000a7400000, 0x00000000a7500000|  0%| F|  |TAMS 0x00000000a7400000| PB 0x00000000a7400000| Untracked 
|  89|0x00000000a7500000, 0x00000000a75ec108, 0x00000000a7600000| 92%| E|  |TAMS 0x00000000a7500000| PB 0x00000000a7500000| Complete 
|  90|0x00000000a7600000, 0x00000000a7700000, 0x00000000a7700000|100%| E|CS|TAMS 0x00000000a7600000| PB 0x00000000a7600000| Complete 
|  91|0x00000000a7700000, 0x00000000a7800000, 0x00000000a7800000|100%| E|CS|TAMS 0x00000000a7700000| PB 0x00000000a7700000| Complete 
|  92|0x00000000a7800000, 0x00000000a7900000, 0x00000000a7900000|100%| E|CS|TAMS 0x00000000a7800000| PB 0x00000000a7800000| Complete 
|  93|0x00000000a7900000, 0x00000000a7a00000, 0x00000000a7a00000|100%| E|CS|TAMS 0x00000000a7900000| PB 0x00000000a7900000| Complete 
|  94|0x00000000a7a00000, 0x00000000a7b00000, 0x00000000a7b00000|100%| E|CS|TAMS 0x00000000a7a00000| PB 0x00000000a7a00000| Complete 
|  95|0x00000000a7b00000, 0x00000000a7c00000, 0x00000000a7c00000|100%| E|CS|TAMS 0x00000000a7b00000| PB 0x00000000a7b00000| Complete 

Card table byte_map: [0x000001e9bbd10000,0x000001e9bc010000] _byte_map_base: 0x000001e9bb802000

Marking Bits: (CMBitMap*) 0x000001e9a42d3300
 Bits: [0x000001e9bc010000, 0x000001e9bd7a0000)

Polling page: 0x000001e9a2270000

Metaspace:

Usage:
  Non-class:      4.91 MB used.
      Class:    635.86 KB used.
       Both:      5.53 MB used.

Virtual space:
  Non-class space:       64.00 MB reserved,       5.00 MB (  8%) committed,  1 nodes.
      Class space:        1.00 GB reserved,     768.00 KB ( <1%) committed,  1 nodes.
             Both:        1.06 GB reserved,       5.75 MB ( <1%) committed. 

Chunk freelists:
   Non-Class:  10.66 MB
       Class:  15.24 MB
        Both:  25.90 MB

MaxMetaspaceSize: unlimited
CompressedClassSpaceSize: 1.00 GB
Initial GC threshold: 21.00 MB
Current GC threshold: 21.00 MB
CDS: on
 - commit_granule_bytes: 65536.
 - commit_granule_words: 8192.
 - virtual_space_node_default_size: 8388608.
 - enlarge_chunks_in_place: 1.
 - use_allocation_guard: 0.


Internal statistics:

num_allocs_failed_limit: 0.
num_arena_births: 120.
num_arena_deaths: 0.
num_vsnodes_births: 2.
num_vsnodes_deaths: 0.
num_space_committed: 92.
num_space_uncommitted: 0.
num_chunks_returned_to_freelist: 0.
num_chunks_taken_from_freelist: 179.
num_chunk_merges: 0.
num_chunk_splits: 95.
num_chunks_enlarged: 25.
num_inconsistent_stats: 0.

CodeHeap 'non-profiled nmethods': size=120000Kb used=186Kb max_used=186Kb free=119813Kb
 bounds [0x000001e9b41b0000, 0x000001e9b4420000, 0x000001e9bb6e0000]
CodeHeap 'profiled nmethods': size=120000Kb used=828Kb max_used=828Kb free=119171Kb
 bounds [0x000001e9ac6e0000, 0x000001e9ac950000, 0x000001e9b3c10000]
CodeHeap 'non-nmethods': size=5760Kb used=1424Kb max_used=1438Kb free=4335Kb
 bounds [0x000001e9b3c10000, 0x000001e9b3e80000, 0x000001e9b41b0000]
 total_blobs=1113 nmethods=596 adapters=422
 compilation: enabled
              stopped_count=0, restarted_count=0
 full_count=0

Compilation events (20 events):
Event: 0.471 Thread 0x000001e9c01cdb90  588       1       javax.swing.text.GapVector::getArray (5 bytes)
Event: 0.471 Thread 0x000001e9c01cdb90 nmethod 588 0x000001e9b41ddc90 code [0x000001e9b41dde20, 0x000001e9b41ddee8]
Event: 0.471 Thread 0x000001e9c01cdb90  584       1       java.awt.Component::getObjectLock (5 bytes)
Event: 0.471 Thread 0x000001e9c01cdb90 nmethod 584 0x000001e9b41ddf90 code [0x000001e9b41de120, 0x000001e9b41de1f0]
Event: 0.471 Thread 0x000001e9c01cdb90  589       1       java.lang.Boolean::booleanValue (5 bytes)
Event: 0.471 Thread 0x000001e9c01cdb90 nmethod 589 0x000001e9b41de290 code [0x000001e9b41de420, 0x000001e9b41de4f0]
Event: 0.474 Thread 0x000001e9c01cdb90  590   !   3       java.nio.DirectIntBufferU::get (34 bytes)
Event: 0.475 Thread 0x000001e9c01cdb90 nmethod 590 0x000001e9ac7ab610 code [0x000001e9ac7ab860, 0x000001e9ac7ac1b0]
Event: 0.476 Thread 0x000001e9c01cdb90  591       3       java.nio.DirectIntBufferU::ix (10 bytes)
Event: 0.476 Thread 0x000001e9c01cdb90 nmethod 591 0x000001e9ac7ac690 code [0x000001e9ac7ac820, 0x000001e9ac7ac940]
Event: 0.476 Thread 0x000001e9c01cdb90  592   !   3       java.lang.ref.ReferenceQueue::poll (40 bytes)
Event: 0.477 Thread 0x000001e9c01cd0f0  593 %     4       java.lang.StringLatin1::indexOfChar @ 7 (33 bytes)
Event: 0.477 Thread 0x000001e9c01cdb90 nmethod 592 0x000001e9ac7aca10 code [0x000001e9ac7acc80, 0x000001e9ac7ad710]
Event: 0.479 Thread 0x000001e9c01cdb90  594       3       java.lang.ClassLoader::checkName (37 bytes)
Event: 0.479 Thread 0x000001e9c01cdb90 nmethod 594 0x000001e9ac7ada90 code [0x000001e9ac7adcc0, 0x000001e9ac7ae520]
Event: 0.479 Thread 0x000001e9c01cdb90  595       3       jdk.internal.util.Preconditions::checkFromIndexSize (25 bytes)
Event: 0.480 Thread 0x000001e9c01cdb90 nmethod 595 0x000001e9ac7ae890 code [0x000001e9ac7aea40, 0x000001e9ac7aebf8]
Event: 0.480 Thread 0x000001e9c01cdb90  596       3       jdk.internal.misc.VM::isBooted (13 bytes)
Event: 0.480 Thread 0x000001e9c01cdb90 nmethod 596 0x000001e9ac7aed10 code [0x000001e9ac7aeea0, 0x000001e9ac7aeff8]
Event: 0.481 Thread 0x000001e9c01cd0f0 nmethod 593% 0x000001e9b41de590 code [0x000001e9b41de720, 0x000001e9b41de940]

GC Heap History (0 events):
No events

Dll operation events (8 events):
Event: 0.010 Loaded shared library A:\java1.8\bin\java.dll
Event: 0.048 Loaded shared library A:\java1.8\bin\jsvml.dll
Event: 0.084 Loaded shared library A:\java1.8\bin\net.dll
Event: 0.086 Loaded shared library A:\java1.8\bin\nio.dll
Event: 0.114 Loaded shared library A:\java1.8\bin\zip.dll
Event: 0.139 Loaded shared library A:\java1.8\bin\jimage.dll
Event: 0.160 Loaded shared library A:\java1.8\bin\awt.dll
Event: 0.280 Loaded shared library A:\java1.8\bin\javaaccessbridge.dll

Deoptimization events (4 events):
Event: 0.337 Thread 0x000001e9a208a980 Uncommon trap: trap_request=0xffffff45 fr.pc=0x000001e9b41bf6e4 relative=0x0000000000000a04
Event: 0.337 Thread 0x000001e9a208a980 Uncommon trap: reason=unstable_if action=reinterpret pc=0x000001e9b41bf6e4 method=java.util.HashMap.putVal(ILjava/lang/Object;Ljava/lang/Object;ZZ)Ljava/lang/Object; @ 236 c2
Event: 0.337 Thread 0x000001e9a208a980 DEOPT PACKING pc=0x000001e9b41bf6e4 sp=0x00000007ffbfd8f0
Event: 0.337 Thread 0x000001e9a208a980 DEOPT UNPACKING pc=0x000001e9b3c646a2 sp=0x00000007ffbfd8a8 mode 2

Classes loaded (20 events):
Event: 0.466 Loading class javax/swing/plaf/synth/SynthUI
Event: 0.466 Loading class javax/swing/plaf/synth/SynthConstants
Event: 0.466 Loading class javax/swing/plaf/synth/SynthConstants done
Event: 0.466 Loading class javax/swing/plaf/synth/SynthUI done
Event: 0.466 Loading class javax/swing/JTextArea
Event: 0.466 Loading class javax/swing/JTextArea done
Event: 0.466 Loading class javax/swing/JEditorPane
Event: 0.467 Loading class javax/swing/JEditorPane done
Event: 0.467 Loading class javax/swing/DefaultBoundedRangeModel
Event: 0.467 Loading class javax/swing/BoundedRangeModel
Event: 0.467 Loading class javax/swing/BoundedRangeModel done
Event: 0.467 Loading class javax/swing/DefaultBoundedRangeModel done
Event: 0.468 Loading class javax/swing/JTextField$ScrollRepainter
Event: 0.468 Loading class javax/swing/JTextField$ScrollRepainter done
Event: 0.481 Loading class java/util/concurrent/Executors
Event: 0.481 Loading class java/util/concurrent/Executors done
Event: 0.482 Loading class java/util/concurrent/Executors$AutoShutdownDelegatedExecutorService
Event: 0.482 Loading class java/util/concurrent/Executors$DelegatedExecutorService
Event: 0.482 Loading class java/util/concurrent/Executors$DelegatedExecutorService done
Event: 0.482 Loading class java/util/concurrent/Executors$AutoShutdownDelegatedExecutorService done

Classes unloaded (0 events):
No events

Classes redefined (0 events):
No events

Internal exceptions (14 events):
Event: 0.088 Thread 0x000001e9a208a980 Exception <a 'sun/nio/fs/WindowsException'{0x00000000a7a443c8}> (0x00000000a7a443c8) 
thrown [s\open\src\hotspot\share\prims\jni.cpp, line 520]
Event: 0.091 Thread 0x000001e9a208a980 Exception <a 'sun/nio/fs/WindowsException'{0x00000000a7a469e8}> (0x00000000a7a469e8) 
thrown [s\open\src\hotspot\share\prims\jni.cpp, line 520]
Event: 0.091 Thread 0x000001e9a208a980 Exception <a 'sun/nio/fs/WindowsException'{0x00000000a7a47590}> (0x00000000a7a47590) 
thrown [s\open\src\hotspot\share\prims\jni.cpp, line 520]
Event: 0.092 Thread 0x000001e9a208a980 Exception <a 'sun/nio/fs/WindowsException'{0x00000000a7a480e8}> (0x00000000a7a480e8) 
thrown [s\open\src\hotspot\share\prims\jni.cpp, line 520]
Event: 0.092 Thread 0x000001e9a208a980 Exception <a 'sun/nio/fs/WindowsException'{0x00000000a7a48c48}> (0x00000000a7a48c48) 
thrown [s\open\src\hotspot\share\prims\jni.cpp, line 520]
Event: 0.146 Thread 0x000001e9a208a980 Exception <a 'java/lang/ClassNotFoundException'{0x00000000a7984c98}: sun/awt/resources/spi/awtProvider> (0x00000000a7984c98) 
thrown [s\open\src\hotspot\share\classfile\systemDictionary.cpp, line 312]
Event: 0.285 Thread 0x000001e9a208a980 Exception <a 'java/lang/ClassNotFoundException'{0x00000000a7866420}: com/sun/accessibility/internal/resources/spi/accessibilityProvider> (0x00000000a7866420) 
thrown [s\open\src\hotspot\share\classfile\systemDictionary.cpp, line 312]
Event: 0.315 Thread 0x000001e9a208a980 Exception <a 'java/lang/NoSuchMethodError'{0x00000000a7736fb0}: 'void java.lang.invoke.DirectMethodHandle$Holder.invokeStatic(java.lang.Object, java.lang.Object)'> (0x00000000a7736fb0) 
thrown [s\open\src\hotspot\share\interpreter\linkResolver.cpp, line 773]
Event: 0.341 Thread 0x000001e9a208a980 Exception <a 'java/lang/NoSuchMethodError'{0x00000000a7754d78}: 'void java.lang.invoke.DirectMethodHandle$Holder.invokeSpecial(java.lang.Object, java.lang.Object, java.lang.Object)'> (0x00000000a7754d78) 
thrown [s\open\src\hotspot\share\interpreter\linkResolver.cpp, line 773]
Event: 0.359 Thread 0x000001e9a208a980 Exception <a 'java/lang/NoSuchMethodError'{0x00000000a77f02d8}: 'java.lang.Object java.lang.invoke.DirectMethodHandle$Holder.newInvokeSpecial(java.lang.Object, java.lang.Object, java.lang.Object, java.lang.Object, java.lang.Object)'> (0x00000000a77f02d8) 
thrown [s\open\src\hotspot\share\interpreter\linkResolver.cpp, line 773]
Event: 0.374 Thread 0x000001e9a208a980 Exception <a 'java/lang/NoSuchMethodError'{0x00000000a761c8a8}: 'java.lang.Object java.lang.invoke.DirectMethodHandle$Holder.invokeStatic(java.lang.Object, int, java.lang.Object)'> (0x00000000a761c8a8) 
thrown [s\open\src\hotspot\share\interpreter\linkResolver.cpp, line 773]
Event: 0.416 Thread 0x000001e9a208a980 Exception <a 'java/lang/ClassNotFoundException'{0x00000000a7531ce0}: com/sun/swing/internal/plaf/metal/resources/spi/metalProvider> (0x00000000a7531ce0) 
thrown [s\open\src\hotspot\share\classfile\systemDictionary.cpp, line 312]
Event: 0.418 Thread 0x000001e9a208a980 Exception <a 'java/lang/ClassNotFoundException'{0x00000000a7535c40}: com/sun/swing/internal/plaf/basic/resources/spi/basicProvider> (0x00000000a7535c40) 
thrown [s\open\src\hotspot\share\classfile\systemDictionary.cpp, line 312]
Event: 0.433 Thread 0x000001e9a208a980 Exception <a 'java/lang/NoSuchMethodError'{0x00000000a7554b30}: 'int java.lang.invoke.Invokers$Holder.invokeExact_MT(java.lang.Object, java.lang.Object)'> (0x00000000a7554b30) 
thrown [s\open\src\hotspot\share\interpreter\linkResolver.cpp, line 773]

ZGC Phase Switch (0 events):
No events

VM Operations (4 events):
Event: 0.093 Executing VM operation: HandshakeAllThreads (Deoptimize)
Event: 0.093 Executing VM operation: HandshakeAllThreads (Deoptimize) done
Event: 0.462 Executing VM operation: HandshakeAllThreads (Deoptimize)
Event: 0.462 Executing VM operation: HandshakeAllThreads (Deoptimize) done

Events (18 events):
Event: 0.029 Thread 0x000001e9a208a980 Thread added: 0x000001e9a208a980
Event: 0.045 Thread 0x000001e9c01b0090 Thread added: 0x000001e9c01b0090
Event: 0.045 Thread 0x000001e9c01b0fb0 Thread added: 0x000001e9c01b0fb0
Event: 0.045 Thread 0x000001e9c01b3510 Thread added: 0x000001e9c01b3510
Event: 0.045 Thread 0x000001e9c01b43d0 Thread added: 0x000001e9c01b43d0
Event: 0.045 Thread 0x000001e9c01ba420 Thread added: 0x000001e9c01ba420
Event: 0.045 Thread 0x000001e9c01bcc00 Thread added: 0x000001e9c01bcc00
Event: 0.046 Thread 0x000001e9c01cd0f0 Thread added: 0x000001e9c01cd0f0
Event: 0.046 Thread 0x000001e9c01cdb90 Thread added: 0x000001e9c01cdb90
Event: 0.069 Thread 0x000001e9c01bd290 Thread added: 0x000001e9c01bd290
Event: 0.106 Thread 0x000001e9c01bf360 Thread added: 0x000001e9c01bf360
Event: 0.113 Thread 0x000001e9c04bd3a0 Thread added: 0x000001e9c04bd3a0
Event: 0.245 Thread 0x000001e9c01be640 Thread added: 0x000001e9c01be640
Event: 0.247 Thread 0x000001e9c01bd920 Thread added: 0x000001e9c01bd920
Event: 0.250 Thread 0x000001e9c01becd0 Thread added: 0x000001e9c01becd0
Event: 0.296 Thread 0x000001e9c01bbee0 Thread added: 0x000001e9c01bbee0
Event: 0.297 Thread 0x000001e9c04bd3a0 Thread exited: 0x000001e9c04bd3a0
Event: 0.312 Thread 0x000001e9c01bc570 Thread added: 0x000001e9c01bc570


Dynamic libraries:
0x00007ff669fd0000 - 0x00007ff669fe0000 	A:\java1.8\bin\java.exe
0x00007ffa4f0d0000 - 0x00007ffa4f2e7000 	C:\WINDOWS\SYSTEM32\ntdll.dll
0x00007ffa12890000 - 0x00007ffa128aa000 	C:\Program Files\Avast Software\Avast\aswhook.dll
0x00007ffa4eb40000 - 0x00007ffa4ec04000 	C:\WINDOWS\System32\KERNEL32.DLL
0x00007ffa4c810000 - 0x00007ffa4cbbd000 	C:\WINDOWS\System32\KERNELBASE.dll
0x00007ffa4cc60000 - 0x00007ffa4cd71000 	C:\WINDOWS\System32\ucrtbase.dll
0x00007ffa481b0000 - 0x00007ffa481c9000 	A:\java1.8\bin\jli.dll
0x00007ffa38f90000 - 0x00007ffa38fab000 	A:\java1.8\bin\VCRUNTIME140.dll
0x00007ffa4ecb0000 - 0x00007ffa4ed62000 	C:\WINDOWS\System32\ADVAPI32.dll
0x00007ffa4e060000 - 0x00007ffa4e107000 	C:\WINDOWS\System32\msvcrt.dll
0x00007ffa4cf20000 - 0x00007ffa4cfc9000 	C:\WINDOWS\System32\sechost.dll
0x00007ffa4c7e0000 - 0x00007ffa4c808000 	C:\WINDOWS\System32\bcrypt.dll
0x00007ffa4ea20000 - 0x00007ffa4eb34000 	C:\WINDOWS\System32\RPCRT4.dll
0x00007ffa4dc70000 - 0x00007ffa4de1e000 	C:\WINDOWS\System32\USER32.dll
0x00007ffa4cc30000 - 0x00007ffa4cc56000 	C:\WINDOWS\System32\win32u.dll
0x00007ffa3bd40000 - 0x00007ffa3bfd3000 	C:\WINDOWS\WinSxS\amd64_microsoft.windows.common-controls_6595b64144ccf1df_6.0.22621.3672_none_2713b9d173822955\COMCTL32.dll
0x00007ffa4d840000 - 0x00007ffa4d869000 	C:\WINDOWS\System32\GDI32.dll
0x00007ffa4c3f0000 - 0x00007ffa4c509000 	C:\WINDOWS\System32\gdi32full.dll
0x00007ffa4c740000 - 0x00007ffa4c7da000 	C:\WINDOWS\System32\msvcp_win.dll
0x00007ffa43ed0000 - 0x00007ffa43eda000 	C:\WINDOWS\SYSTEM32\VERSION.dll
0x00007ffa4e170000 - 0x00007ffa4e1a1000 	C:\WINDOWS\System32\IMM32.DLL
0x00007ffa38f80000 - 0x00007ffa38f8c000 	A:\java1.8\bin\vcruntime140_1.dll
0x00007ffa38bc0000 - 0x00007ffa38c4e000 	A:\java1.8\bin\msvcp140.dll
0x00007ffa38fb0000 - 0x00007ffa39cc5000 	A:\java1.8\bin\server\jvm.dll
0x00007ffa4dbf0000 - 0x00007ffa4dc61000 	C:\WINDOWS\System32\WS2_32.dll
0x00007ffa44780000 - 0x00007ffa447b4000 	C:\WINDOWS\SYSTEM32\WINMM.dll
0x00007ffa4c2c0000 - 0x00007ffa4c30d000 	C:\WINDOWS\SYSTEM32\POWRPROF.dll
0x00007ffa4c2a0000 - 0x00007ffa4c2b3000 	C:\WINDOWS\SYSTEM32\UMPDC.dll
0x00007ffa4b440000 - 0x00007ffa4b458000 	C:\WINDOWS\SYSTEM32\kernel.appcore.dll
0x00007ffa38f10000 - 0x00007ffa38f1a000 	A:\java1.8\bin\jimage.dll
0x00007ffa43160000 - 0x00007ffa43392000 	C:\WINDOWS\SYSTEM32\DBGHELP.DLL
0x00007ffa4e630000 - 0x00007ffa4e9be000 	C:\WINDOWS\System32\combase.dll
0x00007ffa4ed90000 - 0x00007ffa4ee67000 	C:\WINDOWS\System32\OLEAUT32.dll
0x00007ffa41dd0000 - 0x00007ffa41e02000 	C:\WINDOWS\SYSTEM32\dbgcore.DLL
0x00007ffa4cd80000 - 0x00007ffa4cdfb000 	C:\WINDOWS\System32\bcryptPrimitives.dll
0x00007ffa38f20000 - 0x00007ffa38f3f000 	A:\java1.8\bin\java.dll
0x00007ffa4cfd0000 - 0x00007ffa4d837000 	C:\WINDOWS\System32\SHELL32.dll
0x00007ffa4a370000 - 0x00007ffa4ac6f000 	C:\WINDOWS\SYSTEM32\windows.storage.dll
0x00007ffa4a230000 - 0x00007ffa4a36f000 	C:\WINDOWS\SYSTEM32\wintypes.dll
0x00007ffa4ce00000 - 0x00007ffa4cef9000 	C:\WINDOWS\System32\SHCORE.dll
0x00007ffa4e110000 - 0x00007ffa4e16e000 	C:\WINDOWS\System32\shlwapi.dll
0x00007ffa4c320000 - 0x00007ffa4c347000 	C:\WINDOWS\SYSTEM32\profapi.dll
0x00007ffa38e30000 - 0x00007ffa38f07000 	A:\java1.8\bin\jsvml.dll
0x00007ffa38e20000 - 0x00007ffa38e30000 	A:\java1.8\bin\net.dll
0x00007ffa45870000 - 0x00007ffa459a6000 	C:\WINDOWS\SYSTEM32\WINHTTP.dll
0x00007ffa4b8b0000 - 0x00007ffa4b919000 	C:\WINDOWS\system32\mswsock.dll
0x00007ffa38e00000 - 0x00007ffa38e16000 	A:\java1.8\bin\nio.dll
0x00007ffa38de0000 - 0x00007ffa38df8000 	A:\java1.8\bin\zip.dll
0x00007ffa38c50000 - 0x00007ffa38ddf000 	A:\java1.8\bin\awt.dll
0x00007ffa49700000 - 0x00007ffa49797000 	C:\WINDOWS\SYSTEM32\apphelp.dll
0x00007ffa49bc0000 - 0x00007ffa49beb000 	C:\WINDOWS\system32\DWMAPI.DLL
0x00007ffa49980000 - 0x00007ffa49a31000 	C:\WINDOWS\system32\uxtheme.dll
0x00007ff9b8e10000 - 0x00007ff9b8f10000 	C:\WINDOWS\system32\opengl32.dll
0x00007ff9b88c0000 - 0x00007ff9b88ed000 	C:\WINDOWS\SYSTEM32\GLU32.dll
0x00007ffa49a70000 - 0x00007ffa49aa7000 	C:\WINDOWS\SYSTEM32\dxcore.dll
0x00007ffa4da40000 - 0x00007ffa4db9e000 	C:\WINDOWS\System32\MSCTF.dll
0x00007ffa0e5f0000 - 0x00007ffa0e622000 	C:\Users\DELL\ashish pvt\Password Door\TLPD64.DLL
0x00007ffa4d890000 - 0x00007ffa4da35000 	C:\WINDOWS\System32\ole32.dll
0x00007ffa38200000 - 0x00007ffa3824a000 	A:\java1.8\bin\javaaccessbridge.dll
0x00007ffa47690000 - 0x00007ffa47697000 	A:\java1.8\bin\jawt.dll

dbghelp: loaded successfully - version: 4.0.5 - missing functions: none
symbol engine: initialized successfully - sym options: 0x614 - pdb path: .;A:\java1.8\bin;C:\WINDOWS\SYSTEM32;C:\Program Files\Avast Software\Avast;C:\WINDOWS\WinSxS\amd64_microsoft.windows.common-controls_6595b64144ccf1df_6.0.22621.3672_none_2713b9d173822955;A:\java1.8\bin\server;C:\Users\DELL\ashish pvt\Password Door

VM Arguments:
jvm_args: -Dfile.encoding=UTF-8 --module-path=C:\Users\DELL\OneDrive\Documents\NetBeansProjects\Car Management System\build\classes 
java_command: Car.PaymentSystem
java_class_path (initial): C:\mysql-connector-j-8.3.0.jar;C:\Users\DELL\OneDrive\Documents\NetBeansProjects\Car Management System\build\classes
Launcher Type: SUN_STANDARD

[Global flags]
     intx CICompilerCount                          = 4                                         {product} {ergonomic}
     uint ConcGCThreads                            = 2                                         {product} {ergonomic}
     uint G1ConcRefinementThreads                  = 8                                         {product} {ergonomic}
   size_t G1HeapRegionSize                         = 1048576                                   {product} {ergonomic}
    uintx GCDrainStackTargetSize                   = 64                                        {product} {ergonomic}
   size_t InitialHeapSize                          = 100663296                                 {product} {ergonomic}
   size_t MarkStackSize                            = 4194304                                   {product} {ergonomic}
   size_t MaxHeapSize                              = 1581252608                                {product} {ergonomic}
   size_t MaxNewSize                               = 947912704                                 {product} {ergonomic}
   size_t MinHeapDeltaBytes                        = 1048576                                   {product} {ergonomic}
   size_t MinHeapSize                              = 8388608                                   {product} {ergonomic}
    uintx NonNMethodCodeHeapSize                   = 5839372                                {pd product} {ergonomic}
    uintx NonProfiledCodeHeapSize                  = 122909434                              {pd product} {ergonomic}
    uintx ProfiledCodeHeapSize                     = 122909434                              {pd product} {ergonomic}
    uintx ReservedCodeCacheSize                    = 251658240                              {pd product} {ergonomic}
     bool SegmentedCodeCache                       = true                                      {product} {ergonomic}
   size_t SoftMaxHeapSize                          = 1581252608                             {manageable} {ergonomic}
     bool UseCompressedOops                        = true                           {product lp64_product} {ergonomic}
     bool UseG1GC                                  = true                                      {product} {ergonomic}
     bool UseLargePagesIndividualAllocation        = false                                  {pd product} {ergonomic}

Logging:
Log output configuration:
 #0: stdout all=warning uptime,level,tags foldmultilines=false
 #1: stderr all=off uptime,level,tags foldmultilines=false

Environment Variables:
CLASSPATH=A:\JDBC\mysql-connector-j-8.3.0.jar;.;
PATH=C:\Program Files\Common Files\Oracle\Java\javapath;A:\java\bin;c:\Program Files (x86)\Microsoft SQL Server\90\Tools\binn\;C:\Program Files\dotnet\;C:\WINDOWS\system32;C:\WINDOWS;C:\WINDOWS\System32\Wbem;C:\WINDOWS\System32\WindowsPowerShell\v1.0\;C:\WINDOWS\System32\OpenSSH\;A:\NodeJs\;C:\Program Files (x86)\Microsoft SQL Server\120\DTS\Binn\;C:\Program Files (x86)\Microsoft SQL Server\Client SDK\ODBC\110\Tools\Binn\;C:\Program Files (x86)\Microsoft SQL Server\120\Tools\Binn\;C:\Program Files (x86)\Microsoft SQL Server\120\Tools\Binn\ManagementStudio\;C:\Users\DELL\AppData\Local\Programs\Python\Launcher\;C:\Program Files\MySQL\MySQL Shell 8.0\bin\;A:\java\bin;;A:\intellij\IntelliJ IDEA Community Edition 2023.3.1\bin;;C:\Users\DELL\AppData\Local\Microsoft\WindowsApps;C:\Users\DELL\AppData\Local\Programs\Microsoft VS Code\bin;C:\Users\DELL\AppData\Roaming\npm
USERNAME=DELL
OS=Windows_NT
PROCESSOR_IDENTIFIER=AMD64 Family 23 Model 24 Stepping 1, AuthenticAMD
TMP=C:\Users\DELL\AppData\Local\Temp
TEMP=C:\Users\DELL\AppData\Local\Temp




Periodic native trim disabled

---------------  S Y S T E M  ---------------

OS:
 Windows 11 , 64 bit Build 22621 (10.0.22621.3958)
OS uptime: 0 days 3:24 hours

CPU: total 8 (initial active 8) (8 cores per cpu, 2 threads per core) family 23 model 24 stepping 1 microcode 0x0, cx8, cmov, fxsr, ht, mmx, 3dnowpref, sse, sse2, sse3, ssse3, sse4a, sse4.1, sse4.2, popcnt, lzcnt, tsc, tscinvbit, avx, avx2, aes, clmul, bmi1, bmi2, adx, sha, fma, vzeroupper, clflush, clflushopt, rdtscp, f16c
Processor Information for all 8 processors :
  Max Mhz: 2100, Current Mhz: 2100, Mhz Limit: 2100

Memory: 4k page, system-wide physical 6030M (442M free)
TotalPageFile size 24462M (AvailPageFile size 0M)
current process WorkingSet (physical memory assigned to process): 54M, peak: 54M
current process commit charge ("private bytes"): 185M, peak: 185M

vm_info: Java HotSpot(TM) 64-Bit Server VM (21.0.1+12-LTS-29) for windows-amd64 JRE (21.0.1+12-LTS-29), built on 2023-10-05T13:27:09Z by "mach5one" with MS VC++ 17.1 (VS2022)

END.
