#
# There is insufficient memory for the Java Runtime Environment to continue.
# Native memory allocation (mmap) failed to map 100663296 bytes for G1 virtual space
# Possible reasons:
#   The system is out of physical RAM or swap space
#   The process is running with CompressedOops enabled, and the Java Heap may be blocking the growth of the native heap
# Possible solutions:
#   Reduce memory load on the system
#   Increase physical memory or swap space
#   Check if swap backing store is full
#   Decrease Java heap size (-Xmx/-Xms)
#   Decrease number of Java threads
#   Decrease Java thread stack sizes (-Xss)
#   Set larger code cache with -XX:ReservedCodeCacheSize=
#   JVM is running with Unscaled Compressed Oops mode in which the Java heap is
#     placed in the first 4GB address space. The Java Heap base address is the
#     maximum limit for the native heap growth. Please use -XX:HeapBaseMinAddress
#     to set the Java Heap base and to place the Java Heap above 4GB virtual address.
# This output file may be truncated or incomplete.
#
#  Out of Memory Error (os_windows.cpp:3600), pid=1692, tid=24356
#
# JRE version:  (21.0.1+12) (build )
# Java VM: Java HotSpot(TM) 64-Bit Server VM (21.0.1+12-LTS-29, mixed mode, sharing, tiered, compressed oops, compressed class ptrs, g1 gc, windows-amd64)
# No core dump will be written. Minidumps are not enabled by default on client versions of Windows
#

---------------  S U M M A R Y ------------

Command Line: -Dfile.encoding=UTF-8 --module-path=C:\Users\DELL\OneDrive\Documents\NetBeansProjects\Car Management System\build\classes Car.PaymentSystem

Host: AMD Ryzen 5 3500U with Radeon Vega Mobile Gfx  , 8 cores, 5G,  Windows 11 , 64 bit Build 22621 (10.0.22621.3958)
Time: Thu Sep 12 16:57:16 2024 India Standard Time elapsed time: 0.015233 seconds (0d 0h 0m 0s)

---------------  T H R E A D  ---------------

Current thread (0x000001af8af911a0):  JavaThread "Unknown thread" [_thread_in_vm, id=24356, stack(0x0000009a9ed00000,0x0000009a9ee00000) (1024K)]

Stack: [0x0000009a9ed00000,0x0000009a9ee00000]
Native frames: (J=compiled Java code, j=interpreted, Vv=VM code, C=native code)
V  [jvm.dll+0x6c9029]
V  [jvm.dll+0x854b81]
V  [jvm.dll+0x856e5e]
V  [jvm.dll+0x857543]
V  [jvm.dll+0x280c06]
V  [jvm.dll+0x6c5715]
V  [jvm.dll+0x6ba10a]
V  [jvm.dll+0x3557ea]
V  [jvm.dll+0x35d436]
V  [jvm.dll+0x3ae1be]
V  [jvm.dll+0x3ae468]
V  [jvm.dll+0x3291fc]
V  [jvm.dll+0x329d8b]
V  [jvm.dll+0x81d179]
V  [jvm.dll+0x3bb4f1]
V  [jvm.dll+0x805ae8]
V  [jvm.dll+0x44effe]
V  [jvm.dll+0x450901]
C  [jli.dll+0x52a3]
C  [ucrtbase.dll+0x29333]
C  [KERNEL32.DLL+0x1257d]
C  [ntdll.dll+0x5af28]


---------------  P R O C E S S  ---------------

Threads class SMR info:
_java_thread_list=0x00007ffa39b79b88, length=0, elements={
}

Java Threads: ( => current thread )
Total: 0

Other Threads:
  0x000001af8af6d620 WorkerThread "GC Thread#0"                     [id=20536, stack(0x0000009a9ee00000,0x0000009a9ef00000) (1024K)]
  0x000001af8b1527a0 ConcurrentGCThread "G1 Main Marker"            [id=16556, stack(0x0000009a9ef00000,0x0000009a9f000000) (1024K)]
  0x000001af8af6ebe0 WorkerThread "G1 Conc#0"                       [id=25088, stack(0x0000009a9f000000,0x0000009a9f100000) (1024K)]

[error occurred during error reporting (printing all threads), id 0xc0000005, EXCEPTION_ACCESS_VIOLATION (0xc0000005) at pc=0x00007ffa392ec2c7]
VM state: not at safepoint (not fully initialized)

VM Mutex/Monitor currently owned by a thread:  ([mutex/lock_event])
[0x00007ffa39bea6f8] Heap_lock - owner thread: 0x000001af8af911a0

Heap address: 0x00000000a1c00000, size: 1508 MB, Compressed Oops mode: 32-bit

CDS archive(s) mapped at: [0x0000000000000000-0x0000000000000000-0x0000000000000000), size 0, SharedBaseAddress: 0x0000000800000000, ArchiveRelocationMode: 1.
Narrow klass base: 0x0000000000000000, Narrow klass shift: 0, Narrow klass range: 0x0

GC Precious Log:
 CardTable entry size: 512
 Card Set container configuration: InlinePtr #cards 5 size 8 Array Of Cards #cards 12 size 40 Howl #buckets 4 coarsen threshold 1843 Howl Bitmap #cards 512 size 80 coarsen threshold 460 Card regions per heap region 1 cards per card region 2048

Heap:
 garbage-first heap   total 0K, used 0K [0x00000000a1c00000, 0x0000000100000000)
  region size 1024K, 0 young (0K), 0 survivors (0K)

[error occurred during error reporting (printing heap information), id 0xc0000005, EXCEPTION_ACCESS_VIOLATION (0xc0000005) at pc=0x00007ffa396d1be9]
GC Heap History (0 events):
No events

Dll operation events (1 events):
Event: 0.011 Loaded shared library A:\java1.8\bin\java.dll

Deoptimization events (0 events):
No events

Classes loaded (0 events):
No events

Classes unloaded (0 events):
No events

Classes redefined (0 events):
No events

Internal exceptions (0 events):
No events

ZGC Phase Switch (0 events):
No events

VM Operations (0 events):
No events

Events (0 events):
No events


Dynamic libraries:
0x00007ff669fd0000 - 0x00007ff669fe0000 	A:\java1.8\bin\java.exe
0x00007ffa4f0d0000 - 0x00007ffa4f2e7000 	C:\WINDOWS\SYSTEM32\ntdll.dll
0x00007ffa12890000 - 0x00007ffa128aa000 	C:\Program Files\Avast Software\Avast\aswhook.dll
0x00007ffa4eb40000 - 0x00007ffa4ec04000 	C:\WINDOWS\System32\KERNEL32.DLL
0x00007ffa4c810000 - 0x00007ffa4cbbd000 	C:\WINDOWS\System32\KERNELBASE.dll
0x00007ffa4cc60000 - 0x00007ffa4cd71000 	C:\WINDOWS\System32\ucrtbase.dll
0x00007ffa481b0000 - 0x00007ffa481c9000 	A:\java1.8\bin\jli.dll
0x00007ffa38f90000 - 0x00007ffa38fab000 	A:\java1.8\bin\VCRUNTIME140.dll
0x00007ffa4ecb0000 - 0x00007ffa4ed62000 	C:\WINDOWS\System32\ADVAPI32.dll
0x00007ffa4e060000 - 0x00007ffa4e107000 	C:\WINDOWS\System32\msvcrt.dll
0x00007ffa4cf20000 - 0x00007ffa4cfc9000 	C:\WINDOWS\System32\sechost.dll
0x00007ffa4c7e0000 - 0x00007ffa4c808000 	C:\WINDOWS\System32\bcrypt.dll
0x00007ffa4ea20000 - 0x00007ffa4eb34000 	C:\WINDOWS\System32\RPCRT4.dll
0x00007ffa4dc70000 - 0x00007ffa4de1e000 	C:\WINDOWS\System32\USER32.dll
0x00007ffa4cc30000 - 0x00007ffa4cc56000 	C:\WINDOWS\System32\win32u.dll
0x00007ffa3bd40000 - 0x00007ffa3bfd3000 	C:\WINDOWS\WinSxS\amd64_microsoft.windows.common-controls_6595b64144ccf1df_6.0.22621.3672_none_2713b9d173822955\COMCTL32.dll
0x00007ffa4d840000 - 0x00007ffa4d869000 	C:\WINDOWS\System32\GDI32.dll
0x00007ffa4c3f0000 - 0x00007ffa4c509000 	C:\WINDOWS\System32\gdi32full.dll
0x00007ffa4c740000 - 0x00007ffa4c7da000 	C:\WINDOWS\System32\msvcp_win.dll
0x00007ffa43ed0000 - 0x00007ffa43eda000 	C:\WINDOWS\SYSTEM32\VERSION.dll
0x00007ffa4e170000 - 0x00007ffa4e1a1000 	C:\WINDOWS\System32\IMM32.DLL
0x00007ffa38f80000 - 0x00007ffa38f8c000 	A:\java1.8\bin\vcruntime140_1.dll
0x00007ffa38bc0000 - 0x00007ffa38c4e000 	A:\java1.8\bin\msvcp140.dll
0x00007ffa38fb0000 - 0x00007ffa39cc5000 	A:\java1.8\bin\server\jvm.dll
0x00007ffa4dbf0000 - 0x00007ffa4dc61000 	C:\WINDOWS\System32\WS2_32.dll
0x00007ffa4c2c0000 - 0x00007ffa4c30d000 	C:\WINDOWS\SYSTEM32\POWRPROF.dll
0x00007ffa44780000 - 0x00007ffa447b4000 	C:\WINDOWS\SYSTEM32\WINMM.dll
0x00007ffa4c2a0000 - 0x00007ffa4c2b3000 	C:\WINDOWS\SYSTEM32\UMPDC.dll
0x00007ffa4b440000 - 0x00007ffa4b458000 	C:\WINDOWS\SYSTEM32\kernel.appcore.dll
0x00007ffa38f10000 - 0x00007ffa38f1a000 	A:\java1.8\bin\jimage.dll
0x00007ffa43160000 - 0x00007ffa43392000 	C:\WINDOWS\SYSTEM32\DBGHELP.DLL
0x00007ffa4e630000 - 0x00007ffa4e9be000 	C:\WINDOWS\System32\combase.dll
0x00007ffa4ed90000 - 0x00007ffa4ee67000 	C:\WINDOWS\System32\OLEAUT32.dll
0x00007ffa41dd0000 - 0x00007ffa41e02000 	C:\WINDOWS\SYSTEM32\dbgcore.DLL
0x00007ffa4cd80000 - 0x00007ffa4cdfb000 	C:\WINDOWS\System32\bcryptPrimitives.dll
0x00007ffa38f20000 - 0x00007ffa38f3f000 	A:\java1.8\bin\java.dll

dbghelp: loaded successfully - version: 4.0.5 - missing functions: none
symbol engine: initialized successfully - sym options: 0x614 - pdb path: .;A:\java1.8\bin;C:\WINDOWS\SYSTEM32;C:\Program Files\Avast Software\Avast;C:\WINDOWS\WinSxS\amd64_microsoft.windows.common-controls_6595b64144ccf1df_6.0.22621.3672_none_2713b9d173822955;A:\java1.8\bin\server

VM Arguments:
jvm_args: -Dfile.encoding=UTF-8 --module-path=C:\Users\DELL\OneDrive\Documents\NetBeansProjects\Car Management System\build\classes 
java_command: Car.PaymentSystem
java_class_path (initial): C:\mysql-connector-j-8.3.0.jar;C:\Users\DELL\OneDrive\Documents\NetBeansProjects\Car Management System\build\classes
Launcher Type: SUN_STANDARD

[Global flags]
     intx CICompilerCount                          = 4                                         {product} {ergonomic}
     uint ConcGCThreads                            = 2                                         {product} {ergonomic}
     uint G1ConcRefinementThreads                  = 8                                         {product} {ergonomic}
   size_t G1HeapRegionSize                         = 1048576                                   {product} {ergonomic}
    uintx GCDrainStackTargetSize                   = 64                                        {product} {ergonomic}
   size_t InitialHeapSize                          = 100663296                                 {product} {ergonomic}
   size_t MarkStackSize                            = 4194304                                   {product} {ergonomic}
   size_t MaxHeapSize                              = 1581252608                                {product} {ergonomic}
   size_t MinHeapDeltaBytes                        = 1048576                                   {product} {ergonomic}
   size_t MinHeapSize                              = 8388608                                   {product} {ergonomic}
    uintx NonNMethodCodeHeapSize                   = 5839372                                {pd product} {ergonomic}
    uintx NonProfiledCodeHeapSize                  = 122909434                              {pd product} {ergonomic}
    uintx ProfiledCodeHeapSize                     = 122909434                              {pd product} {ergonomic}
    uintx ReservedCodeCacheSize                    = 251658240                              {pd product} {ergonomic}
     bool SegmentedCodeCache                       = true                                      {product} {ergonomic}
   size_t SoftMaxHeapSize                          = 1581252608                             {manageable} {ergonomic}
     bool UseCompressedOops                        = true                           {product lp64_product} {ergonomic}
     bool UseG1GC                                  = true                                      {product} {ergonomic}
     bool UseLargePagesIndividualAllocation        = false                                  {pd product} {ergonomic}

Logging:
Log output configuration:
 #0: stdout all=warning uptime,level,tags foldmultilines=false
 #1: stderr all=off uptime,level,tags foldmultilines=false

Environment Variables:
CLASSPATH=A:\JDBC\mysql-connector-j-8.3.0.jar;.;
PATH=C:\Program Files\Common Files\Oracle\Java\javapath;A:\java\bin;c:\Program Files (x86)\Microsoft SQL Server\90\Tools\binn\;C:\Program Files\dotnet\;C:\WINDOWS\system32;C:\WINDOWS;C:\WINDOWS\System32\Wbem;C:\WINDOWS\System32\WindowsPowerShell\v1.0\;C:\WINDOWS\System32\OpenSSH\;A:\NodeJs\;C:\Program Files (x86)\Microsoft SQL Server\120\DTS\Binn\;C:\Program Files (x86)\Microsoft SQL Server\Client SDK\ODBC\110\Tools\Binn\;C:\Program Files (x86)\Microsoft SQL Server\120\Tools\Binn\;C:\Program Files (x86)\Microsoft SQL Server\120\Tools\Binn\ManagementStudio\;C:\Users\DELL\AppData\Local\Programs\Python\Launcher\;C:\Program Files\MySQL\MySQL Shell 8.0\bin\;A:\java\bin;;A:\intellij\IntelliJ IDEA Community Edition 2023.3.1\bin;;C:\Users\DELL\AppData\Local\Microsoft\WindowsApps;C:\Users\DELL\AppData\Local\Programs\Microsoft VS Code\bin;C:\Users\DELL\AppData\Roaming\npm
USERNAME=DELL
OS=Windows_NT
PROCESSOR_IDENTIFIER=AMD64 Family 23 Model 24 Stepping 1, AuthenticAMD
TMP=C:\Users\DELL\AppData\Local\Temp
TEMP=C:\Users\DELL\AppData\Local\Temp




Periodic native trim disabled

---------------  S Y S T E M  ---------------

OS:
 Windows 11 , 64 bit Build 22621 (10.0.22621.3958)
OS uptime: 0 days 3:26 hours

CPU: total 8 (initial active 8) (8 cores per cpu, 2 threads per core) family 23 model 24 stepping 1 microcode 0x0, cx8, cmov, fxsr, ht, mmx, 3dnowpref, sse, sse2, sse3, ssse3, sse4a, sse4.1, sse4.2, popcnt, lzcnt, tsc, tscinvbit, avx, avx2, aes, clmul, bmi1, bmi2, adx, sha, fma, vzeroupper, clflush, clflushopt, rdtscp, f16c
Processor Information for all 8 processors :
  Max Mhz: 2100, Current Mhz: 2100, Mhz Limit: 2100

Memory: 4k page, system-wide physical 6030M (330M free)
TotalPageFile size 24462M (AvailPageFile size 78M)
current process WorkingSet (physical memory assigned to process): 11M, peak: 11M
current process commit charge ("private bytes"): 60M, peak: 156M

vm_info: Java HotSpot(TM) 64-Bit Server VM (21.0.1+12-LTS-29) for windows-amd64 JRE (21.0.1+12-LTS-29), built on 2023-10-05T13:27:09Z by "mach5one" with MS VC++ 17.1 (VS2022)

END.
