#
# There is insufficient memory for the Java Runtime Environment to continue.
# Native memory allocation (malloc) failed to allocate 54256 bytes for Chunk::new
# Possible reasons:
#   The system is out of physical RAM or swap space
#   The process is running with CompressedOops enabled, and the Java Heap may be blocking the growth of the native heap
# Possible solutions:
#   Reduce memory load on the system
#   Increase physical memory or swap space
#   Check if swap backing store is full
#   Decrease Java heap size (-Xmx/-Xms)
#   Decrease number of Java threads
#   Decrease Java thread stack sizes (-Xss)
#   Set larger code cache with -XX:ReservedCodeCacheSize=
#   JVM is running with Unscaled Compressed Oops mode in which the Java heap is
#     placed in the first 4GB address space. The Java Heap base address is the
#     maximum limit for the native heap growth. Please use -XX:HeapBaseMinAddress
#     to set the Java Heap base and to place the Java Heap above 4GB virtual address.
# This output file may be truncated or incomplete.
#
#  Out of Memory Error (arena.cpp:168), pid=25464, tid=8124
#
# JRE version: Java(TM) SE Runtime Environment (21.0.1+12) (build 21.0.1+12-LTS-29)
# Java VM: Java HotSpot(TM) 64-Bit Server VM (21.0.1+12-LTS-29, mixed mode, sharing, tiered, compressed oops, compressed class ptrs, g1 gc, windows-amd64)
# No core dump will be written. Minidumps are not enabled by default on client versions of Windows
#

---------------  S U M M A R Y ------------

Command Line: -Dfile.encoding=UTF-8 --module-path=C:\Users\DELL\OneDrive\Documents\NetBeansProjects\Car Management System\build\classes Car.AdminHomePage

Host: AMD Ryzen 5 3500U with Radeon Vega Mobile Gfx  , 8 cores, 5G,  Windows 11 , 64 bit Build 22621 (10.0.22621.3958)
Time: Thu Sep 12 17:02:05 2024 India Standard Time elapsed time: 1.834302 seconds (0d 0h 0m 1s)

---------------  T H R E A D  ---------------

Current thread (0x000001445a5a7350):  JavaThread "C2 CompilerThread0" daemon [_thread_in_native, id=8124, stack(0x0000002a0f500000,0x0000002a0f600000) (1024K)]


Current CompileTask:
C2:   1834 1304   !   4       sun.font.TrueTypeFont::getTableBuffer (208 bytes)

Stack: [0x0000002a0f500000,0x0000002a0f600000]
Native frames: (J=compiled Java code, j=interpreted, Vv=VM code, C=native code)
V  [jvm.dll+0x6c9029]
V  [jvm.dll+0x854b81]
V  [jvm.dll+0x856e5e]
V  [jvm.dll+0x857543]
V  [jvm.dll+0x280c06]
V  [jvm.dll+0xc3ead]
V  [jvm.dll+0xc43c3]
V  [jvm.dll+0x2f45f4]
V  [jvm.dll+0x3818be]
V  [jvm.dll+0x249ad0]
V  [jvm.dll+0x2490b1]
V  [jvm.dll+0x1c9ca1]
V  [jvm.dll+0x2586b9]
V  [jvm.dll+0x256c9a]
V  [jvm.dll+0x3ef1b6]
V  [jvm.dll+0x7fd728]
V  [jvm.dll+0x6c777d]
C  [ucrtbase.dll+0x29333]
C  [KERNEL32.DLL+0x1257d]
C  [ntdll.dll+0x5af28]


---------------  P R O C E S S  ---------------

Threads class SMR info:
_java_thread_list=0x000001445aae1c50, length=18, elements={
0x000001443c43f050, 0x000001445a598d50, 0x000001445a599c20, 0x000001445a59f440,
0x000001445a59fea0, 0x000001445a5a0ab0, 0x000001445a5a6800, 0x000001445a5a7350,
0x000001445a5a8200, 0x000001445a5656d0, 0x000001445a8602a0, 0x000001445a9df030,
0x000001445a9ea170, 0x000001445a9ee2b0, 0x000001445aa29670, 0x000001445aa46580,
0x000001445aa91990, 0x000001445aae14d0
}

Java Threads: ( => current thread )
  0x000001443c43f050 JavaThread "main"                              [_thread_in_native, id=17472, stack(0x0000002a0e700000,0x0000002a0e800000) (1024K)]
  0x000001445a598d50 JavaThread "Reference Handler"          daemon [_thread_blocked, id=21812, stack(0x0000002a0ef00000,0x0000002a0f000000) (1024K)]
  0x000001445a599c20 JavaThread "Finalizer"                  daemon [_thread_blocked, id=15268, stack(0x0000002a0f000000,0x0000002a0f100000) (1024K)]
  0x000001445a59f440 JavaThread "Signal Dispatcher"          daemon [_thread_blocked, id=8572, stack(0x0000002a0f100000,0x0000002a0f200000) (1024K)]
  0x000001445a59fea0 JavaThread "Attach Listener"            daemon [_thread_blocked, id=11528, stack(0x0000002a0f200000,0x0000002a0f300000) (1024K)]
  0x000001445a5a0ab0 JavaThread "Service Thread"             daemon [_thread_blocked, id=12340, stack(0x0000002a0f300000,0x0000002a0f400000) (1024K)]
  0x000001445a5a6800 JavaThread "Monitor Deflation Thread"   daemon [_thread_blocked, id=23968, stack(0x0000002a0f400000,0x0000002a0f500000) (1024K)]
=>0x000001445a5a7350 JavaThread "C2 CompilerThread0"         daemon [_thread_in_native, id=8124, stack(0x0000002a0f500000,0x0000002a0f600000) (1024K)]
  0x000001445a5a8200 JavaThread "C1 CompilerThread0"         daemon [_thread_in_native, id=1152, stack(0x0000002a0f600000,0x0000002a0f700000) (1024K)]
  0x000001445a5656d0 JavaThread "Common-Cleaner"             daemon [_thread_blocked, id=24424, stack(0x0000002a0f700000,0x0000002a0f800000) (1024K)]
  0x000001445a8602a0 JavaThread "Notification Thread"        daemon [_thread_blocked, id=23856, stack(0x0000002a0f800000,0x0000002a0f900000) (1024K)]
  0x000001445a9df030 JavaThread "Java2D Disposer"            daemon [_thread_blocked, id=19700, stack(0x0000002a0fa00000,0x0000002a0fb00000) (1024K)]
  0x000001445a9ea170 JavaThread "AWT-Shutdown"                      [_thread_blocked, id=27580, stack(0x0000002a0fb00000,0x0000002a0fc00000) (1024K)]
  0x000001445a9ee2b0 JavaThread "AWT-Windows"                daemon [_thread_in_native, id=26724, stack(0x0000002a0fc00000,0x0000002a0fd00000) (1024K)]
  0x000001445aa29670 JavaThread "EventQueueMonitor-ComponentEvtDispatch" daemon [_thread_blocked, id=28272, stack(0x0000002a0fd00000,0x0000002a0fe00000) (1024K)]
  0x000001445aa46580 JavaThread "Thread-1"                   daemon [_thread_in_native, id=23068, stack(0x0000002a0fe00000,0x0000002a0ff00000) (1024K)]
  0x000001445aa91990 JavaThread "Image Fetcher 0"            daemon [_thread_blocked, id=28416, stack(0x0000002a0ff00000,0x0000002a10000000) (1024K)]
  0x000001445aae14d0 JavaThread "AWT-EventQueue-0"                  [_thread_blocked, id=22800, stack(0x0000002a0f900000,0x0000002a0fa00000) (1024K)]
Total: 18

Other Threads:
  0x000001445a57bc20 VMThread "VM Thread"                           [id=26928, stack(0x0000002a0ee00000,0x0000002a0ef00000) (1024K)]
  0x000001445a564780 WatcherThread "VM Periodic Task Thread"        [id=25736, stack(0x0000002a0ed00000,0x0000002a0ee00000) (1024K)]
  0x000001443e6a7210 WorkerThread "GC Thread#0"                     [id=26652, stack(0x0000002a0e800000,0x0000002a0e900000) (1024K)]
  0x00000144a1324410 WorkerThread "GC Thread#1"                     [id=27376, stack(0x0000002a10000000,0x0000002a10100000) (1024K)]
  0x00000144a13247b0 WorkerThread "GC Thread#2"                     [id=1692, stack(0x0000002a10100000,0x0000002a10200000) (1024K)]
  0x00000144a14ec8a0 WorkerThread "GC Thread#3"                     [id=23480, stack(0x0000002a10200000,0x0000002a10300000) (1024K)]
  0x00000144a138d110 WorkerThread "GC Thread#4"                     [id=23648, stack(0x0000002a10300000,0x0000002a10400000) (1024K)]
  0x00000144a1518570 WorkerThread "GC Thread#5"                     [id=27700, stack(0x0000002a10400000,0x0000002a10500000) (1024K)]
  0x00000144a1518f30 WorkerThread "GC Thread#6"                     [id=20640, stack(0x0000002a10500000,0x0000002a10600000) (1024K)]
  0x00000144a1519af0 WorkerThread "GC Thread#7"                     [id=24932, stack(0x0000002a10600000,0x0000002a10700000) (1024K)]
  0x000001443e6b4d40 ConcurrentGCThread "G1 Main Marker"            [id=23888, stack(0x0000002a0e900000,0x0000002a0ea00000) (1024K)]
  0x000001443e6b5ee0 WorkerThread "G1 Conc#0"                       [id=24092, stack(0x0000002a0ea00000,0x0000002a0eb00000) (1024K)]
  0x000001443e71eaf0 ConcurrentGCThread "G1 Refine#0"               [id=27552, stack(0x0000002a0eb00000,0x0000002a0ec00000) (1024K)]
  0x000001445a436710 ConcurrentGCThread "G1 Service"                [id=27616, stack(0x0000002a0ec00000,0x0000002a0ed00000) (1024K)]
Total: 14

Threads with active compile tasks:
C2 CompilerThread0     1876 1304   !   4       sun.font.TrueTypeFont::getTableBuffer (208 bytes)
C1 CompilerThread0     1876 1320       3       javax.swing.UIDefaults$TextAndMnemonicHashMap::get (358 bytes)
Total: 2

VM state: not at safepoint (normal execution)

VM Mutex/Monitor currently owned by a thread: None

Heap address: 0x00000000a1c00000, size: 1508 MB, Compressed Oops mode: 32-bit

CDS archive(s) mapped at: [0x000001445b000000-0x000001445bc90000-0x000001445bc90000), size 13172736, SharedBaseAddress: 0x000001445b000000, ArchiveRelocationMode: 1.
Compressed class space mapped at: 0x000001445c000000-0x000001449c000000, reserved size: 1073741824
Narrow klass base: 0x000001445b000000, Narrow klass shift: 0, Narrow klass range: 0x100000000

GC Precious Log:
 CardTable entry size: 512
 Card Set container configuration: InlinePtr #cards 5 size 8 Array Of Cards #cards 12 size 40 Howl #buckets 4 coarsen threshold 1843 Howl Bitmap #cards 512 size 80 coarsen threshold 460 Card regions per heap region 1 cards per card region 2048
 CPUs: 8 total, 8 available
 Memory: 6030M
 Large Page Support: Disabled
 NUMA Support: Disabled
 Compressed Oops: Enabled (32-bit)
 Heap Region Size: 1M
 Heap Min Capacity: 8M
 Heap Initial Capacity: 96M
 Heap Max Capacity: 1508M
 Pre-touch: Disabled
 Parallel Workers: 8
 Concurrent Workers: 2
 Concurrent Refinement Workers: 8
 Periodic GC: Disabled

Heap:
 garbage-first heap   total 98304K, used 36672K [0x00000000a1c00000, 0x0000000100000000)
  region size 1024K, 18 young (18432K), 3 survivors (3072K)
 Metaspace       used 7590K, committed 7872K, reserved 1114112K
  class space    used 770K, committed 896K, reserved 1048576K

Heap Regions: E=young(eden), S=young(survivor), O=old, HS=humongous(starts), HC=humongous(continues), CS=collection set, F=free, TAMS=top-at-mark-start, PB=parsable bottom
|   0|0x00000000a1c00000, 0x00000000a1d00000, 0x00000000a1d00000|100%|HS|  |TAMS 0x00000000a1c00000| PB 0x00000000a1c00000| Complete 
|   1|0x00000000a1d00000, 0x00000000a1e00000, 0x00000000a1e00000|100%|HC|  |TAMS 0x00000000a1d00000| PB 0x00000000a1d00000| Complete 
|   2|0x00000000a1e00000, 0x00000000a1f00000, 0x00000000a1f00000|100%|HC|  |TAMS 0x00000000a1e00000| PB 0x00000000a1e00000| Complete 
|   3|0x00000000a1f00000, 0x00000000a2000000, 0x00000000a2000000|100%|HC|  |TAMS 0x00000000a1f00000| PB 0x00000000a1f00000| Complete 
|   4|0x00000000a2000000, 0x00000000a2100000, 0x00000000a2100000|100%|HC|  |TAMS 0x00000000a2000000| PB 0x00000000a2000000| Complete 
|   5|0x00000000a2100000, 0x00000000a2200000, 0x00000000a2200000|100%|HC|  |TAMS 0x00000000a2100000| PB 0x00000000a2100000| Complete 
|   6|0x00000000a2200000, 0x00000000a2300000, 0x00000000a2300000|100%|HC|  |TAMS 0x00000000a2200000| PB 0x00000000a2200000| Complete 
|   7|0x00000000a2300000, 0x00000000a2400000, 0x00000000a2400000|100%|HC|  |TAMS 0x00000000a2300000| PB 0x00000000a2300000| Complete 
|   8|0x00000000a2400000, 0x00000000a2500000, 0x00000000a2500000|100%|HC|  |TAMS 0x00000000a2400000| PB 0x00000000a2400000| Complete 
|   9|0x00000000a2500000, 0x00000000a2600000, 0x00000000a2600000|100%|HC|  |TAMS 0x00000000a2500000| PB 0x00000000a2500000| Complete 
|  10|0x00000000a2600000, 0x00000000a2700000, 0x00000000a2700000|100%|HC|  |TAMS 0x00000000a2600000| PB 0x00000000a2600000| Complete 
|  11|0x00000000a2700000, 0x00000000a2800000, 0x00000000a2800000|100%|HC|  |TAMS 0x00000000a2700000| PB 0x00000000a2700000| Complete 
|  12|0x00000000a2800000, 0x00000000a2900000, 0x00000000a2900000|100%|HC|  |TAMS 0x00000000a2800000| PB 0x00000000a2800000| Complete 
|  13|0x00000000a2900000, 0x00000000a2a00000, 0x00000000a2a00000|100%|HC|  |TAMS 0x00000000a2900000| PB 0x00000000a2900000| Complete 
|  14|0x00000000a2a00000, 0x00000000a2b00000, 0x00000000a2b00000|100%|HC|  |TAMS 0x00000000a2a00000| PB 0x00000000a2a00000| Complete 
|  15|0x00000000a2b00000, 0x00000000a2b00000, 0x00000000a2c00000|  0%| F|  |TAMS 0x00000000a2b00000| PB 0x00000000a2b00000| Untracked 
|  16|0x00000000a2c00000, 0x00000000a2c00000, 0x00000000a2d00000|  0%| F|  |TAMS 0x00000000a2c00000| PB 0x00000000a2c00000| Untracked 
|  17|0x00000000a2d00000, 0x00000000a2d00000, 0x00000000a2e00000|  0%| F|  |TAMS 0x00000000a2d00000| PB 0x00000000a2d00000| Untracked 
|  18|0x00000000a2e00000, 0x00000000a2e00000, 0x00000000a2f00000|  0%| F|  |TAMS 0x00000000a2e00000| PB 0x00000000a2e00000| Untracked 
|  19|0x00000000a2f00000, 0x00000000a3000000, 0x00000000a3000000|100%|HS|  |TAMS 0x00000000a2f00000| PB 0x00000000a2f00000| Complete 
|  20|0x00000000a3000000, 0x00000000a3100000, 0x00000000a3100000|100%|HC|  |TAMS 0x00000000a3000000| PB 0x00000000a3000000| Complete 
|  21|0x00000000a3100000, 0x00000000a3200000, 0x00000000a3200000|100%|HC|  |TAMS 0x00000000a3100000| PB 0x00000000a3100000| Complete 
|  22|0x00000000a3200000, 0x00000000a3300000, 0x00000000a3300000|100%|HC|  |TAMS 0x00000000a3200000| PB 0x00000000a3200000| Complete 
|  23|0x00000000a3300000, 0x00000000a3300000, 0x00000000a3400000|  0%| F|  |TAMS 0x00000000a3300000| PB 0x00000000a3300000| Untracked 
|  24|0x00000000a3400000, 0x00000000a3400000, 0x00000000a3500000|  0%| F|  |TAMS 0x00000000a3400000| PB 0x00000000a3400000| Untracked 
|  25|0x00000000a3500000, 0x00000000a3500000, 0x00000000a3600000|  0%| F|  |TAMS 0x00000000a3500000| PB 0x00000000a3500000| Untracked 
|  26|0x00000000a3600000, 0x00000000a3600000, 0x00000000a3700000|  0%| F|  |TAMS 0x00000000a3600000| PB 0x00000000a3600000| Untracked 
|  27|0x00000000a3700000, 0x00000000a3700000, 0x00000000a3800000|  0%| F|  |TAMS 0x00000000a3700000| PB 0x00000000a3700000| Untracked 
|  28|0x00000000a3800000, 0x00000000a3800000, 0x00000000a3900000|  0%| F|  |TAMS 0x00000000a3800000| PB 0x00000000a3800000| Untracked 
|  29|0x00000000a3900000, 0x00000000a3900000, 0x00000000a3a00000|  0%| F|  |TAMS 0x00000000a3900000| PB 0x00000000a3900000| Untracked 
|  30|0x00000000a3a00000, 0x00000000a3a00000, 0x00000000a3b00000|  0%| F|  |TAMS 0x00000000a3a00000| PB 0x00000000a3a00000| Untracked 
|  31|0x00000000a3b00000, 0x00000000a3b00000, 0x00000000a3c00000|  0%| F|  |TAMS 0x00000000a3b00000| PB 0x00000000a3b00000| Untracked 
|  32|0x00000000a3c00000, 0x00000000a3c00000, 0x00000000a3d00000|  0%| F|  |TAMS 0x00000000a3c00000| PB 0x00000000a3c00000| Untracked 
|  33|0x00000000a3d00000, 0x00000000a3d00000, 0x00000000a3e00000|  0%| F|  |TAMS 0x00000000a3d00000| PB 0x00000000a3d00000| Untracked 
|  34|0x00000000a3e00000, 0x00000000a3e00000, 0x00000000a3f00000|  0%| F|  |TAMS 0x00000000a3e00000| PB 0x00000000a3e00000| Untracked 
|  35|0x00000000a3f00000, 0x00000000a3f00000, 0x00000000a4000000|  0%| F|  |TAMS 0x00000000a3f00000| PB 0x00000000a3f00000| Untracked 
|  36|0x00000000a4000000, 0x00000000a4000000, 0x00000000a4100000|  0%| F|  |TAMS 0x00000000a4000000| PB 0x00000000a4000000| Untracked 
|  37|0x00000000a4100000, 0x00000000a4100000, 0x00000000a4200000|  0%| F|  |TAMS 0x00000000a4100000| PB 0x00000000a4100000| Untracked 
|  38|0x00000000a4200000, 0x00000000a4200000, 0x00000000a4300000|  0%| F|  |TAMS 0x00000000a4200000| PB 0x00000000a4200000| Untracked 
|  39|0x00000000a4300000, 0x00000000a4300000, 0x00000000a4400000|  0%| F|  |TAMS 0x00000000a4300000| PB 0x00000000a4300000| Untracked 
|  40|0x00000000a4400000, 0x00000000a4400000, 0x00000000a4500000|  0%| F|  |TAMS 0x00000000a4400000| PB 0x00000000a4400000| Untracked 
|  41|0x00000000a4500000, 0x00000000a4500000, 0x00000000a4600000|  0%| F|  |TAMS 0x00000000a4500000| PB 0x00000000a4500000| Untracked 
|  42|0x00000000a4600000, 0x00000000a4600000, 0x00000000a4700000|  0%| F|  |TAMS 0x00000000a4600000| PB 0x00000000a4600000| Untracked 
|  43|0x00000000a4700000, 0x00000000a4700000, 0x00000000a4800000|  0%| F|  |TAMS 0x00000000a4700000| PB 0x00000000a4700000| Untracked 
|  44|0x00000000a4800000, 0x00000000a4800000, 0x00000000a4900000|  0%| F|  |TAMS 0x00000000a4800000| PB 0x00000000a4800000| Untracked 
|  45|0x00000000a4900000, 0x00000000a4900000, 0x00000000a4a00000|  0%| F|  |TAMS 0x00000000a4900000| PB 0x00000000a4900000| Untracked 
|  46|0x00000000a4a00000, 0x00000000a4a00000, 0x00000000a4b00000|  0%| F|  |TAMS 0x00000000a4a00000| PB 0x00000000a4a00000| Untracked 
|  47|0x00000000a4b00000, 0x00000000a4b00000, 0x00000000a4c00000|  0%| F|  |TAMS 0x00000000a4b00000| PB 0x00000000a4b00000| Untracked 
|  48|0x00000000a4c00000, 0x00000000a4c00000, 0x00000000a4d00000|  0%| F|  |TAMS 0x00000000a4c00000| PB 0x00000000a4c00000| Untracked 
|  49|0x00000000a4d00000, 0x00000000a4d00000, 0x00000000a4e00000|  0%| F|  |TAMS 0x00000000a4d00000| PB 0x00000000a4d00000| Untracked 
|  50|0x00000000a4e00000, 0x00000000a4e00000, 0x00000000a4f00000|  0%| F|  |TAMS 0x00000000a4e00000| PB 0x00000000a4e00000| Untracked 
|  51|0x00000000a4f00000, 0x00000000a4f00000, 0x00000000a5000000|  0%| F|  |TAMS 0x00000000a4f00000| PB 0x00000000a4f00000| Untracked 
|  52|0x00000000a5000000, 0x00000000a5000000, 0x00000000a5100000|  0%| F|  |TAMS 0x00000000a5000000| PB 0x00000000a5000000| Untracked 
|  53|0x00000000a5100000, 0x00000000a5100000, 0x00000000a5200000|  0%| F|  |TAMS 0x00000000a5100000| PB 0x00000000a5100000| Untracked 
|  54|0x00000000a5200000, 0x00000000a5200000, 0x00000000a5300000|  0%| F|  |TAMS 0x00000000a5200000| PB 0x00000000a5200000| Untracked 
|  55|0x00000000a5300000, 0x00000000a5300000, 0x00000000a5400000|  0%| F|  |TAMS 0x00000000a5300000| PB 0x00000000a5300000| Untracked 
|  56|0x00000000a5400000, 0x00000000a5400000, 0x00000000a5500000|  0%| F|  |TAMS 0x00000000a5400000| PB 0x00000000a5400000| Untracked 
|  57|0x00000000a5500000, 0x00000000a5500000, 0x00000000a5600000|  0%| F|  |TAMS 0x00000000a5500000| PB 0x00000000a5500000| Untracked 
|  58|0x00000000a5600000, 0x00000000a5600000, 0x00000000a5700000|  0%| F|  |TAMS 0x00000000a5600000| PB 0x00000000a5600000| Untracked 
|  59|0x00000000a5700000, 0x00000000a5700000, 0x00000000a5800000|  0%| F|  |TAMS 0x00000000a5700000| PB 0x00000000a5700000| Untracked 
|  60|0x00000000a5800000, 0x00000000a5800000, 0x00000000a5900000|  0%| F|  |TAMS 0x00000000a5800000| PB 0x00000000a5800000| Untracked 
|  61|0x00000000a5900000, 0x00000000a5900000, 0x00000000a5a00000|  0%| F|  |TAMS 0x00000000a5900000| PB 0x00000000a5900000| Untracked 
|  62|0x00000000a5a00000, 0x00000000a5a00000, 0x00000000a5b00000|  0%| F|  |TAMS 0x00000000a5a00000| PB 0x00000000a5a00000| Untracked 
|  63|0x00000000a5b00000, 0x00000000a5b00000, 0x00000000a5c00000|  0%| F|  |TAMS 0x00000000a5b00000| PB 0x00000000a5b00000| Untracked 
|  64|0x00000000a5c00000, 0x00000000a5c00000, 0x00000000a5d00000|  0%| F|  |TAMS 0x00000000a5c00000| PB 0x00000000a5c00000| Untracked 
|  65|0x00000000a5d00000, 0x00000000a5d00000, 0x00000000a5e00000|  0%| F|  |TAMS 0x00000000a5d00000| PB 0x00000000a5d00000| Untracked 
|  66|0x00000000a5e00000, 0x00000000a5e00000, 0x00000000a5f00000|  0%| F|  |TAMS 0x00000000a5e00000| PB 0x00000000a5e00000| Untracked 
|  67|0x00000000a5f00000, 0x00000000a5f00000, 0x00000000a6000000|  0%| F|  |TAMS 0x00000000a5f00000| PB 0x00000000a5f00000| Untracked 
|  68|0x00000000a6000000, 0x00000000a6000000, 0x00000000a6100000|  0%| F|  |TAMS 0x00000000a6000000| PB 0x00000000a6000000| Untracked 
|  69|0x00000000a6100000, 0x00000000a6100000, 0x00000000a6200000|  0%| F|  |TAMS 0x00000000a6100000| PB 0x00000000a6100000| Untracked 
|  70|0x00000000a6200000, 0x00000000a62d0000, 0x00000000a6300000| 81%| S|CS|TAMS 0x00000000a6200000| PB 0x00000000a6200000| Complete 
|  71|0x00000000a6300000, 0x00000000a6400000, 0x00000000a6400000|100%| S|CS|TAMS 0x00000000a6300000| PB 0x00000000a6300000| Complete 
|  72|0x00000000a6400000, 0x00000000a6500000, 0x00000000a6500000|100%| S|CS|TAMS 0x00000000a6400000| PB 0x00000000a6400000| Complete 
|  73|0x00000000a6500000, 0x00000000a6500000, 0x00000000a6600000|  0%| F|  |TAMS 0x00000000a6500000| PB 0x00000000a6500000| Untracked 
|  74|0x00000000a6600000, 0x00000000a6600000, 0x00000000a6700000|  0%| F|  |TAMS 0x00000000a6600000| PB 0x00000000a6600000| Untracked 
|  75|0x00000000a6700000, 0x00000000a6700000, 0x00000000a6800000|  0%| F|  |TAMS 0x00000000a6700000| PB 0x00000000a6700000| Untracked 
|  76|0x00000000a6800000, 0x00000000a6800000, 0x00000000a6900000|  0%| F|  |TAMS 0x00000000a6800000| PB 0x00000000a6800000| Untracked 
|  77|0x00000000a6900000, 0x00000000a6900000, 0x00000000a6a00000|  0%| F|  |TAMS 0x00000000a6900000| PB 0x00000000a6900000| Untracked 
|  78|0x00000000a6a00000, 0x00000000a6a00000, 0x00000000a6b00000|  0%| F|  |TAMS 0x00000000a6a00000| PB 0x00000000a6a00000| Untracked 
|  79|0x00000000a6b00000, 0x00000000a6b00000, 0x00000000a6c00000|  0%| F|  |TAMS 0x00000000a6b00000| PB 0x00000000a6b00000| Untracked 
|  80|0x00000000a6c00000, 0x00000000a6c00000, 0x00000000a6d00000|  0%| F|  |TAMS 0x00000000a6c00000| PB 0x00000000a6c00000| Untracked 
|  81|0x00000000a6d00000, 0x00000000a6def480, 0x00000000a6e00000| 93%| E|  |TAMS 0x00000000a6d00000| PB 0x00000000a6d00000| Complete 
|  82|0x00000000a6e00000, 0x00000000a6f00000, 0x00000000a6f00000|100%| E|CS|TAMS 0x00000000a6e00000| PB 0x00000000a6e00000| Complete 
|  83|0x00000000a6f00000, 0x00000000a7000000, 0x00000000a7000000|100%| E|CS|TAMS 0x00000000a6f00000| PB 0x00000000a6f00000| Complete 
|  84|0x00000000a7000000, 0x00000000a7100000, 0x00000000a7100000|100%| E|CS|TAMS 0x00000000a7000000| PB 0x00000000a7000000| Complete 
|  85|0x00000000a7100000, 0x00000000a7200000, 0x00000000a7200000|100%| E|CS|TAMS 0x00000000a7100000| PB 0x00000000a7100000| Complete 
|  86|0x00000000a7200000, 0x00000000a7300000, 0x00000000a7300000|100%| E|CS|TAMS 0x00000000a7200000| PB 0x00000000a7200000| Complete 
|  87|0x00000000a7300000, 0x00000000a7400000, 0x00000000a7400000|100%| E|CS|TAMS 0x00000000a7300000| PB 0x00000000a7300000| Complete 
|  88|0x00000000a7400000, 0x00000000a7500000, 0x00000000a7500000|100%| E|CS|TAMS 0x00000000a7400000| PB 0x00000000a7400000| Complete 
|  89|0x00000000a7500000, 0x00000000a7600000, 0x00000000a7600000|100%| E|CS|TAMS 0x00000000a7500000| PB 0x00000000a7500000| Complete 
|  90|0x00000000a7600000, 0x00000000a7700000, 0x00000000a7700000|100%| E|CS|TAMS 0x00000000a7600000| PB 0x00000000a7600000| Complete 
|  91|0x00000000a7700000, 0x00000000a7800000, 0x00000000a7800000|100%| E|CS|TAMS 0x00000000a7700000| PB 0x00000000a7700000| Complete 
|  92|0x00000000a7800000, 0x00000000a7900000, 0x00000000a7900000|100%| E|CS|TAMS 0x00000000a7800000| PB 0x00000000a7800000| Complete 
|  93|0x00000000a7900000, 0x00000000a7a00000, 0x00000000a7a00000|100%| E|CS|TAMS 0x00000000a7900000| PB 0x00000000a7900000| Complete 
|  94|0x00000000a7a00000, 0x00000000a7b00000, 0x00000000a7b00000|100%| E|CS|TAMS 0x00000000a7a00000| PB 0x00000000a7a00000| Complete 
|  95|0x00000000a7b00000, 0x00000000a7c00000, 0x00000000a7c00000|100%| E|CS|TAMS 0x00000000a7b00000| PB 0x00000000a7b00000| Complete 

Card table byte_map: [0x00000144560f0000,0x00000144563f0000] _byte_map_base: 0x0000014455be2000

Marking Bits: (CMBitMap*) 0x000001443e6a7810
 Bits: [0x00000144563f0000, 0x0000014457b80000)

Polling page: 0x000001443de20000

Metaspace:

Usage:
  Non-class:      6.66 MB used.
      Class:    770.88 KB used.
       Both:      7.41 MB used.

Virtual space:
  Non-class space:       64.00 MB reserved,       6.81 MB ( 11%) committed,  1 nodes.
      Class space:        1.00 GB reserved,     896.00 KB ( <1%) committed,  1 nodes.
             Both:        1.06 GB reserved,       7.69 MB ( <1%) committed. 

Chunk freelists:
   Non-Class:  8.98 MB
       Class:  15.11 MB
        Both:  24.09 MB

MaxMetaspaceSize: unlimited
CompressedClassSpaceSize: 1.00 GB
Initial GC threshold: 21.00 MB
Current GC threshold: 21.00 MB
CDS: on
 - commit_granule_bytes: 65536.
 - commit_granule_words: 8192.
 - virtual_space_node_default_size: 8388608.
 - enlarge_chunks_in_place: 1.
 - use_allocation_guard: 0.


Internal statistics:

num_allocs_failed_limit: 0.
num_arena_births: 156.
num_arena_deaths: 0.
num_vsnodes_births: 2.
num_vsnodes_deaths: 0.
num_space_committed: 123.
num_space_uncommitted: 0.
num_chunks_returned_to_freelist: 0.
num_chunks_taken_from_freelist: 232.
num_chunk_merges: 0.
num_chunk_splits: 120.
num_chunks_enlarged: 26.
num_inconsistent_stats: 0.

CodeHeap 'non-profiled nmethods': size=120000Kb used=405Kb max_used=405Kb free=119594Kb
 bounds [0x000001444e580000, 0x000001444e7f0000, 0x0000014455ab0000]
CodeHeap 'profiled nmethods': size=120000Kb used=2282Kb max_used=2282Kb free=117717Kb
 bounds [0x0000014446ab0000, 0x0000014446d20000, 0x000001444dfe0000]
CodeHeap 'non-nmethods': size=5760Kb used=1530Kb max_used=1539Kb free=4229Kb
 bounds [0x000001444dfe0000, 0x000001444e250000, 0x000001444e580000]
 total_blobs=1922 nmethods=1319 adapters=508
 compilation: enabled
              stopped_count=0, restarted_count=0
 full_count=0

Compilation events (20 events):
Event: 1.766 Thread 0x000001445a5a8200 nmethod 1297 0x0000014446cdbf10 code [0x0000014446cdc0c0, 0x0000014446cdc340]
Event: 1.766 Thread 0x000001445a5a8200 1298       3       sun.nio.ch.NativeThreadSet::<init> (17 bytes)
Event: 1.766 Thread 0x000001445a5a8200 nmethod 1298 0x0000014446cdc410 code [0x0000014446cdc5c0, 0x0000014446cdc830]
Event: 1.771 Thread 0x000001445a5a7350 1304   !   4       sun.font.TrueTypeFont::getTableBuffer (208 bytes)
Event: 1.776 Thread 0x000001445a5a8200 1305       3       java.util.HashMap::prepareArray (38 bytes)
Event: 1.777 Thread 0x000001445a5a8200 nmethod 1305 0x0000014446cdc910 code [0x0000014446cdcb00, 0x0000014446cdd118]
Event: 1.777 Thread 0x000001445a5a8200 1306       3       java.util.HashSet::toArray (16 bytes)
Event: 1.777 Thread 0x000001445a5a8200 nmethod 1306 0x0000014446cdd310 code [0x0000014446cdd4c0, 0x0000014446cdd6e0]
Event: 1.779 Thread 0x000001445a5a8200 1307       3       sun.nio.ch.FileChannelImpl::open (16 bytes)
Event: 1.779 Thread 0x000001445a5a8200 nmethod 1307 0x0000014446cdd810 code [0x0000014446cdd9c0, 0x0000014446cddb80]
Event: 1.788 Thread 0x000001445a5a8200 1309       3       java.lang.StringUTF16::newBytesFor (61 bytes)
Event: 1.788 Thread 0x000001445a5a8200 nmethod 1309 0x0000014446cddc90 code [0x0000014446cddf00, 0x0000014446cde748]
Event: 1.789 Thread 0x000001445a5a8200 1312       3       java.lang.StringUTF16::hashCode (52 bytes)
Event: 1.790 Thread 0x000001445a5a8200 nmethod 1312 0x0000014446cdea90 code [0x0000014446cdec60, 0x0000014446cdee80]
Event: 1.814 Thread 0x000001445a5a8200 1313   !   3       sun.font.TrueTypeFont::getAllFullNames (30 bytes)
Event: 1.815 Thread 0x000001445a5a8200 nmethod 1313 0x0000014446cdef90 code [0x0000014446cdf1c0, 0x0000014446cdfab0]
Event: 1.815 Thread 0x000001445a5a8200 1315  s    3       sun.font.FontFamily::addLocaleNames (45 bytes)
Event: 1.815 Thread 0x000001445a5a8200 nmethod 1315 0x0000014446cdfd90 code [0x0000014446cdffc0, 0x0000014446ce0868]
Event: 1.816 Thread 0x000001445a5a8200 1314   !   3       sun.font.TrueTypeFont::getAllFamilyNames (30 bytes)
Event: 1.816 Thread 0x000001445a5a8200 nmethod 1314 0x0000014446ce0b90 code [0x0000014446ce0dc0, 0x0000014446ce16b0]

GC Heap History (2 events):
Event: 0.749 GC heap before
{Heap before GC invocations=0 (full 0):
 garbage-first heap   total 98304K, used 46080K [0x00000000a1c00000, 0x0000000100000000)
  region size 1024K, 23 young (23552K), 0 survivors (0K)
 Metaspace       used 5164K, committed 5376K, reserved 1114112K
  class space    used 526K, committed 640K, reserved 1048576K
}
Event: 0.756 GC heap after
{Heap after GC invocations=1 (full 0):
 garbage-first heap   total 98304K, used 22336K [0x00000000a1c00000, 0x0000000100000000)
  region size 1024K, 3 young (3072K), 3 survivors (3072K)
 Metaspace       used 5164K, committed 5376K, reserved 1114112K
  class space    used 526K, committed 640K, reserved 1048576K
}

Dll operation events (11 events):
Event: 0.012 Loaded shared library A:\java1.8\bin\java.dll
Event: 0.055 Loaded shared library A:\java1.8\bin\jsvml.dll
Event: 0.106 Loaded shared library A:\java1.8\bin\net.dll
Event: 0.109 Loaded shared library A:\java1.8\bin\nio.dll
Event: 0.147 Loaded shared library A:\java1.8\bin\zip.dll
Event: 0.165 Loaded shared library A:\java1.8\bin\jimage.dll
Event: 0.187 Loaded shared library A:\java1.8\bin\awt.dll
Event: 0.294 Loaded shared library A:\java1.8\bin\javaaccessbridge.dll
Event: 0.521 Loaded shared library A:\java1.8\bin\javajpeg.dll
Event: 0.986 Loaded shared library A:\java1.8\bin\freetype.dll
Event: 0.987 Loaded shared library A:\java1.8\bin\fontmanager.dll

Deoptimization events (20 events):
Event: 1.051 Thread 0x000001443c43f050 Uncommon trap: trap_request=0xffffff45 fr.pc=0x000001444e5d2294 relative=0x0000000000000074
Event: 1.051 Thread 0x000001443c43f050 Uncommon trap: reason=unstable_if action=reinterpret pc=0x000001444e5d2294 method=java.lang.CharacterDataLatin1.toLowerCase(I)I @ 16 c2
Event: 1.051 Thread 0x000001443c43f050 DEOPT PACKING pc=0x000001444e5d2294 sp=0x0000002a0e7fd510
Event: 1.051 Thread 0x000001443c43f050 DEOPT UNPACKING pc=0x000001444e0346a2 sp=0x0000002a0e7fd490 mode 2
Event: 1.078 Thread 0x000001443c43f050 Uncommon trap: trap_request=0xffffff45 fr.pc=0x000001444e5d2cb8 relative=0x0000000000000458
Event: 1.078 Thread 0x000001443c43f050 Uncommon trap: reason=unstable_if action=reinterpret pc=0x000001444e5d2cb8 method=java.lang.StringLatin1.toLowerCase(Ljava/lang/String;[BLjava/util/Locale;)Ljava/lang/String; @ 43 c2
Event: 1.078 Thread 0x000001443c43f050 DEOPT PACKING pc=0x000001444e5d2cb8 sp=0x0000002a0e7fde60
Event: 1.078 Thread 0x000001443c43f050 DEOPT UNPACKING pc=0x000001444e0346a2 sp=0x0000002a0e7fddd0 mode 2
Event: 1.736 Thread 0x000001443c43f050 Uncommon trap: trap_request=0xffffff45 fr.pc=0x000001444e58a9c8 relative=0x00000000000000a8
Event: 1.736 Thread 0x000001443c43f050 Uncommon trap: reason=unstable_if action=reinterpret pc=0x000001444e58a9c8 method=java.lang.String.isLatin1()Z @ 10 c2
Event: 1.736 Thread 0x000001443c43f050 DEOPT PACKING pc=0x000001444e58a9c8 sp=0x0000002a0e7fdc70
Event: 1.736 Thread 0x000001443c43f050 DEOPT UNPACKING pc=0x000001444e0346a2 sp=0x0000002a0e7fdba0 mode 2
Event: 1.736 Thread 0x000001443c43f050 Uncommon trap: trap_request=0xffffff45 fr.pc=0x000001444e5a9a30 relative=0x0000000000000190
Event: 1.736 Thread 0x000001443c43f050 Uncommon trap: reason=unstable_if action=reinterpret pc=0x000001444e5a9a30 method=jdk.internal.util.ArraysSupport.vectorizedHashCode(Ljava/lang/Object;IIII)I @ 2 c2
Event: 1.736 Thread 0x000001443c43f050 DEOPT PACKING pc=0x000001444e5a9a30 sp=0x0000002a0e7fdb70
Event: 1.736 Thread 0x000001443c43f050 DEOPT UNPACKING pc=0x000001444e0346a2 sp=0x0000002a0e7fdb20 mode 2
Event: 1.760 Thread 0x000001443c43f050 Uncommon trap: trap_request=0xffffff45 fr.pc=0x000001444e5e3124 relative=0x00000000000003c4
Event: 1.760 Thread 0x000001443c43f050 Uncommon trap: reason=unstable_if action=reinterpret pc=0x000001444e5e3124 method=java.lang.Character.isSurrogate(C)Z @ 3 c2
Event: 1.760 Thread 0x000001443c43f050 DEOPT PACKING pc=0x000001444e5e3124 sp=0x0000002a0e7fd830
Event: 1.760 Thread 0x000001443c43f050 DEOPT UNPACKING pc=0x000001444e0346a2 sp=0x0000002a0e7fd738 mode 2

Classes loaded (20 events):
Event: 1.073 Loading class java/nio/ByteBufferAsShortBufferB
Event: 1.073 Loading class java/nio/ShortBuffer
Event: 1.074 Loading class java/nio/ShortBuffer done
Event: 1.074 Loading class java/nio/ByteBufferAsShortBufferB done
Event: 1.074 Loading class sun/nio/cs/UTF_16$Decoder
Event: 1.074 Loading class sun/nio/cs/UnicodeDecoder
Event: 1.074 Loading class sun/nio/cs/UnicodeDecoder done
Event: 1.074 Loading class sun/nio/cs/UTF_16$Decoder done
Event: 1.076 Loading class jdk/internal/foreign/MemorySessionImpl
Event: 1.076 Loading class java/lang/foreign/MemorySegment$Scope
Event: 1.076 Loading class java/lang/foreign/MemorySegment$Scope done
Event: 1.076 Loading class jdk/internal/foreign/MemorySessionImpl done
Event: 1.079 Loading class sun/font/SunFontManager$3
Event: 1.079 Loading class sun/font/SunFontManager$3 done
Event: 1.121 Loading class sun/font/SunFontManager$8
Event: 1.122 Loading class sun/font/SunFontManager$8 done
Event: 1.124 Loading class sun/font/SunFontManager$9
Event: 1.124 Loading class sun/font/SunFontManager$9 done
Event: 1.730 Loading class java/lang/foreign/MemorySegment
Event: 1.731 Loading class java/lang/foreign/MemorySegment done

Classes unloaded (0 events):
No events

Classes redefined (0 events):
No events

Internal exceptions (17 events):
Event: 0.111 Thread 0x000001443c43f050 Exception <a 'sun/nio/fs/WindowsException'{0x00000000a7a443c8}> (0x00000000a7a443c8) 
thrown [s\open\src\hotspot\share\prims\jni.cpp, line 520]
Event: 0.114 Thread 0x000001443c43f050 Exception <a 'sun/nio/fs/WindowsException'{0x00000000a7a469e8}> (0x00000000a7a469e8) 
thrown [s\open\src\hotspot\share\prims\jni.cpp, line 520]
Event: 0.115 Thread 0x000001443c43f050 Exception <a 'sun/nio/fs/WindowsException'{0x00000000a7a47590}> (0x00000000a7a47590) 
thrown [s\open\src\hotspot\share\prims\jni.cpp, line 520]
Event: 0.115 Thread 0x000001443c43f050 Exception <a 'sun/nio/fs/WindowsException'{0x00000000a7a480e8}> (0x00000000a7a480e8) 
thrown [s\open\src\hotspot\share\prims\jni.cpp, line 520]
Event: 0.116 Thread 0x000001443c43f050 Exception <a 'sun/nio/fs/WindowsException'{0x00000000a7a48c48}> (0x00000000a7a48c48) 
thrown [s\open\src\hotspot\share\prims\jni.cpp, line 520]
Event: 0.174 Thread 0x000001443c43f050 Exception <a 'java/lang/ClassNotFoundException'{0x00000000a7983a08}: sun/awt/resources/spi/awtProvider> (0x00000000a7983a08) 
thrown [s\open\src\hotspot\share\classfile\systemDictionary.cpp, line 312]
Event: 0.297 Thread 0x000001443c43f050 Exception <a 'java/lang/ClassNotFoundException'{0x00000000a7864fc8}: com/sun/accessibility/internal/resources/spi/accessibilityProvider> (0x00000000a7864fc8) 
thrown [s\open\src\hotspot\share\classfile\systemDictionary.cpp, line 312]
Event: 0.322 Thread 0x000001443c43f050 Exception <a 'java/lang/NoSuchMethodError'{0x00000000a7735af0}: 'void java.lang.invoke.DirectMethodHandle$Holder.invokeStatic(java.lang.Object, java.lang.Object)'> (0x00000000a7735af0) 
thrown [s\open\src\hotspot\share\interpreter\linkResolver.cpp, line 773]
Event: 0.343 Thread 0x000001443c43f050 Exception <a 'java/lang/NoSuchMethodError'{0x00000000a7753960}: 'void java.lang.invoke.DirectMethodHandle$Holder.invokeSpecial(java.lang.Object, java.lang.Object, java.lang.Object)'> (0x00000000a7753960) 
thrown [s\open\src\hotspot\share\interpreter\linkResolver.cpp, line 773]
Event: 0.356 Thread 0x000001443c43f050 Exception <a 'java/lang/NoSuchMethodError'{0x00000000a77ef398}: 'java.lang.Object java.lang.invoke.DirectMethodHandle$Holder.newInvokeSpecial(java.lang.Object, java.lang.Object, java.lang.Object, java.lang.Object, java.lang.Object)'> (0x00000000a77ef398) 
thrown [s\open\src\hotspot\share\interpreter\linkResolver.cpp, line 773]
Event: 0.365 Thread 0x000001443c43f050 Exception <a 'java/lang/NoSuchMethodError'{0x00000000a761b3d0}: 'java.lang.Object java.lang.invoke.DirectMethodHandle$Holder.invokeStatic(java.lang.Object, int, java.lang.Object)'> (0x00000000a761b3d0) 
thrown [s\open\src\hotspot\share\interpreter\linkResolver.cpp, line 773]
Event: 0.402 Thread 0x000001443c43f050 Exception <a 'java/lang/ClassNotFoundException'{0x00000000a7530630}: com/sun/swing/internal/plaf/metal/resources/spi/metalProvider> (0x00000000a7530630) 
thrown [s\open\src\hotspot\share\classfile\systemDictionary.cpp, line 312]
Event: 0.403 Thread 0x000001443c43f050 Exception <a 'java/lang/ClassNotFoundException'{0x00000000a7534590}: com/sun/swing/internal/plaf/basic/resources/spi/basicProvider> (0x00000000a7534590) 
thrown [s\open\src\hotspot\share\classfile\systemDictionary.cpp, line 312]
Event: 0.416 Thread 0x000001443c43f050 Exception <a 'java/lang/NoSuchMethodError'{0x00000000a7553480}: 'int java.lang.invoke.Invokers$Holder.invokeExact_MT(java.lang.Object, java.lang.Object)'> (0x00000000a7553480) 
thrown [s\open\src\hotspot\share\interpreter\linkResolver.cpp, line 773]
Event: 0.524 Thread 0x000001445aa91990 Exception <a 'java/lang/NoSuchMethodError'{0x00000000a7319410}: 'java.lang.Object java.lang.invoke.DirectMethodHandle$Holder.newInvokeSpecial(java.lang.Object, java.lang.Object, java.lang.Object, int, int, int, int, int)'> (0x00000000a7319410) 
thrown [s\open\src\hotspot\share\interpreter\linkResolver.cpp, line 773]
Event: 0.960 Thread 0x000001445a9ee2b0 Exception <a 'java/lang/NoSuchMethodError'{0x00000000a772a7a0}: 'void java.lang.invoke.DirectMethodHandle$Holder.invokeVirtual(java.lang.Object, java.lang.Object)'> (0x00000000a772a7a0) 
thrown [s\open\src\hotspot\share\interpreter\linkResolver.cpp, line 773]
Event: 0.980 Thread 0x000001443c43f050 Exception <a 'java/lang/NoSuchMethodError'{0x00000000a7760568}: 'void java.lang.invoke.DirectMethodHandle$Holder.invokeStaticInit(java.lang.Object)'> (0x00000000a7760568) 
thrown [s\open\src\hotspot\share\interpreter\linkResolver.cpp, line 773]

ZGC Phase Switch (0 events):
No events

VM Operations (10 events):
Event: 0.117 Executing VM operation: HandshakeAllThreads (Deoptimize)
Event: 0.117 Executing VM operation: HandshakeAllThreads (Deoptimize) done
Event: 0.497 Executing VM operation: HandshakeAllThreads (Deoptimize)
Event: 0.497 Executing VM operation: HandshakeAllThreads (Deoptimize) done
Event: 0.619 Executing VM operation: HandshakeAllThreads (Deoptimize)
Event: 0.619 Executing VM operation: HandshakeAllThreads (Deoptimize) done
Event: 0.749 Executing VM operation: G1CollectForAllocation (G1 Evacuation Pause)
Event: 0.756 Executing VM operation: G1CollectForAllocation (G1 Evacuation Pause) done
Event: 0.913 Executing VM operation: HandshakeAllThreads (Deoptimize)
Event: 0.913 Executing VM operation: HandshakeAllThreads (Deoptimize) done

Events (20 events):
Event: 0.052 Thread 0x000001445a599c20 Thread added: 0x000001445a599c20
Event: 0.052 Thread 0x000001445a59f440 Thread added: 0x000001445a59f440
Event: 0.053 Thread 0x000001445a59fea0 Thread added: 0x000001445a59fea0
Event: 0.053 Thread 0x000001445a5a0ab0 Thread added: 0x000001445a5a0ab0
Event: 0.053 Thread 0x000001445a5a6800 Thread added: 0x000001445a5a6800
Event: 0.053 Thread 0x000001445a5a7350 Thread added: 0x000001445a5a7350
Event: 0.053 Thread 0x000001445a5a8200 Thread added: 0x000001445a5a8200
Event: 0.090 Thread 0x000001445a5656d0 Thread added: 0x000001445a5656d0
Event: 0.136 Thread 0x000001445a8602a0 Thread added: 0x000001445a8602a0
Event: 0.144 Thread 0x000001445a894f80 Thread added: 0x000001445a894f80
Event: 0.267 Thread 0x000001445a9df030 Thread added: 0x000001445a9df030
Event: 0.268 Thread 0x000001445a9ea170 Thread added: 0x000001445a9ea170
Event: 0.271 Thread 0x000001445a9ee2b0 Thread added: 0x000001445a9ee2b0
Event: 0.305 Thread 0x000001445aa29670 Thread added: 0x000001445aa29670
Event: 0.320 Thread 0x000001445aa46580 Thread added: 0x000001445aa46580
Event: 0.428 Thread 0x000001445aa91990 Thread added: 0x000001445aa91990
Event: 0.618 Thread 0x000001445a894f80 Thread exited: 0x000001445a894f80
Event: 0.631 Thread 0x000001445ab1d390 Thread added: 0x000001445ab1d390
Event: 0.833 Thread 0x000001445ab1d390 Thread exited: 0x000001445ab1d390
Event: 0.946 Thread 0x000001445aae14d0 Thread added: 0x000001445aae14d0


Dynamic libraries:
0x00007ff669fd0000 - 0x00007ff669fe0000 	A:\java1.8\bin\java.exe
0x00007ffa4f0d0000 - 0x00007ffa4f2e7000 	C:\WINDOWS\SYSTEM32\ntdll.dll
0x00007ffa12890000 - 0x00007ffa128aa000 	C:\Program Files\Avast Software\Avast\aswhook.dll
0x00007ffa4eb40000 - 0x00007ffa4ec04000 	C:\WINDOWS\System32\KERNEL32.DLL
0x00007ffa4c810000 - 0x00007ffa4cbbd000 	C:\WINDOWS\System32\KERNELBASE.dll
0x00007ffa4cc60000 - 0x00007ffa4cd71000 	C:\WINDOWS\System32\ucrtbase.dll
0x00007ffa481b0000 - 0x00007ffa481c9000 	A:\java1.8\bin\jli.dll
0x00007ffa38f90000 - 0x00007ffa38fab000 	A:\java1.8\bin\VCRUNTIME140.dll
0x00007ffa4ecb0000 - 0x00007ffa4ed62000 	C:\WINDOWS\System32\ADVAPI32.dll
0x00007ffa4e060000 - 0x00007ffa4e107000 	C:\WINDOWS\System32\msvcrt.dll
0x00007ffa4cf20000 - 0x00007ffa4cfc9000 	C:\WINDOWS\System32\sechost.dll
0x00007ffa4c7e0000 - 0x00007ffa4c808000 	C:\WINDOWS\System32\bcrypt.dll
0x00007ffa4ea20000 - 0x00007ffa4eb34000 	C:\WINDOWS\System32\RPCRT4.dll
0x00007ffa4dc70000 - 0x00007ffa4de1e000 	C:\WINDOWS\System32\USER32.dll
0x00007ffa4cc30000 - 0x00007ffa4cc56000 	C:\WINDOWS\System32\win32u.dll
0x00007ffa3bd40000 - 0x00007ffa3bfd3000 	C:\WINDOWS\WinSxS\amd64_microsoft.windows.common-controls_6595b64144ccf1df_6.0.22621.3672_none_2713b9d173822955\COMCTL32.dll
0x00007ffa4d840000 - 0x00007ffa4d869000 	C:\WINDOWS\System32\GDI32.dll
0x00007ffa4c3f0000 - 0x00007ffa4c509000 	C:\WINDOWS\System32\gdi32full.dll
0x00007ffa4c740000 - 0x00007ffa4c7da000 	C:\WINDOWS\System32\msvcp_win.dll
0x00007ffa43ed0000 - 0x00007ffa43eda000 	C:\WINDOWS\SYSTEM32\VERSION.dll
0x00007ffa4e170000 - 0x00007ffa4e1a1000 	C:\WINDOWS\System32\IMM32.DLL
0x00007ffa38f80000 - 0x00007ffa38f8c000 	A:\java1.8\bin\vcruntime140_1.dll
0x00007ffa38bc0000 - 0x00007ffa38c4e000 	A:\java1.8\bin\msvcp140.dll
0x00007ffa38fb0000 - 0x00007ffa39cc5000 	A:\java1.8\bin\server\jvm.dll
0x00007ffa4dbf0000 - 0x00007ffa4dc61000 	C:\WINDOWS\System32\WS2_32.dll
0x00007ffa4c2c0000 - 0x00007ffa4c30d000 	C:\WINDOWS\SYSTEM32\POWRPROF.dll
0x00007ffa44780000 - 0x00007ffa447b4000 	C:\WINDOWS\SYSTEM32\WINMM.dll
0x00007ffa4c2a0000 - 0x00007ffa4c2b3000 	C:\WINDOWS\SYSTEM32\UMPDC.dll
0x00007ffa4b440000 - 0x00007ffa4b458000 	C:\WINDOWS\SYSTEM32\kernel.appcore.dll
0x00007ffa38f10000 - 0x00007ffa38f1a000 	A:\java1.8\bin\jimage.dll
0x00007ffa43160000 - 0x00007ffa43392000 	C:\WINDOWS\SYSTEM32\DBGHELP.DLL
0x00007ffa4e630000 - 0x00007ffa4e9be000 	C:\WINDOWS\System32\combase.dll
0x00007ffa4ed90000 - 0x00007ffa4ee67000 	C:\WINDOWS\System32\OLEAUT32.dll
0x00007ffa41dd0000 - 0x00007ffa41e02000 	C:\WINDOWS\SYSTEM32\dbgcore.DLL
0x00007ffa4cd80000 - 0x00007ffa4cdfb000 	C:\WINDOWS\System32\bcryptPrimitives.dll
0x00007ffa38f20000 - 0x00007ffa38f3f000 	A:\java1.8\bin\java.dll
0x00007ffa4cfd0000 - 0x00007ffa4d837000 	C:\WINDOWS\System32\SHELL32.dll
0x00007ffa4a370000 - 0x00007ffa4ac6f000 	C:\WINDOWS\SYSTEM32\windows.storage.dll
0x00007ffa4a230000 - 0x00007ffa4a36f000 	C:\WINDOWS\SYSTEM32\wintypes.dll
0x00007ffa4ce00000 - 0x00007ffa4cef9000 	C:\WINDOWS\System32\SHCORE.dll
0x00007ffa4e110000 - 0x00007ffa4e16e000 	C:\WINDOWS\System32\shlwapi.dll
0x00007ffa4c320000 - 0x00007ffa4c347000 	C:\WINDOWS\SYSTEM32\profapi.dll
0x00007ffa38e30000 - 0x00007ffa38f07000 	A:\java1.8\bin\jsvml.dll
0x00007ffa38e20000 - 0x00007ffa38e30000 	A:\java1.8\bin\net.dll
0x00007ffa45870000 - 0x00007ffa459a6000 	C:\WINDOWS\SYSTEM32\WINHTTP.dll
0x00007ffa4b8b0000 - 0x00007ffa4b919000 	C:\WINDOWS\system32\mswsock.dll
0x00007ffa38e00000 - 0x00007ffa38e16000 	A:\java1.8\bin\nio.dll
0x00007ffa38de0000 - 0x00007ffa38df8000 	A:\java1.8\bin\zip.dll
0x00007ffa38c50000 - 0x00007ffa38ddf000 	A:\java1.8\bin\awt.dll
0x00007ffa49700000 - 0x00007ffa49797000 	C:\WINDOWS\SYSTEM32\apphelp.dll
0x00007ffa49bc0000 - 0x00007ffa49beb000 	C:\WINDOWS\system32\DWMAPI.DLL
0x00007ffa49980000 - 0x00007ffa49a31000 	C:\WINDOWS\system32\uxtheme.dll
0x00007ff9b8e10000 - 0x00007ff9b8f10000 	C:\WINDOWS\system32\opengl32.dll
0x00007ff9b88c0000 - 0x00007ff9b88ed000 	C:\WINDOWS\SYSTEM32\GLU32.dll
0x00007ffa49a70000 - 0x00007ffa49aa7000 	C:\WINDOWS\SYSTEM32\dxcore.dll
0x00007ffa4da40000 - 0x00007ffa4db9e000 	C:\WINDOWS\System32\MSCTF.dll
0x00007ffa0e5f0000 - 0x00007ffa0e622000 	C:\Users\DELL\ashish pvt\Password Door\TLPD64.DLL
0x00007ffa4d890000 - 0x00007ffa4da35000 	C:\WINDOWS\System32\ole32.dll
0x00007ffa38200000 - 0x00007ffa3824a000 	A:\java1.8\bin\javaaccessbridge.dll
0x00007ffa47690000 - 0x00007ffa47697000 	A:\java1.8\bin\jawt.dll
0x00007ffa47740000 - 0x00007ffa4776e000 	A:\java1.8\bin\javajpeg.dll
0x00007ffa38050000 - 0x00007ffa380d7000 	A:\java1.8\bin\freetype.dll
0x00007ffa37f70000 - 0x00007ffa38043000 	A:\java1.8\bin\fontmanager.dll

dbghelp: loaded successfully - version: 4.0.5 - missing functions: none
symbol engine: initialized successfully - sym options: 0x614 - pdb path: .;A:\java1.8\bin;C:\WINDOWS\SYSTEM32;C:\Program Files\Avast Software\Avast;C:\WINDOWS\WinSxS\amd64_microsoft.windows.common-controls_6595b64144ccf1df_6.0.22621.3672_none_2713b9d173822955;A:\java1.8\bin\server;C:\Users\DELL\ashish pvt\Password Door

VM Arguments:
jvm_args: -Dfile.encoding=UTF-8 --module-path=C:\Users\DELL\OneDrive\Documents\NetBeansProjects\Car Management System\build\classes 
java_command: Car.AdminHomePage
java_class_path (initial): C:\mysql-connector-j-8.3.0.jar;C:\Users\DELL\OneDrive\Documents\NetBeansProjects\Car Management System\build\classes
Launcher Type: SUN_STANDARD

[Global flags]
     intx CICompilerCount                          = 4                                         {product} {ergonomic}
     uint ConcGCThreads                            = 2                                         {product} {ergonomic}
     uint G1ConcRefinementThreads                  = 8                                         {product} {ergonomic}
   size_t G1HeapRegionSize                         = 1048576                                   {product} {ergonomic}
    uintx GCDrainStackTargetSize                   = 64                                        {product} {ergonomic}
   size_t InitialHeapSize                          = 100663296                                 {product} {ergonomic}
   size_t MarkStackSize                            = 4194304                                   {product} {ergonomic}
   size_t MaxHeapSize                              = 1581252608                                {product} {ergonomic}
   size_t MaxNewSize                               = 947912704                                 {product} {ergonomic}
   size_t MinHeapDeltaBytes                        = 1048576                                   {product} {ergonomic}
   size_t MinHeapSize                              = 8388608                                   {product} {ergonomic}
    uintx NonNMethodCodeHeapSize                   = 5839372                                {pd product} {ergonomic}
    uintx NonProfiledCodeHeapSize                  = 122909434                              {pd product} {ergonomic}
    uintx ProfiledCodeHeapSize                     = 122909434                              {pd product} {ergonomic}
    uintx ReservedCodeCacheSize                    = 251658240                              {pd product} {ergonomic}
     bool SegmentedCodeCache                       = true                                      {product} {ergonomic}
   size_t SoftMaxHeapSize                          = 1581252608                             {manageable} {ergonomic}
     bool UseCompressedOops                        = true                           {product lp64_product} {ergonomic}
     bool UseG1GC                                  = true                                      {product} {ergonomic}
     bool UseLargePagesIndividualAllocation        = false                                  {pd product} {ergonomic}

Logging:
Log output configuration:
 #0: stdout all=warning uptime,level,tags foldmultilines=false
 #1: stderr all=off uptime,level,tags foldmultilines=false

Environment Variables:
CLASSPATH=A:\JDBC\mysql-connector-j-8.3.0.jar;.;
PATH=C:\Program Files\Common Files\Oracle\Java\javapath;A:\java\bin;c:\Program Files (x86)\Microsoft SQL Server\90\Tools\binn\;C:\Program Files\dotnet\;C:\WINDOWS\system32;C:\WINDOWS;C:\WINDOWS\System32\Wbem;C:\WINDOWS\System32\WindowsPowerShell\v1.0\;C:\WINDOWS\System32\OpenSSH\;A:\NodeJs\;C:\Program Files (x86)\Microsoft SQL Server\120\DTS\Binn\;C:\Program Files (x86)\Microsoft SQL Server\Client SDK\ODBC\110\Tools\Binn\;C:\Program Files (x86)\Microsoft SQL Server\120\Tools\Binn\;C:\Program Files (x86)\Microsoft SQL Server\120\Tools\Binn\ManagementStudio\;C:\Users\DELL\AppData\Local\Programs\Python\Launcher\;C:\Program Files\MySQL\MySQL Shell 8.0\bin\;A:\java\bin;;A:\intellij\IntelliJ IDEA Community Edition 2023.3.1\bin;;C:\Users\DELL\AppData\Local\Microsoft\WindowsApps;C:\Users\DELL\AppData\Local\Programs\Microsoft VS Code\bin;C:\Users\DELL\AppData\Roaming\npm
USERNAME=DELL
OS=Windows_NT
PROCESSOR_IDENTIFIER=AMD64 Family 23 Model 24 Stepping 1, AuthenticAMD
TMP=C:\Users\DELL\AppData\Local\Temp
TEMP=C:\Users\DELL\AppData\Local\Temp




Periodic native trim disabled

---------------  S Y S T E M  ---------------

OS:
 Windows 11 , 64 bit Build 22621 (10.0.22621.3958)
OS uptime: 0 days 3:31 hours

CPU: total 8 (initial active 8) (8 cores per cpu, 2 threads per core) family 23 model 24 stepping 1 microcode 0x0, cx8, cmov, fxsr, ht, mmx, 3dnowpref, sse, sse2, sse3, ssse3, sse4a, sse4.1, sse4.2, popcnt, lzcnt, tsc, tscinvbit, avx, avx2, aes, clmul, bmi1, bmi2, adx, sha, fma, vzeroupper, clflush, clflushopt, rdtscp, f16c
Processor Information for all 8 processors :
  Max Mhz: 2100, Current Mhz: 2100, Mhz Limit: 2100

Memory: 4k page, system-wide physical 6030M (390M free)
TotalPageFile size 24462M (AvailPageFile size 0M)
current process WorkingSet (physical memory assigned to process): 107M, peak: 107M
current process commit charge ("private bytes"): 194M, peak: 194M

vm_info: Java HotSpot(TM) 64-Bit Server VM (21.0.1+12-LTS-29) for windows-amd64 JRE (21.0.1+12-LTS-29), built on 2023-10-05T13:27:09Z by "mach5one" with MS VC++ 17.1 (VS2022)

END.
