#
# There is insufficient memory for the Java Runtime Environment to continue.
# Native memory allocation (malloc) failed to allocate 209616 bytes for Chunk::new
# Possible reasons:
#   The system is out of physical RAM or swap space
#   The process is running with CompressedOops enabled, and the Java Heap may be blocking the growth of the native heap
# Possible solutions:
#   Reduce memory load on the system
#   Increase physical memory or swap space
#   Check if swap backing store is full
#   Decrease Java heap size (-Xmx/-Xms)
#   Decrease number of Java threads
#   Decrease Java thread stack sizes (-Xss)
#   Set larger code cache with -XX:ReservedCodeCacheSize=
#   JVM is running with Unscaled Compressed Oops mode in which the Java heap is
#     placed in the first 4GB address space. The Java Heap base address is the
#     maximum limit for the native heap growth. Please use -XX:HeapBaseMinAddress
#     to set the Java Heap base and to place the Java Heap above 4GB virtual address.
# This output file may be truncated or incomplete.
#
#  Out of Memory Error (arena.cpp:168), pid=27608, tid=27160
#
# JRE version: Java(TM) SE Runtime Environment (21.0.1+12) (build 21.0.1+12-LTS-29)
# Java VM: Java HotSpot(TM) 64-Bit Server VM (21.0.1+12-LTS-29, mixed mode, sharing, tiered, compressed oops, compressed class ptrs, g1 gc, windows-amd64)
# No core dump will be written. Minidumps are not enabled by default on client versions of Windows
#

---------------  S U M M A R Y ------------

Command Line: -Dfile.encoding=UTF-8 --module-path=C:\Users\DELL\OneDrive\Documents\NetBeansProjects\Car Management System\build\classes Car.PaymentSystem

Host: AMD Ryzen 5 3500U with Radeon Vega Mobile Gfx  , 8 cores, 5G,  Windows 11 , 64 bit Build 22621 (10.0.22621.3958)
Time: Thu Sep 12 16:54:43 2024 India Standard Time elapsed time: 2.350480 seconds (0d 0h 0m 2s)

---------------  T H R E A D  ---------------

Current thread (0x0000016fcd019610):  JavaThread "C2 CompilerThread0" daemon [_thread_in_native, id=27160, stack(0x0000001748100000,0x0000001748200000) (1024K)]


Current CompileTask:
C2:   2350 1705 % !   4       java.util.concurrent.ConcurrentHashMap::transfer @ 96 (849 bytes)

Stack: [0x0000001748100000,0x0000001748200000]
Native frames: (J=compiled Java code, j=interpreted, Vv=VM code, C=native code)
V  [jvm.dll+0x6c9029]
V  [jvm.dll+0x854b81]
V  [jvm.dll+0x856e5e]
V  [jvm.dll+0x857543]
V  [jvm.dll+0x280c06]
V  [jvm.dll+0xc3ead]
V  [jvm.dll+0xc43c3]
V  [jvm.dll+0x2f3f3f]
V  [jvm.dll+0x5f40a6]
V  [jvm.dll+0x252bef]
V  [jvm.dll+0x252fbf]
V  [jvm.dll+0x24b734]
V  [jvm.dll+0x248fa3]
V  [jvm.dll+0x1c9ca1]
V  [jvm.dll+0x2586b9]
V  [jvm.dll+0x256c9a]
V  [jvm.dll+0x3ef1b6]
V  [jvm.dll+0x7fd728]
V  [jvm.dll+0x6c777d]
C  [ucrtbase.dll+0x29333]
C  [KERNEL32.DLL+0x1257d]
C  [ntdll.dll+0x5af28]


---------------  P R O C E S S  ---------------

Threads class SMR info:
_java_thread_list=0x00000170142d3cf0, length=19, elements={
0x0000016faf15f640, 0x0000016fcd005db0, 0x0000016fcd006bd0, 0x0000016fcd00d280,
0x0000016fcd00dce0, 0x0000016fcd00f010, 0x0000016fcd0144a0, 0x0000016fcd019610,
0x0000016fcd01a460, 0x0000016fcd253ea0, 0x0000016fcd3107d0, 0x0000016fcd38efa0,
0x0000016fcd394970, 0x0000016fcd48fb40, 0x0000016fcd4ac4a0, 0x0000016fcd50cf60,
0x0000017013eff090, 0x0000017013f01160, 0x0000017013efe370
}

Java Threads: ( => current thread )
  0x0000016faf15f640 JavaThread "main"                              [_thread_in_native, id=27028, stack(0x0000001747300000,0x0000001747400000) (1024K)]
  0x0000016fcd005db0 JavaThread "Reference Handler"          daemon [_thread_blocked, id=26200, stack(0x0000001747b00000,0x0000001747c00000) (1024K)]
  0x0000016fcd006bd0 JavaThread "Finalizer"                  daemon [_thread_blocked, id=20936, stack(0x0000001747c00000,0x0000001747d00000) (1024K)]
  0x0000016fcd00d280 JavaThread "Signal Dispatcher"          daemon [_thread_blocked, id=27100, stack(0x0000001747d00000,0x0000001747e00000) (1024K)]
  0x0000016fcd00dce0 JavaThread "Attach Listener"            daemon [_thread_blocked, id=4508, stack(0x0000001747e00000,0x0000001747f00000) (1024K)]
  0x0000016fcd00f010 JavaThread "Service Thread"             daemon [_thread_blocked, id=27440, stack(0x0000001747f00000,0x0000001748000000) (1024K)]
  0x0000016fcd0144a0 JavaThread "Monitor Deflation Thread"   daemon [_thread_blocked, id=16464, stack(0x0000001748000000,0x0000001748100000) (1024K)]
=>0x0000016fcd019610 JavaThread "C2 CompilerThread0"         daemon [_thread_in_native, id=27160, stack(0x0000001748100000,0x0000001748200000) (1024K)]
  0x0000016fcd01a460 JavaThread "C1 CompilerThread0"         daemon [_thread_blocked, id=5040, stack(0x0000001748200000,0x0000001748300000) (1024K)]
  0x0000016fcd253ea0 JavaThread "Common-Cleaner"             daemon [_thread_blocked, id=26816, stack(0x0000001748300000,0x0000001748400000) (1024K)]
  0x0000016fcd3107d0 JavaThread "Notification Thread"        daemon [_thread_blocked, id=26708, stack(0x0000001748400000,0x0000001748500000) (1024K)]
  0x0000016fcd38efa0 JavaThread "Java2D Disposer"            daemon [_thread_blocked, id=27508, stack(0x0000001748500000,0x0000001748600000) (1024K)]
  0x0000016fcd394970 JavaThread "AWT-Windows"                daemon [_thread_in_native, id=6344, stack(0x0000001748700000,0x0000001748800000) (1024K)]
  0x0000016fcd48fb40 JavaThread "EventQueueMonitor-ComponentEvtDispatch" daemon [_thread_blocked, id=26732, stack(0x0000001748800000,0x0000001748900000) (1024K)]
  0x0000016fcd4ac4a0 JavaThread "Thread-1"                   daemon [_thread_in_native, id=27060, stack(0x0000001748900000,0x0000001748a00000) (1024K)]
  0x0000016fcd50cf60 JavaThread "mysql-cj-abandoned-connection-cleanup" daemon [_thread_blocked, id=24092, stack(0x0000001748a00000,0x0000001748b00000) (1024K)]
  0x0000017013eff090 JavaThread "Image Fetcher 0"            daemon [_thread_blocked, id=22160, stack(0x0000001748600000,0x0000001748700000) (1024K)]
  0x0000017013f01160 JavaThread "AWT-Shutdown"                      [_thread_blocked, id=16716, stack(0x0000001748b00000,0x0000001748c00000) (1024K)]
  0x0000017013efe370 JavaThread "AWT-EventQueue-0"                  [_thread_blocked, id=22476, stack(0x0000001748c00000,0x0000001748d00000) (1024K)]
Total: 19

Other Threads:
  0x0000016faef9f6e0 VMThread "VM Thread"                           [id=25152, stack(0x0000001747a00000,0x0000001747b00000) (1024K)]
  0x0000016fccfd1390 WatcherThread "VM Periodic Task Thread"        [id=16424, stack(0x0000001747900000,0x0000001747a00000) (1024K)]
  0x0000016faefa0560 WorkerThread "GC Thread#0"                     [id=16920, stack(0x0000001747400000,0x0000001747500000) (1024K)]
  0x0000016faf1b2e80 ConcurrentGCThread "G1 Main Marker"            [id=13076, stack(0x0000001747500000,0x0000001747600000) (1024K)]
  0x0000016faefa1040 WorkerThread "G1 Conc#0"                       [id=23188, stack(0x0000001747600000,0x0000001747700000) (1024K)]
  0x0000016faf21e750 ConcurrentGCThread "G1 Refine#0"               [id=4664, stack(0x0000001747700000,0x0000001747800000) (1024K)]
  0x0000016fccea6330 ConcurrentGCThread "G1 Service"                [id=26972, stack(0x0000001747800000,0x0000001747900000) (1024K)]
Total: 7

Threads with active compile tasks:
C2 CompilerThread0     2435 1705 % !   4       java.util.concurrent.ConcurrentHashMap::transfer @ 96 (849 bytes)
Total: 1

VM state: not at safepoint (normal execution)

VM Mutex/Monitor currently owned by a thread: None

Heap address: 0x00000000a1c00000, size: 1508 MB, Compressed Oops mode: 32-bit

CDS archive(s) mapped at: [0x0000016fce000000-0x0000016fcec90000-0x0000016fcec90000), size 13172736, SharedBaseAddress: 0x0000016fce000000, ArchiveRelocationMode: 1.
Compressed class space mapped at: 0x0000016fcf000000-0x000001700f000000, reserved size: 1073741824
Narrow klass base: 0x0000016fce000000, Narrow klass shift: 0, Narrow klass range: 0x100000000

GC Precious Log:
 CardTable entry size: 512
 Card Set container configuration: InlinePtr #cards 5 size 8 Array Of Cards #cards 12 size 40 Howl #buckets 4 coarsen threshold 1843 Howl Bitmap #cards 512 size 80 coarsen threshold 460 Card regions per heap region 1 cards per card region 2048
 CPUs: 8 total, 8 available
 Memory: 6030M
 Large Page Support: Disabled
 NUMA Support: Disabled
 Compressed Oops: Enabled (32-bit)
 Heap Region Size: 1M
 Heap Min Capacity: 8M
 Heap Initial Capacity: 96M
 Heap Max Capacity: 1508M
 Pre-touch: Disabled
 Parallel Workers: 8
 Concurrent Workers: 2
 Concurrent Refinement Workers: 8
 Periodic GC: Disabled

Heap:
 garbage-first heap   total 98304K, used 21504K [0x00000000a1c00000, 0x0000000100000000)
  region size 1024K, 23 young (23552K), 0 survivors (0K)
 Metaspace       used 17058K, committed 17344K, reserved 1114112K
  class space    used 1891K, committed 2048K, reserved 1048576K

Heap Regions: E=young(eden), S=young(survivor), O=old, HS=humongous(starts), HC=humongous(continues), CS=collection set, F=free, TAMS=top-at-mark-start, PB=parsable bottom
|   0|0x00000000a1c00000, 0x00000000a1c00000, 0x00000000a1d00000|  0%| F|  |TAMS 0x00000000a1c00000| PB 0x00000000a1c00000| Untracked 
|   1|0x00000000a1d00000, 0x00000000a1d00000, 0x00000000a1e00000|  0%| F|  |TAMS 0x00000000a1d00000| PB 0x00000000a1d00000| Untracked 
|   2|0x00000000a1e00000, 0x00000000a1e00000, 0x00000000a1f00000|  0%| F|  |TAMS 0x00000000a1e00000| PB 0x00000000a1e00000| Untracked 
|   3|0x00000000a1f00000, 0x00000000a1f00000, 0x00000000a2000000|  0%| F|  |TAMS 0x00000000a1f00000| PB 0x00000000a1f00000| Untracked 
|   4|0x00000000a2000000, 0x00000000a2000000, 0x00000000a2100000|  0%| F|  |TAMS 0x00000000a2000000| PB 0x00000000a2000000| Untracked 
|   5|0x00000000a2100000, 0x00000000a2100000, 0x00000000a2200000|  0%| F|  |TAMS 0x00000000a2100000| PB 0x00000000a2100000| Untracked 
|   6|0x00000000a2200000, 0x00000000a2200000, 0x00000000a2300000|  0%| F|  |TAMS 0x00000000a2200000| PB 0x00000000a2200000| Untracked 
|   7|0x00000000a2300000, 0x00000000a2300000, 0x00000000a2400000|  0%| F|  |TAMS 0x00000000a2300000| PB 0x00000000a2300000| Untracked 
|   8|0x00000000a2400000, 0x00000000a2400000, 0x00000000a2500000|  0%| F|  |TAMS 0x00000000a2400000| PB 0x00000000a2400000| Untracked 
|   9|0x00000000a2500000, 0x00000000a2500000, 0x00000000a2600000|  0%| F|  |TAMS 0x00000000a2500000| PB 0x00000000a2500000| Untracked 
|  10|0x00000000a2600000, 0x00000000a2600000, 0x00000000a2700000|  0%| F|  |TAMS 0x00000000a2600000| PB 0x00000000a2600000| Untracked 
|  11|0x00000000a2700000, 0x00000000a2700000, 0x00000000a2800000|  0%| F|  |TAMS 0x00000000a2700000| PB 0x00000000a2700000| Untracked 
|  12|0x00000000a2800000, 0x00000000a2800000, 0x00000000a2900000|  0%| F|  |TAMS 0x00000000a2800000| PB 0x00000000a2800000| Untracked 
|  13|0x00000000a2900000, 0x00000000a2900000, 0x00000000a2a00000|  0%| F|  |TAMS 0x00000000a2900000| PB 0x00000000a2900000| Untracked 
|  14|0x00000000a2a00000, 0x00000000a2a00000, 0x00000000a2b00000|  0%| F|  |TAMS 0x00000000a2a00000| PB 0x00000000a2a00000| Untracked 
|  15|0x00000000a2b00000, 0x00000000a2b00000, 0x00000000a2c00000|  0%| F|  |TAMS 0x00000000a2b00000| PB 0x00000000a2b00000| Untracked 
|  16|0x00000000a2c00000, 0x00000000a2c00000, 0x00000000a2d00000|  0%| F|  |TAMS 0x00000000a2c00000| PB 0x00000000a2c00000| Untracked 
|  17|0x00000000a2d00000, 0x00000000a2d00000, 0x00000000a2e00000|  0%| F|  |TAMS 0x00000000a2d00000| PB 0x00000000a2d00000| Untracked 
|  18|0x00000000a2e00000, 0x00000000a2e00000, 0x00000000a2f00000|  0%| F|  |TAMS 0x00000000a2e00000| PB 0x00000000a2e00000| Untracked 
|  19|0x00000000a2f00000, 0x00000000a2f00000, 0x00000000a3000000|  0%| F|  |TAMS 0x00000000a2f00000| PB 0x00000000a2f00000| Untracked 
|  20|0x00000000a3000000, 0x00000000a3000000, 0x00000000a3100000|  0%| F|  |TAMS 0x00000000a3000000| PB 0x00000000a3000000| Untracked 
|  21|0x00000000a3100000, 0x00000000a3100000, 0x00000000a3200000|  0%| F|  |TAMS 0x00000000a3100000| PB 0x00000000a3100000| Untracked 
|  22|0x00000000a3200000, 0x00000000a3200000, 0x00000000a3300000|  0%| F|  |TAMS 0x00000000a3200000| PB 0x00000000a3200000| Untracked 
|  23|0x00000000a3300000, 0x00000000a3300000, 0x00000000a3400000|  0%| F|  |TAMS 0x00000000a3300000| PB 0x00000000a3300000| Untracked 
|  24|0x00000000a3400000, 0x00000000a3400000, 0x00000000a3500000|  0%| F|  |TAMS 0x00000000a3400000| PB 0x00000000a3400000| Untracked 
|  25|0x00000000a3500000, 0x00000000a3500000, 0x00000000a3600000|  0%| F|  |TAMS 0x00000000a3500000| PB 0x00000000a3500000| Untracked 
|  26|0x00000000a3600000, 0x00000000a3600000, 0x00000000a3700000|  0%| F|  |TAMS 0x00000000a3600000| PB 0x00000000a3600000| Untracked 
|  27|0x00000000a3700000, 0x00000000a3700000, 0x00000000a3800000|  0%| F|  |TAMS 0x00000000a3700000| PB 0x00000000a3700000| Untracked 
|  28|0x00000000a3800000, 0x00000000a3800000, 0x00000000a3900000|  0%| F|  |TAMS 0x00000000a3800000| PB 0x00000000a3800000| Untracked 
|  29|0x00000000a3900000, 0x00000000a3900000, 0x00000000a3a00000|  0%| F|  |TAMS 0x00000000a3900000| PB 0x00000000a3900000| Untracked 
|  30|0x00000000a3a00000, 0x00000000a3a00000, 0x00000000a3b00000|  0%| F|  |TAMS 0x00000000a3a00000| PB 0x00000000a3a00000| Untracked 
|  31|0x00000000a3b00000, 0x00000000a3b00000, 0x00000000a3c00000|  0%| F|  |TAMS 0x00000000a3b00000| PB 0x00000000a3b00000| Untracked 
|  32|0x00000000a3c00000, 0x00000000a3c00000, 0x00000000a3d00000|  0%| F|  |TAMS 0x00000000a3c00000| PB 0x00000000a3c00000| Untracked 
|  33|0x00000000a3d00000, 0x00000000a3d00000, 0x00000000a3e00000|  0%| F|  |TAMS 0x00000000a3d00000| PB 0x00000000a3d00000| Untracked 
|  34|0x00000000a3e00000, 0x00000000a3e00000, 0x00000000a3f00000|  0%| F|  |TAMS 0x00000000a3e00000| PB 0x00000000a3e00000| Untracked 
|  35|0x00000000a3f00000, 0x00000000a3f00000, 0x00000000a4000000|  0%| F|  |TAMS 0x00000000a3f00000| PB 0x00000000a3f00000| Untracked 
|  36|0x00000000a4000000, 0x00000000a4000000, 0x00000000a4100000|  0%| F|  |TAMS 0x00000000a4000000| PB 0x00000000a4000000| Untracked 
|  37|0x00000000a4100000, 0x00000000a4100000, 0x00000000a4200000|  0%| F|  |TAMS 0x00000000a4100000| PB 0x00000000a4100000| Untracked 
|  38|0x00000000a4200000, 0x00000000a4200000, 0x00000000a4300000|  0%| F|  |TAMS 0x00000000a4200000| PB 0x00000000a4200000| Untracked 
|  39|0x00000000a4300000, 0x00000000a4300000, 0x00000000a4400000|  0%| F|  |TAMS 0x00000000a4300000| PB 0x00000000a4300000| Untracked 
|  40|0x00000000a4400000, 0x00000000a4400000, 0x00000000a4500000|  0%| F|  |TAMS 0x00000000a4400000| PB 0x00000000a4400000| Untracked 
|  41|0x00000000a4500000, 0x00000000a4500000, 0x00000000a4600000|  0%| F|  |TAMS 0x00000000a4500000| PB 0x00000000a4500000| Untracked 
|  42|0x00000000a4600000, 0x00000000a4600000, 0x00000000a4700000|  0%| F|  |TAMS 0x00000000a4600000| PB 0x00000000a4600000| Untracked 
|  43|0x00000000a4700000, 0x00000000a4700000, 0x00000000a4800000|  0%| F|  |TAMS 0x00000000a4700000| PB 0x00000000a4700000| Untracked 
|  44|0x00000000a4800000, 0x00000000a4800000, 0x00000000a4900000|  0%| F|  |TAMS 0x00000000a4800000| PB 0x00000000a4800000| Untracked 
|  45|0x00000000a4900000, 0x00000000a4900000, 0x00000000a4a00000|  0%| F|  |TAMS 0x00000000a4900000| PB 0x00000000a4900000| Untracked 
|  46|0x00000000a4a00000, 0x00000000a4a00000, 0x00000000a4b00000|  0%| F|  |TAMS 0x00000000a4a00000| PB 0x00000000a4a00000| Untracked 
|  47|0x00000000a4b00000, 0x00000000a4b00000, 0x00000000a4c00000|  0%| F|  |TAMS 0x00000000a4b00000| PB 0x00000000a4b00000| Untracked 
|  48|0x00000000a4c00000, 0x00000000a4c00000, 0x00000000a4d00000|  0%| F|  |TAMS 0x00000000a4c00000| PB 0x00000000a4c00000| Untracked 
|  49|0x00000000a4d00000, 0x00000000a4d00000, 0x00000000a4e00000|  0%| F|  |TAMS 0x00000000a4d00000| PB 0x00000000a4d00000| Untracked 
|  50|0x00000000a4e00000, 0x00000000a4e00000, 0x00000000a4f00000|  0%| F|  |TAMS 0x00000000a4e00000| PB 0x00000000a4e00000| Untracked 
|  51|0x00000000a4f00000, 0x00000000a4f00000, 0x00000000a5000000|  0%| F|  |TAMS 0x00000000a4f00000| PB 0x00000000a4f00000| Untracked 
|  52|0x00000000a5000000, 0x00000000a5000000, 0x00000000a5100000|  0%| F|  |TAMS 0x00000000a5000000| PB 0x00000000a5000000| Untracked 
|  53|0x00000000a5100000, 0x00000000a5100000, 0x00000000a5200000|  0%| F|  |TAMS 0x00000000a5100000| PB 0x00000000a5100000| Untracked 
|  54|0x00000000a5200000, 0x00000000a5200000, 0x00000000a5300000|  0%| F|  |TAMS 0x00000000a5200000| PB 0x00000000a5200000| Untracked 
|  55|0x00000000a5300000, 0x00000000a5300000, 0x00000000a5400000|  0%| F|  |TAMS 0x00000000a5300000| PB 0x00000000a5300000| Untracked 
|  56|0x00000000a5400000, 0x00000000a5400000, 0x00000000a5500000|  0%| F|  |TAMS 0x00000000a5400000| PB 0x00000000a5400000| Untracked 
|  57|0x00000000a5500000, 0x00000000a5500000, 0x00000000a5600000|  0%| F|  |TAMS 0x00000000a5500000| PB 0x00000000a5500000| Untracked 
|  58|0x00000000a5600000, 0x00000000a5600000, 0x00000000a5700000|  0%| F|  |TAMS 0x00000000a5600000| PB 0x00000000a5600000| Untracked 
|  59|0x00000000a5700000, 0x00000000a5700000, 0x00000000a5800000|  0%| F|  |TAMS 0x00000000a5700000| PB 0x00000000a5700000| Untracked 
|  60|0x00000000a5800000, 0x00000000a5800000, 0x00000000a5900000|  0%| F|  |TAMS 0x00000000a5800000| PB 0x00000000a5800000| Untracked 
|  61|0x00000000a5900000, 0x00000000a5900000, 0x00000000a5a00000|  0%| F|  |TAMS 0x00000000a5900000| PB 0x00000000a5900000| Untracked 
|  62|0x00000000a5a00000, 0x00000000a5a00000, 0x00000000a5b00000|  0%| F|  |TAMS 0x00000000a5a00000| PB 0x00000000a5a00000| Untracked 
|  63|0x00000000a5b00000, 0x00000000a5b00000, 0x00000000a5c00000|  0%| F|  |TAMS 0x00000000a5b00000| PB 0x00000000a5b00000| Untracked 
|  64|0x00000000a5c00000, 0x00000000a5c00000, 0x00000000a5d00000|  0%| F|  |TAMS 0x00000000a5c00000| PB 0x00000000a5c00000| Untracked 
|  65|0x00000000a5d00000, 0x00000000a5d00000, 0x00000000a5e00000|  0%| F|  |TAMS 0x00000000a5d00000| PB 0x00000000a5d00000| Untracked 
|  66|0x00000000a5e00000, 0x00000000a5e00000, 0x00000000a5f00000|  0%| F|  |TAMS 0x00000000a5e00000| PB 0x00000000a5e00000| Untracked 
|  67|0x00000000a5f00000, 0x00000000a5f00000, 0x00000000a6000000|  0%| F|  |TAMS 0x00000000a5f00000| PB 0x00000000a5f00000| Untracked 
|  68|0x00000000a6000000, 0x00000000a6000000, 0x00000000a6100000|  0%| F|  |TAMS 0x00000000a6000000| PB 0x00000000a6000000| Untracked 
|  69|0x00000000a6100000, 0x00000000a6100000, 0x00000000a6200000|  0%| F|  |TAMS 0x00000000a6100000| PB 0x00000000a6100000| Untracked 
|  70|0x00000000a6200000, 0x00000000a6200000, 0x00000000a6300000|  0%| F|  |TAMS 0x00000000a6200000| PB 0x00000000a6200000| Untracked 
|  71|0x00000000a6300000, 0x00000000a6300000, 0x00000000a6400000|  0%| F|  |TAMS 0x00000000a6300000| PB 0x00000000a6300000| Untracked 
|  72|0x00000000a6400000, 0x00000000a6400000, 0x00000000a6500000|  0%| F|  |TAMS 0x00000000a6400000| PB 0x00000000a6400000| Untracked 
|  73|0x00000000a6500000, 0x00000000a65ebeb0, 0x00000000a6600000| 92%| E|  |TAMS 0x00000000a6500000| PB 0x00000000a6500000| Complete 
|  74|0x00000000a6600000, 0x00000000a6700000, 0x00000000a6700000|100%| E|CS|TAMS 0x00000000a6600000| PB 0x00000000a6600000| Complete 
|  75|0x00000000a6700000, 0x00000000a6800000, 0x00000000a6800000|100%| E|  |TAMS 0x00000000a6700000| PB 0x00000000a6700000| Complete 
|  76|0x00000000a6800000, 0x00000000a6900000, 0x00000000a6900000|100%| E|CS|TAMS 0x00000000a6800000| PB 0x00000000a6800000| Complete 
|  77|0x00000000a6900000, 0x00000000a6a00000, 0x00000000a6a00000|100%| E|CS|TAMS 0x00000000a6900000| PB 0x00000000a6900000| Complete 
|  78|0x00000000a6a00000, 0x00000000a6b00000, 0x00000000a6b00000|100%| E|CS|TAMS 0x00000000a6a00000| PB 0x00000000a6a00000| Complete 
|  79|0x00000000a6b00000, 0x00000000a6c00000, 0x00000000a6c00000|100%| E|CS|TAMS 0x00000000a6b00000| PB 0x00000000a6b00000| Complete 
|  80|0x00000000a6c00000, 0x00000000a6d00000, 0x00000000a6d00000|100%| E|CS|TAMS 0x00000000a6c00000| PB 0x00000000a6c00000| Complete 
|  81|0x00000000a6d00000, 0x00000000a6e00000, 0x00000000a6e00000|100%| E|CS|TAMS 0x00000000a6d00000| PB 0x00000000a6d00000| Complete 
|  82|0x00000000a6e00000, 0x00000000a6f00000, 0x00000000a6f00000|100%| E|CS|TAMS 0x00000000a6e00000| PB 0x00000000a6e00000| Complete 
|  83|0x00000000a6f00000, 0x00000000a7000000, 0x00000000a7000000|100%| E|CS|TAMS 0x00000000a6f00000| PB 0x00000000a6f00000| Complete 
|  84|0x00000000a7000000, 0x00000000a7100000, 0x00000000a7100000|100%| E|CS|TAMS 0x00000000a7000000| PB 0x00000000a7000000| Complete 
|  85|0x00000000a7100000, 0x00000000a7200000, 0x00000000a7200000|100%| E|CS|TAMS 0x00000000a7100000| PB 0x00000000a7100000| Complete 
|  86|0x00000000a7200000, 0x00000000a7300000, 0x00000000a7300000|100%| E|CS|TAMS 0x00000000a7200000| PB 0x00000000a7200000| Complete 
|  87|0x00000000a7300000, 0x00000000a7400000, 0x00000000a7400000|100%| E|CS|TAMS 0x00000000a7300000| PB 0x00000000a7300000| Complete 
|  88|0x00000000a7400000, 0x00000000a7500000, 0x00000000a7500000|100%| E|CS|TAMS 0x00000000a7400000| PB 0x00000000a7400000| Complete 
|  89|0x00000000a7500000, 0x00000000a7600000, 0x00000000a7600000|100%| E|CS|TAMS 0x00000000a7500000| PB 0x00000000a7500000| Complete 
|  90|0x00000000a7600000, 0x00000000a7700000, 0x00000000a7700000|100%| E|CS|TAMS 0x00000000a7600000| PB 0x00000000a7600000| Complete 
|  91|0x00000000a7700000, 0x00000000a7800000, 0x00000000a7800000|100%| E|CS|TAMS 0x00000000a7700000| PB 0x00000000a7700000| Complete 
|  92|0x00000000a7800000, 0x00000000a7900000, 0x00000000a7900000|100%| E|CS|TAMS 0x00000000a7800000| PB 0x00000000a7800000| Complete 
|  93|0x00000000a7900000, 0x00000000a7a00000, 0x00000000a7a00000|100%| E|CS|TAMS 0x00000000a7900000| PB 0x00000000a7900000| Complete 
|  94|0x00000000a7a00000, 0x00000000a7b00000, 0x00000000a7b00000|100%| E|CS|TAMS 0x00000000a7a00000| PB 0x00000000a7a00000| Complete 
|  95|0x00000000a7b00000, 0x00000000a7c00000, 0x00000000a7c00000|100%| E|CS|TAMS 0x00000000a7b00000| PB 0x00000000a7b00000| Complete 

Card table byte_map: [0x0000016fc8b00000,0x0000016fc8e00000] _byte_map_base: 0x0000016fc85f2000

Marking Bits: (CMBitMap*) 0x0000016faf1a5f60
 Bits: [0x0000016fc8e00000, 0x0000016fca590000)

Polling page: 0x0000016faf220000

Metaspace:

Usage:
  Non-class:     14.84 MB used.
      Class:      1.85 MB used.
       Both:     16.69 MB used.

Virtual space:
  Non-class space:       64.00 MB reserved,      15.00 MB ( 23%) committed,  1 nodes.
      Class space:        1.00 GB reserved,       2.00 MB ( <1%) committed,  1 nodes.
             Both:        1.06 GB reserved,      17.00 MB (  2%) committed. 

Chunk freelists:
   Non-Class:  1001.00 KB
       Class:  14.03 MB
        Both:  15.01 MB

MaxMetaspaceSize: unlimited
CompressedClassSpaceSize: 1.00 GB
Initial GC threshold: 21.00 MB
Current GC threshold: 21.00 MB
CDS: on
 - commit_granule_bytes: 65536.
 - commit_granule_words: 8192.
 - virtual_space_node_default_size: 8388608.
 - enlarge_chunks_in_place: 1.
 - use_allocation_guard: 0.


Internal statistics:

num_allocs_failed_limit: 0.
num_arena_births: 192.
num_arena_deaths: 0.
num_vsnodes_births: 2.
num_vsnodes_deaths: 0.
num_space_committed: 272.
num_space_uncommitted: 0.
num_chunks_returned_to_freelist: 0.
num_chunks_taken_from_freelist: 428.
num_chunk_merges: 0.
num_chunk_splits: 246.
num_chunks_enlarged: 125.
num_inconsistent_stats: 0.

CodeHeap 'non-profiled nmethods': size=120000Kb used=568Kb max_used=568Kb free=119431Kb
 bounds [0x0000016fc0870000, 0x0000016fc0ae0000, 0x0000016fc7da0000]
CodeHeap 'profiled nmethods': size=120000Kb used=3040Kb max_used=3040Kb free=116959Kb
 bounds [0x0000016fb8da0000, 0x0000016fb90a0000, 0x0000016fc02d0000]
CodeHeap 'non-nmethods': size=5760Kb used=1643Kb max_used=1647Kb free=4116Kb
 bounds [0x0000016fc02d0000, 0x0000016fc0540000, 0x0000016fc0870000]
 total_blobs=2408 nmethods=1720 adapters=593
 compilation: enabled
              stopped_count=0, restarted_count=0
 full_count=0

Compilation events (20 events):
Event: 2.331 Thread 0x0000016fcd01a460 1704       1       java.nio.HeapByteBuffer::isReadOnly (2 bytes)
Event: 2.331 Thread 0x0000016fcd01a460 nmethod 1704 0x0000016fc08fd190 code [0x0000016fc08fd320, 0x0000016fc08fd3e8]
Event: 2.336 Thread 0x0000016fcd01a460 1706   !   3       jdk.internal.misc.ScopedMemoryAccess::getCharUnaligned (18 bytes)
Event: 2.337 Thread 0x0000016fcd01a460 nmethod 1706 0x0000016fb9093490 code [0x0000016fb9093680, 0x0000016fb9093b78]
Event: 2.337 Thread 0x0000016fcd01a460 1707   !   3       jdk.internal.misc.ScopedMemoryAccess::getCharUnalignedInternal (36 bytes)
Event: 2.337 Thread 0x0000016fcd01a460 nmethod 1707 0x0000016fb9093e10 code [0x0000016fb9093fe0, 0x0000016fb9094380]
Event: 2.338 Thread 0x0000016fcd01a460 1708       3       java.nio.ByteBufferAsCharBufferB::get (30 bytes)
Event: 2.339 Thread 0x0000016fcd01a460 nmethod 1708 0x0000016fb9094590 code [0x0000016fb9094800, 0x0000016fb9095110]
Event: 2.339 Thread 0x0000016fcd01a460 1709       3       jdk.internal.misc.Unsafe::getCharUnaligned (12 bytes)
Event: 2.339 Thread 0x0000016fcd01a460 nmethod 1709 0x0000016fb9095590 code [0x0000016fb9095740, 0x0000016fb9095980]
Event: 2.339 Thread 0x0000016fcd01a460 1710       3       jdk.internal.misc.Unsafe::getCharUnaligned (34 bytes)
Event: 2.339 Thread 0x0000016fcd01a460 nmethod 1710 0x0000016fb9095a90 code [0x0000016fb9095c60, 0x0000016fb9096020]
Event: 2.340 Thread 0x0000016fcd01a460 1712       3       jdk.internal.misc.Unsafe::convEndian (16 bytes)
Event: 2.340 Thread 0x0000016fcd01a460 nmethod 1712 0x0000016fb9096190 code [0x0000016fb9096340, 0x0000016fb9096500]
Event: 2.340 Thread 0x0000016fcd01a460 1713       3       java.lang.Character::reverseBytes (15 bytes)
Event: 2.340 Thread 0x0000016fcd01a460 nmethod 1713 0x0000016fb9096590 code [0x0000016fb9096720, 0x0000016fb9096828]
Event: 2.340 Thread 0x0000016fcd01a460 1714       3       java.nio.ByteBufferAsCharBufferB::byteOffset (9 bytes)
Event: 2.340 Thread 0x0000016fcd01a460 nmethod 1714 0x0000016fb9096890 code [0x0000016fb9096a20, 0x0000016fb9096b40]
Event: 2.343 Thread 0x0000016fcd01a460 1715       3       java.nio.MappedByteBuffer::position (6 bytes)
Event: 2.343 Thread 0x0000016fcd01a460 nmethod 1715 0x0000016fb9096c10 code [0x0000016fb9096dc0, 0x0000016fb9096fd0]

GC Heap History (0 events):
No events

Dll operation events (12 events):
Event: 0.012 Loaded shared library A:\java1.8\bin\java.dll
Event: 0.071 Loaded shared library A:\java1.8\bin\jsvml.dll
Event: 0.135 Loaded shared library A:\java1.8\bin\net.dll
Event: 0.140 Loaded shared library A:\java1.8\bin\nio.dll
Event: 0.192 Loaded shared library A:\java1.8\bin\zip.dll
Event: 0.214 Loaded shared library A:\java1.8\bin\jimage.dll
Event: 0.242 Loaded shared library A:\java1.8\bin\awt.dll
Event: 0.434 Loaded shared library A:\java1.8\bin\javaaccessbridge.dll
Event: 1.053 Loaded shared library A:\java1.8\bin\extnet.dll
Event: 1.523 Loaded shared library A:\java1.8\bin\sunmscapi.dll
Event: 2.222 Loaded shared library A:\java1.8\bin\freetype.dll
Event: 2.224 Loaded shared library A:\java1.8\bin\fontmanager.dll

Deoptimization events (20 events):
Event: 2.098 Thread 0x0000017013eff090 Uncommon trap: trap_request=0xffffff45 fr.pc=0x0000016fc08b1368 relative=0x0000000000000048
Event: 2.098 Thread 0x0000017013eff090 Uncommon trap: reason=unstable_if action=reinterpret pc=0x0000016fc08b1368 method=java.lang.StringLatin1.canEncode(I)Z @ 4 c2
Event: 2.098 Thread 0x0000017013eff090 DEOPT PACKING pc=0x0000016fc08b1368 sp=0x00000017486feb20
Event: 2.098 Thread 0x0000017013eff090 DEOPT UNPACKING pc=0x0000016fc03246a2 sp=0x00000017486feab0 mode 2
Event: 2.099 Thread 0x0000017013eff090 Uncommon trap: trap_request=0xffffff45 fr.pc=0x0000016fc08ca314 relative=0x00000000000005b4
Event: 2.099 Thread 0x0000017013eff090 Uncommon trap: reason=unstable_if action=reinterpret pc=0x0000016fc08ca314 method=java.lang.String.substring(II)Ljava/lang/String; @ 31 c2
Event: 2.099 Thread 0x0000017013eff090 DEOPT PACKING pc=0x0000016fc08ca314 sp=0x00000017486febe0
Event: 2.099 Thread 0x0000017013eff090 DEOPT UNPACKING pc=0x0000016fc03246a2 sp=0x00000017486febb0 mode 2
Event: 2.100 Thread 0x0000017013eff090 Uncommon trap: trap_request=0xffffff45 fr.pc=0x0000016fc08b2354 relative=0x00000000000003f4
Event: 2.100 Thread 0x0000017013eff090 Uncommon trap: reason=unstable_if action=reinterpret pc=0x0000016fc08b2354 method=java.lang.StringLatin1.canEncode(I)Z @ 4 c2
Event: 2.100 Thread 0x0000017013eff090 DEOPT PACKING pc=0x0000016fc08b2354 sp=0x00000017486febf0
Event: 2.100 Thread 0x0000017013eff090 DEOPT UNPACKING pc=0x0000016fc03246a2 sp=0x00000017486feb18 mode 2
Event: 2.101 Thread 0x0000017013eff090 Uncommon trap: trap_request=0xffffff45 fr.pc=0x0000016fc08b3638 relative=0x00000000000003d8
Event: 2.101 Thread 0x0000017013eff090 Uncommon trap: reason=unstable_if action=reinterpret pc=0x0000016fc08b3638 method=java.lang.AbstractStringBuilder.isLatin1()Z @ 10 c2
Event: 2.101 Thread 0x0000017013eff090 DEOPT PACKING pc=0x0000016fc08b3638 sp=0x00000017486feba0
Event: 2.101 Thread 0x0000017013eff090 DEOPT UNPACKING pc=0x0000016fc03246a2 sp=0x00000017486feb20 mode 2
Event: 2.101 Thread 0x0000017013eff090 Uncommon trap: trap_request=0xffffff45 fr.pc=0x0000016fc08815a8 relative=0x0000000000000188
Event: 2.101 Thread 0x0000017013eff090 Uncommon trap: reason=unstable_if action=reinterpret pc=0x0000016fc08815a8 method=java.lang.String.equals(Ljava/lang/Object;)Z @ 33 c2
Event: 2.101 Thread 0x0000017013eff090 DEOPT PACKING pc=0x0000016fc08815a8 sp=0x00000017486fec30
Event: 2.101 Thread 0x0000017013eff090 DEOPT UNPACKING pc=0x0000016fc03246a2 sp=0x00000017486febc0 mode 2

Classes loaded (20 events):
Event: 2.334 Loading class sun/font/TrueTypeGlyphMapper
Event: 2.335 Loading class sun/font/TrueTypeGlyphMapper done
Event: 2.335 Loading class sun/font/CMap
Event: 2.335 Loading class sun/font/CMap done
Event: 2.335 Loading class sun/font/CMap$NullCMapClass
Event: 2.335 Loading class sun/font/CMap$NullCMapClass done
Event: 2.335 Loading class sun/font/CMap$CMapFormat4
Event: 2.336 Loading class sun/font/CMap$CMapFormat4 done
Event: 2.336 Loading class java/nio/ByteBufferAsCharBufferB
Event: 2.336 Loading class java/nio/ByteBufferAsCharBufferB done
Event: 2.339 Loading class sun/font/FontStrikeDisposer
Event: 2.339 Loading class sun/java2d/Disposer$PollDisposable
Event: 2.339 Loading class sun/java2d/Disposer$PollDisposable done
Event: 2.339 Loading class sun/font/FontStrikeDisposer done
Event: 2.339 Loading class sun/font/StrikeCache$SoftDisposerRef
Event: 2.339 Loading class sun/font/StrikeCache$DisposableStrike
Event: 2.339 Loading class sun/font/StrikeCache$DisposableStrike done
Event: 2.339 Loading class sun/font/StrikeCache$SoftDisposerRef done
Event: 2.340 Loading class sun/font/FontDesignMetrics$KeyReference
Event: 2.340 Loading class sun/font/FontDesignMetrics$KeyReference done

Classes unloaded (0 events):
No events

Classes redefined (0 events):
No events

Internal exceptions (20 events):
Event: 0.483 Thread 0x0000016faf15f640 Exception <a 'java/lang/NoSuchMethodError'{0x00000000a7737090}: 'void java.lang.invoke.DirectMethodHandle$Holder.invokeStatic(java.lang.Object, java.lang.Object)'> (0x00000000a7737090) 
thrown [s\open\src\hotspot\share\interpreter\linkResolver.cpp, line 773]
Event: 0.510 Thread 0x0000016faf15f640 Exception <a 'java/lang/NoSuchMethodError'{0x00000000a7754e58}: 'void java.lang.invoke.DirectMethodHandle$Holder.invokeSpecial(java.lang.Object, java.lang.Object, java.lang.Object)'> (0x00000000a7754e58) 
thrown [s\open\src\hotspot\share\interpreter\linkResolver.cpp, line 773]
Event: 0.527 Thread 0x0000016faf15f640 Exception <a 'java/lang/NoSuchMethodError'{0x00000000a77f0850}: 'java.lang.Object java.lang.invoke.DirectMethodHandle$Holder.newInvokeSpecial(java.lang.Object, java.lang.Object, java.lang.Object, java.lang.Object, java.lang.Object)'> (0x00000000a77f0850) 
thrown [s\open\src\hotspot\share\interpreter\linkResolver.cpp, line 773]
Event: 0.541 Thread 0x0000016faf15f640 Exception <a 'java/lang/NoSuchMethodError'{0x00000000a761c878}: 'java.lang.Object java.lang.invoke.DirectMethodHandle$Holder.invokeStatic(java.lang.Object, int, java.lang.Object)'> (0x00000000a761c878) 
thrown [s\open\src\hotspot\share\interpreter\linkResolver.cpp, line 773]
Event: 0.596 Thread 0x0000016faf15f640 Exception <a 'java/lang/ClassNotFoundException'{0x00000000a76bbb20}: com/sun/swing/internal/plaf/metal/resources/spi/metalProvider> (0x00000000a76bbb20) 
thrown [s\open\src\hotspot\share\classfile\systemDictionary.cpp, line 312]
Event: 0.598 Thread 0x0000016faf15f640 Exception <a 'java/lang/ClassNotFoundException'{0x00000000a76bfa80}: com/sun/swing/internal/plaf/basic/resources/spi/basicProvider> (0x00000000a76bfa80) 
thrown [s\open\src\hotspot\share\classfile\systemDictionary.cpp, line 312]
Event: 0.623 Thread 0x0000016faf15f640 Exception <a 'java/lang/NoSuchMethodError'{0x00000000a76de970}: 'int java.lang.invoke.Invokers$Holder.invokeExact_MT(java.lang.Object, java.lang.Object)'> (0x00000000a76de970) 
thrown [s\open\src\hotspot\share\interpreter\linkResolver.cpp, line 773]
Event: 0.790 Thread 0x0000016faf15f640 Exception <a 'java/lang/NoSuchMethodError'{0x00000000a7472e90}: 'java.lang.Object java.lang.invoke.DirectMethodHandle$Holder.invokeInterface(java.lang.Object, java.lang.Object)'> (0x00000000a7472e90) 
thrown [s\open\src\hotspot\share\interpreter\linkResolver.cpp, line 773]
Event: 0.858 Thread 0x0000016faf15f640 Exception <a 'java/lang/NoSuchMethodError'{0x00000000a74ec5d8}: 'void java.lang.invoke.DirectMethodHandle$Holder.invokeStatic(java.lang.Object, java.lang.Object, java.lang.Object)'> (0x00000000a74ec5d8) 
thrown [s\open\src\hotspot\share\interpreter\linkResolver.cpp, line 773]
Event: 0.861 Thread 0x0000016faf15f640 Exception <a 'java/lang/NoSuchMethodError'{0x00000000a74f52c0}: 'java.lang.Object java.lang.invoke.DirectMethodHandle$Holder.invokeVirtual(java.lang.Object, java.lang.Object, java.lang.Object)'> (0x00000000a74f52c0) 
thrown [s\open\src\hotspot\share\interpreter\linkResolver.cpp, line 773]
Event: 1.233 Thread 0x0000016faf15f640 Exception <a 'java/lang/NoSuchMethodError'{0x00000000a6e8a188}: 'void java.lang.invoke.DirectMethodHandle$Holder.invokeStaticInit(java.lang.Object, java.lang.Object)'> (0x00000000a6e8a188) 
thrown [s\open\src\hotspot\share\interpreter\linkResolver.cpp, line 773]
Event: 1.365 Thread 0x0000016faf15f640 Exception <a 'sun/nio/fs/WindowsException'{0x00000000a6dc0a70}> (0x00000000a6dc0a70) 
thrown [s\open\src\hotspot\share\prims\jni.cpp, line 520]
Event: 1.446 Thread 0x0000016faf15f640 Exception <a 'java/lang/NoSuchMethodError'{0x00000000a6c6f788}: 'java.lang.Object java.lang.invoke.DirectMethodHandle$Holder.invokeStaticInit(java.lang.Object, int, int, int, int)'> (0x00000000a6c6f788) 
thrown [s\open\src\hotspot\share\interpreter\linkResolver.cpp, line 773]
Event: 1.477 Thread 0x0000016faf15f640 Exception <a 'java/lang/NoSuchMethodError'{0x00000000a6cd5250}: 'java.lang.Object java.lang.invoke.DirectMethodHandle$Holder.invokeStaticInit(java.lang.Object, java.lang.Object, int, int, int, int)'> (0x00000000a6cd5250) 
thrown [s\open\src\hotspot\share\interpreter\linkResolver.cpp, line 773]
Event: 1.575 Thread 0x0000016faf15f640 Exception <a 'java/lang/NoSuchMethodError'{0x00000000a6b53048}: 'int java.lang.invoke.DirectMethodHandle$Holder.invokeSpecial(java.lang.Object, java.lang.Object, java.lang.Object)'> (0x00000000a6b53048) 
thrown [s\open\src\hotspot\share\interpreter\linkResolver.cpp, line 773]
Event: 1.795 Thread 0x0000016faf15f640 Exception <a 'java/lang/NoSuchMethodError'{0x00000000a6ad37c8}: 'void java.lang.invoke.DirectMethodHandle$Holder.invokeVirtual(java.lang.Object, java.lang.Object)'> (0x00000000a6ad37c8) 
thrown [s\open\src\hotspot\share\interpreter\linkResolver.cpp, line 773]
Event: 2.072 Thread 0x0000017013eff090 Implicit null exception at 0x0000016fc08c5920 to 0x0000016fc08c5ed0
Event: 2.073 Thread 0x0000017013eff090 Implicit null exception at 0x0000016fc08c4a20 to 0x0000016fc08c4fcc
Event: 2.131 Thread 0x0000017013eff090 Exception <a 'java/lang/NoSuchMethodError'{0x00000000a6649df0}: 'java.lang.Object java.lang.invoke.DirectMethodHandle$Holder.newInvokeSpecial(java.lang.Object, java.lang.Object, java.lang.Object, int, int, int, int, int)'> (0x00000000a6649df0) 
thrown [s\open\src\hotspot\share\interpreter\linkResolver.cpp, line 773]
Event: 2.211 Thread 0x0000016faf15f640 Exception <a 'java/lang/NoSuchMethodError'{0x00000000a6502620}: 'void java.lang.invoke.DirectMethodHandle$Holder.invokeStaticInit(java.lang.Object)'> (0x00000000a6502620) 
thrown [s\open\src\hotspot\share\interpreter\linkResolver.cpp, line 773]

ZGC Phase Switch (0 events):
No events

VM Operations (14 events):
Event: 0.156 Executing VM operation: HandshakeAllThreads (Deoptimize)
Event: 0.156 Executing VM operation: HandshakeAllThreads (Deoptimize) done
Event: 0.293 Executing VM operation: HandshakeAllThreads (Deoptimize)
Event: 0.294 Executing VM operation: HandshakeAllThreads (Deoptimize) done
Event: 0.673 Executing VM operation: HandshakeAllThreads (Deoptimize)
Event: 0.673 Executing VM operation: HandshakeAllThreads (Deoptimize) done
Event: 0.733 Executing VM operation: HandshakeAllThreads (Deoptimize)
Event: 0.733 Executing VM operation: HandshakeAllThreads (Deoptimize) done
Event: 1.509 Executing VM operation: ICBufferFull
Event: 1.509 Executing VM operation: ICBufferFull done
Event: 1.827 Executing VM operation: HandshakeAllThreads (Deoptimize)
Event: 1.827 Executing VM operation: HandshakeAllThreads (Deoptimize) done
Event: 2.323 Executing VM operation: HandshakeAllThreads (Deoptimize)
Event: 2.323 Executing VM operation: HandshakeAllThreads (Deoptimize) done

Events (20 events):
Event: 0.068 Thread 0x0000016fcd005db0 Thread added: 0x0000016fcd005db0
Event: 0.069 Thread 0x0000016fcd006bd0 Thread added: 0x0000016fcd006bd0
Event: 0.069 Thread 0x0000016fcd00d280 Thread added: 0x0000016fcd00d280
Event: 0.069 Thread 0x0000016fcd00dce0 Thread added: 0x0000016fcd00dce0
Event: 0.069 Thread 0x0000016fcd00f010 Thread added: 0x0000016fcd00f010
Event: 0.069 Thread 0x0000016fcd0144a0 Thread added: 0x0000016fcd0144a0
Event: 0.069 Thread 0x0000016fcd019610 Thread added: 0x0000016fcd019610
Event: 0.070 Thread 0x0000016fcd01a460 Thread added: 0x0000016fcd01a460
Event: 0.108 Thread 0x0000016fcd253ea0 Thread added: 0x0000016fcd253ea0
Event: 0.180 Thread 0x0000016fcd3107d0 Thread added: 0x0000016fcd3107d0
Event: 0.387 Thread 0x0000016fcd38efa0 Thread added: 0x0000016fcd38efa0
Event: 0.390 Thread 0x0000016fcd3920d0 Thread added: 0x0000016fcd3920d0
Event: 0.395 Thread 0x0000016fcd394970 Thread added: 0x0000016fcd394970
Event: 0.454 Thread 0x0000016fcd48fb40 Thread added: 0x0000016fcd48fb40
Event: 0.481 Thread 0x0000016fcd4ac4a0 Thread added: 0x0000016fcd4ac4a0
Event: 0.706 Thread 0x0000016fcd50cf60 Thread added: 0x0000016fcd50cf60
Event: 1.530 Thread 0x0000016fcd3920d0 Thread exited: 0x0000016fcd3920d0
Event: 2.065 Thread 0x0000017013eff090 Thread added: 0x0000017013eff090
Event: 2.149 Thread 0x0000017013f01160 Thread added: 0x0000017013f01160
Event: 2.174 Thread 0x0000017013efe370 Thread added: 0x0000017013efe370


Dynamic libraries:
0x00007ff669fd0000 - 0x00007ff669fe0000 	A:\java1.8\bin\java.exe
0x00007ffa4f0d0000 - 0x00007ffa4f2e7000 	C:\WINDOWS\SYSTEM32\ntdll.dll
0x00007ffa12890000 - 0x00007ffa128aa000 	C:\Program Files\Avast Software\Avast\aswhook.dll
0x00007ffa4eb40000 - 0x00007ffa4ec04000 	C:\WINDOWS\System32\KERNEL32.DLL
0x00007ffa4c810000 - 0x00007ffa4cbbd000 	C:\WINDOWS\System32\KERNELBASE.dll
0x00007ffa4cc60000 - 0x00007ffa4cd71000 	C:\WINDOWS\System32\ucrtbase.dll
0x00007ffa481b0000 - 0x00007ffa481c9000 	A:\java1.8\bin\jli.dll
0x00007ffa38f90000 - 0x00007ffa38fab000 	A:\java1.8\bin\VCRUNTIME140.dll
0x00007ffa4ecb0000 - 0x00007ffa4ed62000 	C:\WINDOWS\System32\ADVAPI32.dll
0x00007ffa4e060000 - 0x00007ffa4e107000 	C:\WINDOWS\System32\msvcrt.dll
0x00007ffa4cf20000 - 0x00007ffa4cfc9000 	C:\WINDOWS\System32\sechost.dll
0x00007ffa4c7e0000 - 0x00007ffa4c808000 	C:\WINDOWS\System32\bcrypt.dll
0x00007ffa4ea20000 - 0x00007ffa4eb34000 	C:\WINDOWS\System32\RPCRT4.dll
0x00007ffa4dc70000 - 0x00007ffa4de1e000 	C:\WINDOWS\System32\USER32.dll
0x00007ffa4cc30000 - 0x00007ffa4cc56000 	C:\WINDOWS\System32\win32u.dll
0x00007ffa3bd40000 - 0x00007ffa3bfd3000 	C:\WINDOWS\WinSxS\amd64_microsoft.windows.common-controls_6595b64144ccf1df_6.0.22621.3672_none_2713b9d173822955\COMCTL32.dll
0x00007ffa4d840000 - 0x00007ffa4d869000 	C:\WINDOWS\System32\GDI32.dll
0x00007ffa4c3f0000 - 0x00007ffa4c509000 	C:\WINDOWS\System32\gdi32full.dll
0x00007ffa4c740000 - 0x00007ffa4c7da000 	C:\WINDOWS\System32\msvcp_win.dll
0x00007ffa43ed0000 - 0x00007ffa43eda000 	C:\WINDOWS\SYSTEM32\VERSION.dll
0x00007ffa4e170000 - 0x00007ffa4e1a1000 	C:\WINDOWS\System32\IMM32.DLL
0x00007ffa38f80000 - 0x00007ffa38f8c000 	A:\java1.8\bin\vcruntime140_1.dll
0x00007ffa38bc0000 - 0x00007ffa38c4e000 	A:\java1.8\bin\msvcp140.dll
0x00007ffa38fb0000 - 0x00007ffa39cc5000 	A:\java1.8\bin\server\jvm.dll
0x00007ffa4dbf0000 - 0x00007ffa4dc61000 	C:\WINDOWS\System32\WS2_32.dll
0x00007ffa4c2c0000 - 0x00007ffa4c30d000 	C:\WINDOWS\SYSTEM32\POWRPROF.dll
0x00007ffa44780000 - 0x00007ffa447b4000 	C:\WINDOWS\SYSTEM32\WINMM.dll
0x00007ffa4c2a0000 - 0x00007ffa4c2b3000 	C:\WINDOWS\SYSTEM32\UMPDC.dll
0x00007ffa4b440000 - 0x00007ffa4b458000 	C:\WINDOWS\SYSTEM32\kernel.appcore.dll
0x00007ffa38f10000 - 0x00007ffa38f1a000 	A:\java1.8\bin\jimage.dll
0x00007ffa43160000 - 0x00007ffa43392000 	C:\WINDOWS\SYSTEM32\DBGHELP.DLL
0x00007ffa4e630000 - 0x00007ffa4e9be000 	C:\WINDOWS\System32\combase.dll
0x00007ffa4ed90000 - 0x00007ffa4ee67000 	C:\WINDOWS\System32\OLEAUT32.dll
0x00007ffa41dd0000 - 0x00007ffa41e02000 	C:\WINDOWS\SYSTEM32\dbgcore.DLL
0x00007ffa4cd80000 - 0x00007ffa4cdfb000 	C:\WINDOWS\System32\bcryptPrimitives.dll
0x00007ffa38f20000 - 0x00007ffa38f3f000 	A:\java1.8\bin\java.dll
0x00007ffa4cfd0000 - 0x00007ffa4d837000 	C:\WINDOWS\System32\SHELL32.dll
0x00007ffa4a370000 - 0x00007ffa4ac6f000 	C:\WINDOWS\SYSTEM32\windows.storage.dll
0x00007ffa4a230000 - 0x00007ffa4a36f000 	C:\WINDOWS\SYSTEM32\wintypes.dll
0x00007ffa4ce00000 - 0x00007ffa4cef9000 	C:\WINDOWS\System32\SHCORE.dll
0x00007ffa4e110000 - 0x00007ffa4e16e000 	C:\WINDOWS\System32\shlwapi.dll
0x00007ffa4c320000 - 0x00007ffa4c347000 	C:\WINDOWS\SYSTEM32\profapi.dll
0x00007ffa38e30000 - 0x00007ffa38f07000 	A:\java1.8\bin\jsvml.dll
0x00007ffa38e20000 - 0x00007ffa38e30000 	A:\java1.8\bin\net.dll
0x00007ffa45870000 - 0x00007ffa459a6000 	C:\WINDOWS\SYSTEM32\WINHTTP.dll
0x00007ffa4b8b0000 - 0x00007ffa4b919000 	C:\WINDOWS\system32\mswsock.dll
0x00007ffa38e00000 - 0x00007ffa38e16000 	A:\java1.8\bin\nio.dll
0x00007ffa38de0000 - 0x00007ffa38df8000 	A:\java1.8\bin\zip.dll
0x00007ffa38c50000 - 0x00007ffa38ddf000 	A:\java1.8\bin\awt.dll
0x00007ffa49700000 - 0x00007ffa49797000 	C:\WINDOWS\SYSTEM32\apphelp.dll
0x00007ffa49bc0000 - 0x00007ffa49beb000 	C:\WINDOWS\system32\DWMAPI.DLL
0x00007ffa49980000 - 0x00007ffa49a31000 	C:\WINDOWS\system32\uxtheme.dll
0x00007ff9b8e10000 - 0x00007ff9b8f10000 	C:\WINDOWS\system32\opengl32.dll
0x00007ff9b88c0000 - 0x00007ff9b88ed000 	C:\WINDOWS\SYSTEM32\GLU32.dll
0x00007ffa49a70000 - 0x00007ffa49aa7000 	C:\WINDOWS\SYSTEM32\dxcore.dll
0x00007ffa4da40000 - 0x00007ffa4db9e000 	C:\WINDOWS\System32\MSCTF.dll
0x00007ffa0e5f0000 - 0x00007ffa0e622000 	C:\Users\DELL\ashish pvt\Password Door\TLPD64.DLL
0x00007ffa4d890000 - 0x00007ffa4da35000 	C:\WINDOWS\System32\ole32.dll
0x00007ffa38200000 - 0x00007ffa3824a000 	A:\java1.8\bin\javaaccessbridge.dll
0x00007ffa47690000 - 0x00007ffa47697000 	A:\java1.8\bin\jawt.dll
0x00007ffa4af40000 - 0x00007ffa4b038000 	C:\WINDOWS\SYSTEM32\DNSAPI.dll
0x00007ffa4af10000 - 0x00007ffa4af3d000 	C:\WINDOWS\SYSTEM32\IPHLPAPI.DLL
0x00007ffa4d870000 - 0x00007ffa4d879000 	C:\WINDOWS\System32\NSI.dll
0x00007ffa32730000 - 0x00007ffa3273a000 	C:\Windows\System32\rasadhlp.dll
0x00007ffa40ee0000 - 0x00007ffa40f63000 	C:\WINDOWS\System32\fwpuclnt.dll
0x00007ffa476c0000 - 0x00007ffa476c7000 	A:\java1.8\bin\extnet.dll
0x00007ffa4bb00000 - 0x00007ffa4bb1b000 	C:\WINDOWS\SYSTEM32\CRYPTSP.dll
0x00007ffa4b3a0000 - 0x00007ffa4b3d5000 	C:\WINDOWS\system32\rsaenh.dll
0x00007ffa4b9a0000 - 0x00007ffa4b9c8000 	C:\WINDOWS\SYSTEM32\USERENV.dll
0x00007ffa4bb20000 - 0x00007ffa4bb2c000 	C:\WINDOWS\SYSTEM32\CRYPTBASE.dll
0x00007ffa476b0000 - 0x00007ffa476be000 	A:\java1.8\bin\sunmscapi.dll
0x00007ffa4c5d0000 - 0x00007ffa4c736000 	C:\WINDOWS\System32\CRYPT32.dll
0x00007ffa4bcc0000 - 0x00007ffa4bcee000 	C:\WINDOWS\SYSTEM32\ncrypt.dll
0x00007ffa4bc80000 - 0x00007ffa4bcb7000 	C:\WINDOWS\SYSTEM32\NTASN1.dll
0x00007ffa38050000 - 0x00007ffa380d7000 	A:\java1.8\bin\freetype.dll
0x00007ffa37f70000 - 0x00007ffa38043000 	A:\java1.8\bin\fontmanager.dll
0x00007ffa4dfa0000 - 0x00007ffa4e050000 	C:\WINDOWS\System32\clbcatq.dll
0x00007ffa497c0000 - 0x00007ffa49971000 	C:\WINDOWS\SYSTEM32\WindowsCodecs.dll
0x00007ffa0b4c0000 - 0x00007ffa0b51e000 	C:\WINDOWS\system32\dataexchange.dll
0x00007ffa447e0000 - 0x00007ffa44a6a000 	C:\WINDOWS\system32\twinapi.appcore.dll
0x00007ffa3c390000 - 0x00007ffa3c4d3000 	C:\WINDOWS\SYSTEM32\textinputframework.dll

dbghelp: loaded successfully - version: 4.0.5 - missing functions: none
symbol engine: initialized successfully - sym options: 0x614 - pdb path: .;A:\java1.8\bin;C:\WINDOWS\SYSTEM32;C:\Program Files\Avast Software\Avast;C:\WINDOWS\WinSxS\amd64_microsoft.windows.common-controls_6595b64144ccf1df_6.0.22621.3672_none_2713b9d173822955;A:\java1.8\bin\server;C:\Users\DELL\ashish pvt\Password Door

VM Arguments:
jvm_args: -Dfile.encoding=UTF-8 --module-path=C:\Users\DELL\OneDrive\Documents\NetBeansProjects\Car Management System\build\classes 
java_command: Car.PaymentSystem
java_class_path (initial): C:\mysql-connector-j-8.3.0.jar;C:\Users\DELL\OneDrive\Documents\NetBeansProjects\Car Management System\build\classes
Launcher Type: SUN_STANDARD

[Global flags]
     intx CICompilerCount                          = 4                                         {product} {ergonomic}
     uint ConcGCThreads                            = 2                                         {product} {ergonomic}
     uint G1ConcRefinementThreads                  = 8                                         {product} {ergonomic}
   size_t G1HeapRegionSize                         = 1048576                                   {product} {ergonomic}
    uintx GCDrainStackTargetSize                   = 64                                        {product} {ergonomic}
   size_t InitialHeapSize                          = 100663296                                 {product} {ergonomic}
   size_t MarkStackSize                            = 4194304                                   {product} {ergonomic}
   size_t MaxHeapSize                              = 1581252608                                {product} {ergonomic}
   size_t MaxNewSize                               = 947912704                                 {product} {ergonomic}
   size_t MinHeapDeltaBytes                        = 1048576                                   {product} {ergonomic}
   size_t MinHeapSize                              = 8388608                                   {product} {ergonomic}
    uintx NonNMethodCodeHeapSize                   = 5839372                                {pd product} {ergonomic}
    uintx NonProfiledCodeHeapSize                  = 122909434                              {pd product} {ergonomic}
    uintx ProfiledCodeHeapSize                     = 122909434                              {pd product} {ergonomic}
    uintx ReservedCodeCacheSize                    = 251658240                              {pd product} {ergonomic}
     bool SegmentedCodeCache                       = true                                      {product} {ergonomic}
   size_t SoftMaxHeapSize                          = 1581252608                             {manageable} {ergonomic}
     bool UseCompressedOops                        = true                           {product lp64_product} {ergonomic}
     bool UseG1GC                                  = true                                      {product} {ergonomic}
     bool UseLargePagesIndividualAllocation        = false                                  {pd product} {ergonomic}

Logging:
Log output configuration:
 #0: stdout all=warning uptime,level,tags foldmultilines=false
 #1: stderr all=off uptime,level,tags foldmultilines=false

Environment Variables:
CLASSPATH=A:\JDBC\mysql-connector-j-8.3.0.jar;.;
PATH=C:\Program Files\Common Files\Oracle\Java\javapath;A:\java\bin;c:\Program Files (x86)\Microsoft SQL Server\90\Tools\binn\;C:\Program Files\dotnet\;C:\WINDOWS\system32;C:\WINDOWS;C:\WINDOWS\System32\Wbem;C:\WINDOWS\System32\WindowsPowerShell\v1.0\;C:\WINDOWS\System32\OpenSSH\;A:\NodeJs\;C:\Program Files (x86)\Microsoft SQL Server\120\DTS\Binn\;C:\Program Files (x86)\Microsoft SQL Server\Client SDK\ODBC\110\Tools\Binn\;C:\Program Files (x86)\Microsoft SQL Server\120\Tools\Binn\;C:\Program Files (x86)\Microsoft SQL Server\120\Tools\Binn\ManagementStudio\;C:\Users\DELL\AppData\Local\Programs\Python\Launcher\;C:\Program Files\MySQL\MySQL Shell 8.0\bin\;A:\java\bin;;A:\intellij\IntelliJ IDEA Community Edition 2023.3.1\bin;;C:\Users\DELL\AppData\Local\Microsoft\WindowsApps;C:\Users\DELL\AppData\Local\Programs\Microsoft VS Code\bin;C:\Users\DELL\AppData\Roaming\npm
USERNAME=DELL
OS=Windows_NT
PROCESSOR_IDENTIFIER=AMD64 Family 23 Model 24 Stepping 1, AuthenticAMD
TMP=C:\Users\DELL\AppData\Local\Temp
TEMP=C:\Users\DELL\AppData\Local\Temp




Periodic native trim disabled

---------------  S Y S T E M  ---------------

OS:
 Windows 11 , 64 bit Build 22621 (10.0.22621.3958)
OS uptime: 0 days 3:23 hours

CPU: total 8 (initial active 8) (8 cores per cpu, 2 threads per core) family 23 model 24 stepping 1 microcode 0x0, cx8, cmov, fxsr, ht, mmx, 3dnowpref, sse, sse2, sse3, ssse3, sse4a, sse4.1, sse4.2, popcnt, lzcnt, tsc, tscinvbit, avx, avx2, aes, clmul, bmi1, bmi2, adx, sha, fma, vzeroupper, clflush, clflushopt, rdtscp, f16c
Processor Information for all 8 processors :
  Max Mhz: 2100, Current Mhz: 2100, Mhz Limit: 2100

Memory: 4k page, system-wide physical 6030M (353M free)
TotalPageFile size 24462M (AvailPageFile size 0M)
current process WorkingSet (physical memory assigned to process): 97M, peak: 97M
current process commit charge ("private bytes"): 205M, peak: 206M

vm_info: Java HotSpot(TM) 64-Bit Server VM (21.0.1+12-LTS-29) for windows-amd64 JRE (21.0.1+12-LTS-29), built on 2023-10-05T13:27:09Z by "mach5one" with MS VC++ 17.1 (VS2022)

END.
