#
# There is insufficient memory for the Java Runtime Environment to continue.
# Native memory allocation (malloc) failed to allocate 156656 bytes for Chunk::new
# Possible reasons:
#   The system is out of physical RAM or swap space
#   The process is running with CompressedOops enabled, and the Java Heap may be blocking the growth of the native heap
# Possible solutions:
#   Reduce memory load on the system
#   Increase physical memory or swap space
#   Check if swap backing store is full
#   Decrease Java heap size (-Xmx/-Xms)
#   Decrease number of Java threads
#   Decrease Java thread stack sizes (-Xss)
#   Set larger code cache with -XX:ReservedCodeCacheSize=
#   JVM is running with Unscaled Compressed Oops mode in which the Java heap is
#     placed in the first 4GB address space. The Java Heap base address is the
#     maximum limit for the native heap growth. Please use -XX:HeapBaseMinAddress
#     to set the Java Heap base and to place the Java Heap above 4GB virtual address.
# This output file may be truncated or incomplete.
#
#  Out of Memory Error (arena.cpp:168), pid=21884, tid=27576
#
# JRE version: Java(TM) SE Runtime Environment (21.0.1+12) (build 21.0.1+12-LTS-29)
# Java VM: Java HotSpot(TM) 64-Bit Server VM (21.0.1+12-LTS-29, mixed mode, sharing, tiered, compressed oops, compressed class ptrs, g1 gc, windows-amd64)
# No core dump will be written. Minidumps are not enabled by default on client versions of Windows
#

---------------  S U M M A R Y ------------

Command Line: -Dfile.encoding=UTF-8 --module-path=C:\Users\DELL\OneDrive\Documents\NetBeansProjects\Car Management System\build\classes Car.PaymentSystem

Host: AMD Ryzen 5 3500U with Radeon Vega Mobile Gfx  , 8 cores, 5G,  Windows 11 , 64 bit Build 22621 (10.0.22621.3958)
Time: Thu Sep 12 17:01:30 2024 India Standard Time elapsed time: 0.114251 seconds (0d 0h 0m 0s)

---------------  T H R E A D  ---------------

Current thread (0x0000021e731443f0):  JavaThread "C2 CompilerThread0" daemon [_thread_in_native, id=27576, stack(0x000000a93b800000,0x000000a93b900000) (1024K)]


Current CompileTask:
C2:    114  154       4       java.util.HashMap::putVal (300 bytes)

Stack: [0x000000a93b800000,0x000000a93b900000]
Native frames: (J=compiled Java code, j=interpreted, Vv=VM code, C=native code)
V  [jvm.dll+0x6c9029]
V  [jvm.dll+0x854b81]
V  [jvm.dll+0x856e5e]
V  [jvm.dll+0x857543]
V  [jvm.dll+0x280c06]
V  [jvm.dll+0xc3ead]
V  [jvm.dll+0xc43c3]
V  [jvm.dll+0x3b576c]
V  [jvm.dll+0x382475]
V  [jvm.dll+0x3818ea]
V  [jvm.dll+0x249ad0]
V  [jvm.dll+0x2490b1]
V  [jvm.dll+0x1c9ca1]
V  [jvm.dll+0x2586b9]
V  [jvm.dll+0x256c9a]
V  [jvm.dll+0x3ef1b6]
V  [jvm.dll+0x7fd728]
V  [jvm.dll+0x6c777d]
C  [ucrtbase.dll+0x29333]
C  [KERNEL32.DLL+0x1257d]
C  [ntdll.dll+0x5af28]


---------------  P R O C E S S  ---------------

Threads class SMR info:
_java_thread_list=0x0000021e7341c1b0, length=11, elements={
0x0000021e5511d8c0, 0x0000021e73134b00, 0x0000021e73135bd0, 0x0000021e73137ee0,
0x0000021e73138da0, 0x0000021e7313f200, 0x0000021e7313dee0, 0x0000021e731443f0,
0x0000021e731468c0, 0x0000021e730ff9f0, 0x0000021e734a64e0
}

Java Threads: ( => current thread )
  0x0000021e5511d8c0 JavaThread "main"                              [_thread_in_vm, id=28092, stack(0x000000a93aa00000,0x000000a93ab00000) (1024K)]
  0x0000021e73134b00 JavaThread "Reference Handler"          daemon [_thread_blocked, id=27560, stack(0x000000a93b200000,0x000000a93b300000) (1024K)]
  0x0000021e73135bd0 JavaThread "Finalizer"                  daemon [_thread_blocked, id=28324, stack(0x000000a93b300000,0x000000a93b400000) (1024K)]
  0x0000021e73137ee0 JavaThread "Signal Dispatcher"          daemon [_thread_blocked, id=28204, stack(0x000000a93b400000,0x000000a93b500000) (1024K)]
  0x0000021e73138da0 JavaThread "Attach Listener"            daemon [_thread_blocked, id=27768, stack(0x000000a93b500000,0x000000a93b600000) (1024K)]
  0x0000021e7313f200 JavaThread "Service Thread"             daemon [_thread_blocked, id=28200, stack(0x000000a93b600000,0x000000a93b700000) (1024K)]
  0x0000021e7313dee0 JavaThread "Monitor Deflation Thread"   daemon [_thread_blocked, id=22564, stack(0x000000a93b700000,0x000000a93b800000) (1024K)]
=>0x0000021e731443f0 JavaThread "C2 CompilerThread0"         daemon [_thread_in_native, id=27576, stack(0x000000a93b800000,0x000000a93b900000) (1024K)]
  0x0000021e731468c0 JavaThread "C1 CompilerThread0"         daemon [_thread_blocked, id=6464, stack(0x000000a93b900000,0x000000a93ba00000) (1024K)]
  0x0000021e730ff9f0 JavaThread "Common-Cleaner"             daemon [_thread_blocked, id=27120, stack(0x000000a93ba00000,0x000000a93bb00000) (1024K)]
  0x0000021e734a64e0 JavaThread "Notification Thread"        daemon [_thread_blocked, id=8256, stack(0x000000a93bb00000,0x000000a93bc00000) (1024K)]
Total: 11

Other Threads:
  0x0000021e73116510 VMThread "VM Thread"                           [id=11868, stack(0x000000a93b100000,0x000000a93b200000) (1024K)]
  0x0000021e730fea90 WatcherThread "VM Periodic Task Thread"        [id=9776, stack(0x000000a93b000000,0x000000a93b100000) (1024K)]
  0x0000021e552d3a90 WorkerThread "GC Thread#0"                     [id=26248, stack(0x000000a93ab00000,0x000000a93ac00000) (1024K)]
  0x0000021e552e1180 ConcurrentGCThread "G1 Main Marker"            [id=3168, stack(0x000000a93ac00000,0x000000a93ad00000) (1024K)]
  0x0000021e552e2420 WorkerThread "G1 Conc#0"                       [id=24100, stack(0x000000a93ad00000,0x000000a93ae00000) (1024K)]
  0x0000021e72fd14a0 ConcurrentGCThread "G1 Refine#0"               [id=25664, stack(0x000000a93ae00000,0x000000a93af00000) (1024K)]
  0x0000021e72fd1e20 ConcurrentGCThread "G1 Service"                [id=28328, stack(0x000000a93af00000,0x000000a93b000000) (1024K)]
Total: 7

Threads with active compile tasks:
C2 CompilerThread0      155  154       4       java.util.HashMap::putVal (300 bytes)
Total: 1

VM state: not at safepoint (normal execution)

VM Mutex/Monitor currently owned by a thread:  ([mutex/lock_event])
[0x00007ffa39be8578] Metaspace_lock - owner thread: 0x0000021e5511d8c0

Heap address: 0x00000000a1c00000, size: 1508 MB, Compressed Oops mode: 32-bit

CDS archive(s) mapped at: [0x0000021e00000000-0x0000021e00c90000-0x0000021e00c90000), size 13172736, SharedBaseAddress: 0x0000021e00000000, ArchiveRelocationMode: 1.
Compressed class space mapped at: 0x0000021e01000000-0x0000021e41000000, reserved size: 1073741824
Narrow klass base: 0x0000021e00000000, Narrow klass shift: 0, Narrow klass range: 0x100000000

GC Precious Log:
 CardTable entry size: 512
 Card Set container configuration: InlinePtr #cards 5 size 8 Array Of Cards #cards 12 size 40 Howl #buckets 4 coarsen threshold 1843 Howl Bitmap #cards 512 size 80 coarsen threshold 460 Card regions per heap region 1 cards per card region 2048
 CPUs: 8 total, 8 available
 Memory: 6030M
 Large Page Support: Disabled
 NUMA Support: Disabled
 Compressed Oops: Enabled (32-bit)
 Heap Region Size: 1M
 Heap Min Capacity: 8M
 Heap Initial Capacity: 96M
 Heap Max Capacity: 1508M
 Pre-touch: Disabled
 Parallel Workers: 8
 Concurrent Workers: 2
 Concurrent Refinement Workers: 8
 Periodic GC: Disabled

Heap:
 garbage-first heap   total 98304K, used 2048K [0x00000000a1c00000, 0x0000000100000000)
  region size 1024K, 3 young (3072K), 0 survivors (0K)
 Metaspace       used 419K, committed 576K, reserved 1114112K
  class space    used 27K, committed 128K, reserved 1048576K

Heap Regions: E=young(eden), S=young(survivor), O=old, HS=humongous(starts), HC=humongous(continues), CS=collection set, F=free, TAMS=top-at-mark-start, PB=parsable bottom
|   0|0x00000000a1c00000, 0x00000000a1c00000, 0x00000000a1d00000|  0%| F|  |TAMS 0x00000000a1c00000| PB 0x00000000a1c00000| Untracked 
|   1|0x00000000a1d00000, 0x00000000a1d00000, 0x00000000a1e00000|  0%| F|  |TAMS 0x00000000a1d00000| PB 0x00000000a1d00000| Untracked 
|   2|0x00000000a1e00000, 0x00000000a1e00000, 0x00000000a1f00000|  0%| F|  |TAMS 0x00000000a1e00000| PB 0x00000000a1e00000| Untracked 
|   3|0x00000000a1f00000, 0x00000000a1f00000, 0x00000000a2000000|  0%| F|  |TAMS 0x00000000a1f00000| PB 0x00000000a1f00000| Untracked 
|   4|0x00000000a2000000, 0x00000000a2000000, 0x00000000a2100000|  0%| F|  |TAMS 0x00000000a2000000| PB 0x00000000a2000000| Untracked 
|   5|0x00000000a2100000, 0x00000000a2100000, 0x00000000a2200000|  0%| F|  |TAMS 0x00000000a2100000| PB 0x00000000a2100000| Untracked 
|   6|0x00000000a2200000, 0x00000000a2200000, 0x00000000a2300000|  0%| F|  |TAMS 0x00000000a2200000| PB 0x00000000a2200000| Untracked 
|   7|0x00000000a2300000, 0x00000000a2300000, 0x00000000a2400000|  0%| F|  |TAMS 0x00000000a2300000| PB 0x00000000a2300000| Untracked 
|   8|0x00000000a2400000, 0x00000000a2400000, 0x00000000a2500000|  0%| F|  |TAMS 0x00000000a2400000| PB 0x00000000a2400000| Untracked 
|   9|0x00000000a2500000, 0x00000000a2500000, 0x00000000a2600000|  0%| F|  |TAMS 0x00000000a2500000| PB 0x00000000a2500000| Untracked 
|  10|0x00000000a2600000, 0x00000000a2600000, 0x00000000a2700000|  0%| F|  |TAMS 0x00000000a2600000| PB 0x00000000a2600000| Untracked 
|  11|0x00000000a2700000, 0x00000000a2700000, 0x00000000a2800000|  0%| F|  |TAMS 0x00000000a2700000| PB 0x00000000a2700000| Untracked 
|  12|0x00000000a2800000, 0x00000000a2800000, 0x00000000a2900000|  0%| F|  |TAMS 0x00000000a2800000| PB 0x00000000a2800000| Untracked 
|  13|0x00000000a2900000, 0x00000000a2900000, 0x00000000a2a00000|  0%| F|  |TAMS 0x00000000a2900000| PB 0x00000000a2900000| Untracked 
|  14|0x00000000a2a00000, 0x00000000a2a00000, 0x00000000a2b00000|  0%| F|  |TAMS 0x00000000a2a00000| PB 0x00000000a2a00000| Untracked 
|  15|0x00000000a2b00000, 0x00000000a2b00000, 0x00000000a2c00000|  0%| F|  |TAMS 0x00000000a2b00000| PB 0x00000000a2b00000| Untracked 
|  16|0x00000000a2c00000, 0x00000000a2c00000, 0x00000000a2d00000|  0%| F|  |TAMS 0x00000000a2c00000| PB 0x00000000a2c00000| Untracked 
|  17|0x00000000a2d00000, 0x00000000a2d00000, 0x00000000a2e00000|  0%| F|  |TAMS 0x00000000a2d00000| PB 0x00000000a2d00000| Untracked 
|  18|0x00000000a2e00000, 0x00000000a2e00000, 0x00000000a2f00000|  0%| F|  |TAMS 0x00000000a2e00000| PB 0x00000000a2e00000| Untracked 
|  19|0x00000000a2f00000, 0x00000000a2f00000, 0x00000000a3000000|  0%| F|  |TAMS 0x00000000a2f00000| PB 0x00000000a2f00000| Untracked 
|  20|0x00000000a3000000, 0x00000000a3000000, 0x00000000a3100000|  0%| F|  |TAMS 0x00000000a3000000| PB 0x00000000a3000000| Untracked 
|  21|0x00000000a3100000, 0x00000000a3100000, 0x00000000a3200000|  0%| F|  |TAMS 0x00000000a3100000| PB 0x00000000a3100000| Untracked 
|  22|0x00000000a3200000, 0x00000000a3200000, 0x00000000a3300000|  0%| F|  |TAMS 0x00000000a3200000| PB 0x00000000a3200000| Untracked 
|  23|0x00000000a3300000, 0x00000000a3300000, 0x00000000a3400000|  0%| F|  |TAMS 0x00000000a3300000| PB 0x00000000a3300000| Untracked 
|  24|0x00000000a3400000, 0x00000000a3400000, 0x00000000a3500000|  0%| F|  |TAMS 0x00000000a3400000| PB 0x00000000a3400000| Untracked 
|  25|0x00000000a3500000, 0x00000000a3500000, 0x00000000a3600000|  0%| F|  |TAMS 0x00000000a3500000| PB 0x00000000a3500000| Untracked 
|  26|0x00000000a3600000, 0x00000000a3600000, 0x00000000a3700000|  0%| F|  |TAMS 0x00000000a3600000| PB 0x00000000a3600000| Untracked 
|  27|0x00000000a3700000, 0x00000000a3700000, 0x00000000a3800000|  0%| F|  |TAMS 0x00000000a3700000| PB 0x00000000a3700000| Untracked 
|  28|0x00000000a3800000, 0x00000000a3800000, 0x00000000a3900000|  0%| F|  |TAMS 0x00000000a3800000| PB 0x00000000a3800000| Untracked 
|  29|0x00000000a3900000, 0x00000000a3900000, 0x00000000a3a00000|  0%| F|  |TAMS 0x00000000a3900000| PB 0x00000000a3900000| Untracked 
|  30|0x00000000a3a00000, 0x00000000a3a00000, 0x00000000a3b00000|  0%| F|  |TAMS 0x00000000a3a00000| PB 0x00000000a3a00000| Untracked 
|  31|0x00000000a3b00000, 0x00000000a3b00000, 0x00000000a3c00000|  0%| F|  |TAMS 0x00000000a3b00000| PB 0x00000000a3b00000| Untracked 
|  32|0x00000000a3c00000, 0x00000000a3c00000, 0x00000000a3d00000|  0%| F|  |TAMS 0x00000000a3c00000| PB 0x00000000a3c00000| Untracked 
|  33|0x00000000a3d00000, 0x00000000a3d00000, 0x00000000a3e00000|  0%| F|  |TAMS 0x00000000a3d00000| PB 0x00000000a3d00000| Untracked 
|  34|0x00000000a3e00000, 0x00000000a3e00000, 0x00000000a3f00000|  0%| F|  |TAMS 0x00000000a3e00000| PB 0x00000000a3e00000| Untracked 
|  35|0x00000000a3f00000, 0x00000000a3f00000, 0x00000000a4000000|  0%| F|  |TAMS 0x00000000a3f00000| PB 0x00000000a3f00000| Untracked 
|  36|0x00000000a4000000, 0x00000000a4000000, 0x00000000a4100000|  0%| F|  |TAMS 0x00000000a4000000| PB 0x00000000a4000000| Untracked 
|  37|0x00000000a4100000, 0x00000000a4100000, 0x00000000a4200000|  0%| F|  |TAMS 0x00000000a4100000| PB 0x00000000a4100000| Untracked 
|  38|0x00000000a4200000, 0x00000000a4200000, 0x00000000a4300000|  0%| F|  |TAMS 0x00000000a4200000| PB 0x00000000a4200000| Untracked 
|  39|0x00000000a4300000, 0x00000000a4300000, 0x00000000a4400000|  0%| F|  |TAMS 0x00000000a4300000| PB 0x00000000a4300000| Untracked 
|  40|0x00000000a4400000, 0x00000000a4400000, 0x00000000a4500000|  0%| F|  |TAMS 0x00000000a4400000| PB 0x00000000a4400000| Untracked 
|  41|0x00000000a4500000, 0x00000000a4500000, 0x00000000a4600000|  0%| F|  |TAMS 0x00000000a4500000| PB 0x00000000a4500000| Untracked 
|  42|0x00000000a4600000, 0x00000000a4600000, 0x00000000a4700000|  0%| F|  |TAMS 0x00000000a4600000| PB 0x00000000a4600000| Untracked 
|  43|0x00000000a4700000, 0x00000000a4700000, 0x00000000a4800000|  0%| F|  |TAMS 0x00000000a4700000| PB 0x00000000a4700000| Untracked 
|  44|0x00000000a4800000, 0x00000000a4800000, 0x00000000a4900000|  0%| F|  |TAMS 0x00000000a4800000| PB 0x00000000a4800000| Untracked 
|  45|0x00000000a4900000, 0x00000000a4900000, 0x00000000a4a00000|  0%| F|  |TAMS 0x00000000a4900000| PB 0x00000000a4900000| Untracked 
|  46|0x00000000a4a00000, 0x00000000a4a00000, 0x00000000a4b00000|  0%| F|  |TAMS 0x00000000a4a00000| PB 0x00000000a4a00000| Untracked 
|  47|0x00000000a4b00000, 0x00000000a4b00000, 0x00000000a4c00000|  0%| F|  |TAMS 0x00000000a4b00000| PB 0x00000000a4b00000| Untracked 
|  48|0x00000000a4c00000, 0x00000000a4c00000, 0x00000000a4d00000|  0%| F|  |TAMS 0x00000000a4c00000| PB 0x00000000a4c00000| Untracked 
|  49|0x00000000a4d00000, 0x00000000a4d00000, 0x00000000a4e00000|  0%| F|  |TAMS 0x00000000a4d00000| PB 0x00000000a4d00000| Untracked 
|  50|0x00000000a4e00000, 0x00000000a4e00000, 0x00000000a4f00000|  0%| F|  |TAMS 0x00000000a4e00000| PB 0x00000000a4e00000| Untracked 
|  51|0x00000000a4f00000, 0x00000000a4f00000, 0x00000000a5000000|  0%| F|  |TAMS 0x00000000a4f00000| PB 0x00000000a4f00000| Untracked 
|  52|0x00000000a5000000, 0x00000000a5000000, 0x00000000a5100000|  0%| F|  |TAMS 0x00000000a5000000| PB 0x00000000a5000000| Untracked 
|  53|0x00000000a5100000, 0x00000000a5100000, 0x00000000a5200000|  0%| F|  |TAMS 0x00000000a5100000| PB 0x00000000a5100000| Untracked 
|  54|0x00000000a5200000, 0x00000000a5200000, 0x00000000a5300000|  0%| F|  |TAMS 0x00000000a5200000| PB 0x00000000a5200000| Untracked 
|  55|0x00000000a5300000, 0x00000000a5300000, 0x00000000a5400000|  0%| F|  |TAMS 0x00000000a5300000| PB 0x00000000a5300000| Untracked 
|  56|0x00000000a5400000, 0x00000000a5400000, 0x00000000a5500000|  0%| F|  |TAMS 0x00000000a5400000| PB 0x00000000a5400000| Untracked 
|  57|0x00000000a5500000, 0x00000000a5500000, 0x00000000a5600000|  0%| F|  |TAMS 0x00000000a5500000| PB 0x00000000a5500000| Untracked 
|  58|0x00000000a5600000, 0x00000000a5600000, 0x00000000a5700000|  0%| F|  |TAMS 0x00000000a5600000| PB 0x00000000a5600000| Untracked 
|  59|0x00000000a5700000, 0x00000000a5700000, 0x00000000a5800000|  0%| F|  |TAMS 0x00000000a5700000| PB 0x00000000a5700000| Untracked 
|  60|0x00000000a5800000, 0x00000000a5800000, 0x00000000a5900000|  0%| F|  |TAMS 0x00000000a5800000| PB 0x00000000a5800000| Untracked 
|  61|0x00000000a5900000, 0x00000000a5900000, 0x00000000a5a00000|  0%| F|  |TAMS 0x00000000a5900000| PB 0x00000000a5900000| Untracked 
|  62|0x00000000a5a00000, 0x00000000a5a00000, 0x00000000a5b00000|  0%| F|  |TAMS 0x00000000a5a00000| PB 0x00000000a5a00000| Untracked 
|  63|0x00000000a5b00000, 0x00000000a5b00000, 0x00000000a5c00000|  0%| F|  |TAMS 0x00000000a5b00000| PB 0x00000000a5b00000| Untracked 
|  64|0x00000000a5c00000, 0x00000000a5c00000, 0x00000000a5d00000|  0%| F|  |TAMS 0x00000000a5c00000| PB 0x00000000a5c00000| Untracked 
|  65|0x00000000a5d00000, 0x00000000a5d00000, 0x00000000a5e00000|  0%| F|  |TAMS 0x00000000a5d00000| PB 0x00000000a5d00000| Untracked 
|  66|0x00000000a5e00000, 0x00000000a5e00000, 0x00000000a5f00000|  0%| F|  |TAMS 0x00000000a5e00000| PB 0x00000000a5e00000| Untracked 
|  67|0x00000000a5f00000, 0x00000000a5f00000, 0x00000000a6000000|  0%| F|  |TAMS 0x00000000a5f00000| PB 0x00000000a5f00000| Untracked 
|  68|0x00000000a6000000, 0x00000000a6000000, 0x00000000a6100000|  0%| F|  |TAMS 0x00000000a6000000| PB 0x00000000a6000000| Untracked 
|  69|0x00000000a6100000, 0x00000000a6100000, 0x00000000a6200000|  0%| F|  |TAMS 0x00000000a6100000| PB 0x00000000a6100000| Untracked 
|  70|0x00000000a6200000, 0x00000000a6200000, 0x00000000a6300000|  0%| F|  |TAMS 0x00000000a6200000| PB 0x00000000a6200000| Untracked 
|  71|0x00000000a6300000, 0x00000000a6300000, 0x00000000a6400000|  0%| F|  |TAMS 0x00000000a6300000| PB 0x00000000a6300000| Untracked 
|  72|0x00000000a6400000, 0x00000000a6400000, 0x00000000a6500000|  0%| F|  |TAMS 0x00000000a6400000| PB 0x00000000a6400000| Untracked 
|  73|0x00000000a6500000, 0x00000000a6500000, 0x00000000a6600000|  0%| F|  |TAMS 0x00000000a6500000| PB 0x00000000a6500000| Untracked 
|  74|0x00000000a6600000, 0x00000000a6600000, 0x00000000a6700000|  0%| F|  |TAMS 0x00000000a6600000| PB 0x00000000a6600000| Untracked 
|  75|0x00000000a6700000, 0x00000000a6700000, 0x00000000a6800000|  0%| F|  |TAMS 0x00000000a6700000| PB 0x00000000a6700000| Untracked 
|  76|0x00000000a6800000, 0x00000000a6800000, 0x00000000a6900000|  0%| F|  |TAMS 0x00000000a6800000| PB 0x00000000a6800000| Untracked 
|  77|0x00000000a6900000, 0x00000000a6900000, 0x00000000a6a00000|  0%| F|  |TAMS 0x00000000a6900000| PB 0x00000000a6900000| Untracked 
|  78|0x00000000a6a00000, 0x00000000a6a00000, 0x00000000a6b00000|  0%| F|  |TAMS 0x00000000a6a00000| PB 0x00000000a6a00000| Untracked 
|  79|0x00000000a6b00000, 0x00000000a6b00000, 0x00000000a6c00000|  0%| F|  |TAMS 0x00000000a6b00000| PB 0x00000000a6b00000| Untracked 
|  80|0x00000000a6c00000, 0x00000000a6c00000, 0x00000000a6d00000|  0%| F|  |TAMS 0x00000000a6c00000| PB 0x00000000a6c00000| Untracked 
|  81|0x00000000a6d00000, 0x00000000a6d00000, 0x00000000a6e00000|  0%| F|  |TAMS 0x00000000a6d00000| PB 0x00000000a6d00000| Untracked 
|  82|0x00000000a6e00000, 0x00000000a6e00000, 0x00000000a6f00000|  0%| F|  |TAMS 0x00000000a6e00000| PB 0x00000000a6e00000| Untracked 
|  83|0x00000000a6f00000, 0x00000000a6f00000, 0x00000000a7000000|  0%| F|  |TAMS 0x00000000a6f00000| PB 0x00000000a6f00000| Untracked 
|  84|0x00000000a7000000, 0x00000000a7000000, 0x00000000a7100000|  0%| F|  |TAMS 0x00000000a7000000| PB 0x00000000a7000000| Untracked 
|  85|0x00000000a7100000, 0x00000000a7100000, 0x00000000a7200000|  0%| F|  |TAMS 0x00000000a7100000| PB 0x00000000a7100000| Untracked 
|  86|0x00000000a7200000, 0x00000000a7200000, 0x00000000a7300000|  0%| F|  |TAMS 0x00000000a7200000| PB 0x00000000a7200000| Untracked 
|  87|0x00000000a7300000, 0x00000000a7300000, 0x00000000a7400000|  0%| F|  |TAMS 0x00000000a7300000| PB 0x00000000a7300000| Untracked 
|  88|0x00000000a7400000, 0x00000000a7400000, 0x00000000a7500000|  0%| F|  |TAMS 0x00000000a7400000| PB 0x00000000a7400000| Untracked 
|  89|0x00000000a7500000, 0x00000000a7500000, 0x00000000a7600000|  0%| F|  |TAMS 0x00000000a7500000| PB 0x00000000a7500000| Untracked 
|  90|0x00000000a7600000, 0x00000000a7600000, 0x00000000a7700000|  0%| F|  |TAMS 0x00000000a7600000| PB 0x00000000a7600000| Untracked 
|  91|0x00000000a7700000, 0x00000000a7700000, 0x00000000a7800000|  0%| F|  |TAMS 0x00000000a7700000| PB 0x00000000a7700000| Untracked 
|  92|0x00000000a7800000, 0x00000000a7800000, 0x00000000a7900000|  0%| F|  |TAMS 0x00000000a7800000| PB 0x00000000a7800000| Untracked 
|  93|0x00000000a7900000, 0x00000000a7976538, 0x00000000a7a00000| 46%| E|  |TAMS 0x00000000a7900000| PB 0x00000000a7900000| Complete 
|  94|0x00000000a7a00000, 0x00000000a7b00000, 0x00000000a7b00000|100%| E|CS|TAMS 0x00000000a7a00000| PB 0x00000000a7a00000| Complete 
|  95|0x00000000a7b00000, 0x00000000a7c00000, 0x00000000a7c00000|100%| E|CS|TAMS 0x00000000a7b00000| PB 0x00000000a7b00000| Complete 

Card table byte_map: [0x0000021e6ec40000,0x0000021e6ef40000] _byte_map_base: 0x0000021e6e732000

Marking Bits: (CMBitMap*) 0x0000021e552d4190
 Bits: [0x0000021e6ef40000, 0x0000021e706d0000)

Polling page: 0x0000021e55350000

Metaspace:

Usage:
  Non-class:    391.33 KB used.
      Class:     27.98 KB used.
       Both:    419.31 KB used.

Virtual space:
  Non-class space:       64.00 MB reserved,     448.00 KB ( <1%) committed,  1 nodes.
      Class space:        1.00 GB reserved,     128.00 KB ( <1%) committed,  1 nodes.
             Both:        1.06 GB reserved,     576.00 KB ( <1%) committed. 

Chunk freelists:
   Non-Class:  11.99 MB
       Class:  15.75 MB
        Both:  27.74 MB

MaxMetaspaceSize: unlimited
CompressedClassSpaceSize: 1.00 GB
Initial GC threshold: 21.00 MB
Current GC threshold: 21.00 MB
CDS: on
 - commit_granule_bytes: 65536.
 - commit_granule_words: 8192.
 - virtual_space_node_default_size: 8388608.
 - enlarge_chunks_in_place: 1.
 - use_allocation_guard: 0.


Internal statistics:

num_allocs_failed_limit: 0.
num_arena_births: 8.
num_arena_deaths: 0.
num_vsnodes_births: 2.
num_vsnodes_deaths: 0.
num_space_committed: 9.
num_space_uncommitted: 0.
num_chunks_returned_to_freelist: 0.
num_chunks_taken_from_freelist: 9.
num_chunk_merges: 0.
num_chunk_splits: 6.
num_chunks_enlarged: 2.
num_inconsistent_stats: 0.

CodeHeap 'non-profiled nmethods': size=120000Kb used=59Kb max_used=59Kb free=119940Kb
 bounds [0x0000021e66980000, 0x0000021e66bf0000, 0x0000021e6deb0000]
CodeHeap 'profiled nmethods': size=120000Kb used=220Kb max_used=220Kb free=119780Kb
 bounds [0x0000021e5eeb0000, 0x0000021e5f120000, 0x0000021e663e0000]
CodeHeap 'non-nmethods': size=5760Kb used=1270Kb max_used=1271Kb free=4489Kb
 bounds [0x0000021e663e0000, 0x0000021e66650000, 0x0000021e66980000]
 total_blobs=589 nmethods=199 adapters=295
 compilation: enabled
              stopped_count=0, restarted_count=0
 full_count=0

Compilation events (20 events):
Event: 0.106 Thread 0x0000021e731468c0  173       3       java.util.Optional::ofNullable (19 bytes)
Event: 0.106 Thread 0x0000021e731468c0 nmethod 173 0x0000021e5eedbd90 code [0x0000021e5eedbf40, 0x0000021e5eedc200]
Event: 0.106 Thread 0x0000021e731468c0  174       1       java.lang.module.ModuleDescriptor$Version::toString (5 bytes)
Event: 0.106 Thread 0x0000021e731468c0 nmethod 174 0x0000021e6698db10 code [0x0000021e6698dca0, 0x0000021e6698dd68]
Event: 0.106 Thread 0x0000021e731468c0  175       3       java.util.AbstractMap::<init> (5 bytes)
Event: 0.106 Thread 0x0000021e731468c0 nmethod 175 0x0000021e5eedc310 code [0x0000021e5eedc4c0, 0x0000021e5eedc628]
Event: 0.106 Thread 0x0000021e731468c0  176       3       java.lang.module.ResolvedModule::name (11 bytes)
Event: 0.106 Thread 0x0000021e731468c0 nmethod 176 0x0000021e5eedc710 code [0x0000021e5eedc8c0, 0x0000021e5eedca20]
Event: 0.106 Thread 0x0000021e731468c0  177       3       java.util.ImmutableCollections$AbstractImmutableSet::<init> (5 bytes)
Event: 0.107 Thread 0x0000021e731468c0 nmethod 177 0x0000021e5eedcb10 code [0x0000021e5eedccc0, 0x0000021e5eedcee8]
Event: 0.107 Thread 0x0000021e731468c0  178       3       java.util.HashSet::<init> (16 bytes)
Event: 0.107 Thread 0x0000021e731468c0 nmethod 178 0x0000021e5eedd010 code [0x0000021e5eedd1e0, 0x0000021e5eedd5f0]
Event: 0.108 Thread 0x0000021e731468c0  180       1       java.lang.module.ResolvedModule::configuration (5 bytes)
Event: 0.108 Thread 0x0000021e731468c0 nmethod 180 0x0000021e6698e290 code [0x0000021e6698e420, 0x0000021e6698e4e8]
Event: 0.108 Thread 0x0000021e731468c0  181       3       java.util.HashMap::isEmpty (13 bytes)
Event: 0.108 Thread 0x0000021e731468c0 nmethod 181 0x0000021e5eedd790 code [0x0000021e5eedd920, 0x0000021e5eedda90]
Event: 0.108 Thread 0x0000021e731468c0  182       1       java.lang.module.ModuleDescriptor::isOpen (5 bytes)
Event: 0.109 Thread 0x0000021e731468c0 nmethod 182 0x0000021e6698e590 code [0x0000021e6698e720, 0x0000021e6698e7f0]
Event: 0.109 Thread 0x0000021e731468c0  183       1       java.util.HashMap::size (5 bytes)
Event: 0.109 Thread 0x0000021e731468c0 nmethod 183 0x0000021e6698e890 code [0x0000021e6698ea20, 0x0000021e6698eae8]

GC Heap History (0 events):
No events

Dll operation events (4 events):
Event: 0.010 Loaded shared library A:\java1.8\bin\java.dll
Event: 0.047 Loaded shared library A:\java1.8\bin\jsvml.dll
Event: 0.082 Loaded shared library A:\java1.8\bin\net.dll
Event: 0.084 Loaded shared library A:\java1.8\bin\nio.dll

Deoptimization events (0 events):
No events

Classes loaded (20 events):
Event: 0.086 Loading class java/nio/file/DirectoryStream done
Event: 0.086 Loading class sun/nio/fs/WindowsDirectoryStream done
Event: 0.087 Loading class sun/nio/fs/WindowsDirectoryStream$WindowsDirectoryIterator
Event: 0.087 Loading class sun/nio/fs/WindowsDirectoryStream$WindowsDirectoryIterator done
Event: 0.087 Loading class sun/nio/fs/WindowsPath$WindowsPathWithAttributes
Event: 0.087 Loading class sun/nio/fs/BasicFileAttributesHolder
Event: 0.087 Loading class sun/nio/fs/BasicFileAttributesHolder done
Event: 0.087 Loading class sun/nio/fs/WindowsPath$WindowsPathWithAttributes done
Event: 0.088 Loading class java/nio/file/attribute/FileAttribute
Event: 0.088 Loading class java/nio/file/attribute/FileAttribute done
Event: 0.088 Loading class sun/nio/fs/WindowsSecurityDescriptor
Event: 0.088 Loading class sun/nio/fs/WindowsSecurityDescriptor done
Event: 0.088 Loading class sun/nio/fs/WindowsChannelFactory
Event: 0.088 Loading class sun/nio/fs/WindowsChannelFactory done
Event: 0.088 Loading class sun/nio/fs/WindowsChannelFactory$1
Event: 0.088 Loading class sun/nio/fs/WindowsChannelFactory$1 done
Event: 0.088 Loading class sun/nio/fs/WindowsChannelFactory$Flags
Event: 0.088 Loading class sun/nio/fs/WindowsChannelFactory$Flags done
Event: 0.092 Loading class jdk/internal/module/ModuleReferenceImpl$CachedHash
Event: 0.092 Loading class jdk/internal/module/ModuleReferenceImpl$CachedHash done

Classes unloaded (0 events):
No events

Classes redefined (0 events):
No events

Internal exceptions (5 events):
Event: 0.086 Thread 0x0000021e5511d8c0 Exception <a 'sun/nio/fs/WindowsException'{0x00000000a7a443c8}> (0x00000000a7a443c8) 
thrown [s\open\src\hotspot\share\prims\jni.cpp, line 520]
Event: 0.089 Thread 0x0000021e5511d8c0 Exception <a 'sun/nio/fs/WindowsException'{0x00000000a7a469e8}> (0x00000000a7a469e8) 
thrown [s\open\src\hotspot\share\prims\jni.cpp, line 520]
Event: 0.089 Thread 0x0000021e5511d8c0 Exception <a 'sun/nio/fs/WindowsException'{0x00000000a7a47590}> (0x00000000a7a47590) 
thrown [s\open\src\hotspot\share\prims\jni.cpp, line 520]
Event: 0.089 Thread 0x0000021e5511d8c0 Exception <a 'sun/nio/fs/WindowsException'{0x00000000a7a480e8}> (0x00000000a7a480e8) 
thrown [s\open\src\hotspot\share\prims\jni.cpp, line 520]
Event: 0.090 Thread 0x0000021e5511d8c0 Exception <a 'sun/nio/fs/WindowsException'{0x00000000a7a48c48}> (0x00000000a7a48c48) 
thrown [s\open\src\hotspot\share\prims\jni.cpp, line 520]

ZGC Phase Switch (0 events):
No events

VM Operations (2 events):
Event: 0.091 Executing VM operation: HandshakeAllThreads (Deoptimize)
Event: 0.091 Executing VM operation: HandshakeAllThreads (Deoptimize) done

Events (11 events):
Event: 0.029 Thread 0x0000021e5511d8c0 Thread added: 0x0000021e5511d8c0
Event: 0.044 Thread 0x0000021e73134b00 Thread added: 0x0000021e73134b00
Event: 0.044 Thread 0x0000021e73135bd0 Thread added: 0x0000021e73135bd0
Event: 0.044 Thread 0x0000021e73137ee0 Thread added: 0x0000021e73137ee0
Event: 0.044 Thread 0x0000021e73138da0 Thread added: 0x0000021e73138da0
Event: 0.044 Thread 0x0000021e7313f200 Thread added: 0x0000021e7313f200
Event: 0.045 Thread 0x0000021e7313dee0 Thread added: 0x0000021e7313dee0
Event: 0.045 Thread 0x0000021e731443f0 Thread added: 0x0000021e731443f0
Event: 0.045 Thread 0x0000021e731468c0 Thread added: 0x0000021e731468c0
Event: 0.069 Thread 0x0000021e730ff9f0 Thread added: 0x0000021e730ff9f0
Event: 0.110 Thread 0x0000021e734a64e0 Thread added: 0x0000021e734a64e0


Dynamic libraries:
0x00007ff669fd0000 - 0x00007ff669fe0000 	A:\java1.8\bin\java.exe
0x00007ffa4f0d0000 - 0x00007ffa4f2e7000 	C:\WINDOWS\SYSTEM32\ntdll.dll
0x00007ffa12890000 - 0x00007ffa128aa000 	C:\Program Files\Avast Software\Avast\aswhook.dll
0x00007ffa4eb40000 - 0x00007ffa4ec04000 	C:\WINDOWS\System32\KERNEL32.DLL
0x00007ffa4c810000 - 0x00007ffa4cbbd000 	C:\WINDOWS\System32\KERNELBASE.dll
0x00007ffa4cc60000 - 0x00007ffa4cd71000 	C:\WINDOWS\System32\ucrtbase.dll
0x00007ffa38f90000 - 0x00007ffa38fab000 	A:\java1.8\bin\VCRUNTIME140.dll
0x00007ffa481b0000 - 0x00007ffa481c9000 	A:\java1.8\bin\jli.dll
0x00007ffa4ecb0000 - 0x00007ffa4ed62000 	C:\WINDOWS\System32\ADVAPI32.dll
0x00007ffa4e060000 - 0x00007ffa4e107000 	C:\WINDOWS\System32\msvcrt.dll
0x00007ffa4cf20000 - 0x00007ffa4cfc9000 	C:\WINDOWS\System32\sechost.dll
0x00007ffa4c7e0000 - 0x00007ffa4c808000 	C:\WINDOWS\System32\bcrypt.dll
0x00007ffa4ea20000 - 0x00007ffa4eb34000 	C:\WINDOWS\System32\RPCRT4.dll
0x00007ffa4dc70000 - 0x00007ffa4de1e000 	C:\WINDOWS\System32\USER32.dll
0x00007ffa4cc30000 - 0x00007ffa4cc56000 	C:\WINDOWS\System32\win32u.dll
0x00007ffa3bd40000 - 0x00007ffa3bfd3000 	C:\WINDOWS\WinSxS\amd64_microsoft.windows.common-controls_6595b64144ccf1df_6.0.22621.3672_none_2713b9d173822955\COMCTL32.dll
0x00007ffa4d840000 - 0x00007ffa4d869000 	C:\WINDOWS\System32\GDI32.dll
0x00007ffa4c3f0000 - 0x00007ffa4c509000 	C:\WINDOWS\System32\gdi32full.dll
0x00007ffa4c740000 - 0x00007ffa4c7da000 	C:\WINDOWS\System32\msvcp_win.dll
0x00007ffa43ed0000 - 0x00007ffa43eda000 	C:\WINDOWS\SYSTEM32\VERSION.dll
0x00007ffa4e170000 - 0x00007ffa4e1a1000 	C:\WINDOWS\System32\IMM32.DLL
0x00007ffa38f80000 - 0x00007ffa38f8c000 	A:\java1.8\bin\vcruntime140_1.dll
0x00007ffa38bc0000 - 0x00007ffa38c4e000 	A:\java1.8\bin\msvcp140.dll
0x00007ffa38fb0000 - 0x00007ffa39cc5000 	A:\java1.8\bin\server\jvm.dll
0x00007ffa4dbf0000 - 0x00007ffa4dc61000 	C:\WINDOWS\System32\WS2_32.dll
0x00007ffa4c2c0000 - 0x00007ffa4c30d000 	C:\WINDOWS\SYSTEM32\POWRPROF.dll
0x00007ffa44780000 - 0x00007ffa447b4000 	C:\WINDOWS\SYSTEM32\WINMM.dll
0x00007ffa4c2a0000 - 0x00007ffa4c2b3000 	C:\WINDOWS\SYSTEM32\UMPDC.dll
0x00007ffa4b440000 - 0x00007ffa4b458000 	C:\WINDOWS\SYSTEM32\kernel.appcore.dll
0x00007ffa38f10000 - 0x00007ffa38f1a000 	A:\java1.8\bin\jimage.dll
0x00007ffa43160000 - 0x00007ffa43392000 	C:\WINDOWS\SYSTEM32\DBGHELP.DLL
0x00007ffa4e630000 - 0x00007ffa4e9be000 	C:\WINDOWS\System32\combase.dll
0x00007ffa4ed90000 - 0x00007ffa4ee67000 	C:\WINDOWS\System32\OLEAUT32.dll
0x00007ffa41dd0000 - 0x00007ffa41e02000 	C:\WINDOWS\SYSTEM32\dbgcore.DLL
0x00007ffa4cd80000 - 0x00007ffa4cdfb000 	C:\WINDOWS\System32\bcryptPrimitives.dll
0x00007ffa38f20000 - 0x00007ffa38f3f000 	A:\java1.8\bin\java.dll
0x00007ffa4cfd0000 - 0x00007ffa4d837000 	C:\WINDOWS\System32\SHELL32.dll
0x00007ffa4a370000 - 0x00007ffa4ac6f000 	C:\WINDOWS\SYSTEM32\windows.storage.dll
0x00007ffa4a230000 - 0x00007ffa4a36f000 	C:\WINDOWS\SYSTEM32\wintypes.dll
0x00007ffa4ce00000 - 0x00007ffa4cef9000 	C:\WINDOWS\System32\SHCORE.dll
0x00007ffa4e110000 - 0x00007ffa4e16e000 	C:\WINDOWS\System32\shlwapi.dll
0x00007ffa4c320000 - 0x00007ffa4c347000 	C:\WINDOWS\SYSTEM32\profapi.dll
0x00007ffa38e30000 - 0x00007ffa38f07000 	A:\java1.8\bin\jsvml.dll
0x00007ffa38e20000 - 0x00007ffa38e30000 	A:\java1.8\bin\net.dll
0x00007ffa45870000 - 0x00007ffa459a6000 	C:\WINDOWS\SYSTEM32\WINHTTP.dll
0x00007ffa4b8b0000 - 0x00007ffa4b919000 	C:\WINDOWS\system32\mswsock.dll
0x00007ffa38e00000 - 0x00007ffa38e16000 	A:\java1.8\bin\nio.dll
0x00007ffa38de0000 - 0x00007ffa38df8000 	A:\java1.8\bin\zip.dll

dbghelp: loaded successfully - version: 4.0.5 - missing functions: none
symbol engine: initialized successfully - sym options: 0x614 - pdb path: .;A:\java1.8\bin;C:\WINDOWS\SYSTEM32;C:\Program Files\Avast Software\Avast;C:\WINDOWS\WinSxS\amd64_microsoft.windows.common-controls_6595b64144ccf1df_6.0.22621.3672_none_2713b9d173822955;A:\java1.8\bin\server

VM Arguments:
jvm_args: -Dfile.encoding=UTF-8 --module-path=C:\Users\DELL\OneDrive\Documents\NetBeansProjects\Car Management System\build\classes 
java_command: Car.PaymentSystem
java_class_path (initial): C:\mysql-connector-j-8.3.0.jar;C:\Users\DELL\OneDrive\Documents\NetBeansProjects\Car Management System\build\classes
Launcher Type: SUN_STANDARD

[Global flags]
     intx CICompilerCount                          = 4                                         {product} {ergonomic}
     uint ConcGCThreads                            = 2                                         {product} {ergonomic}
     uint G1ConcRefinementThreads                  = 8                                         {product} {ergonomic}
   size_t G1HeapRegionSize                         = 1048576                                   {product} {ergonomic}
    uintx GCDrainStackTargetSize                   = 64                                        {product} {ergonomic}
   size_t InitialHeapSize                          = 100663296                                 {product} {ergonomic}
   size_t MarkStackSize                            = 4194304                                   {product} {ergonomic}
   size_t MaxHeapSize                              = 1581252608                                {product} {ergonomic}
   size_t MaxNewSize                               = 947912704                                 {product} {ergonomic}
   size_t MinHeapDeltaBytes                        = 1048576                                   {product} {ergonomic}
   size_t MinHeapSize                              = 8388608                                   {product} {ergonomic}
    uintx NonNMethodCodeHeapSize                   = 5839372                                {pd product} {ergonomic}
    uintx NonProfiledCodeHeapSize                  = 122909434                              {pd product} {ergonomic}
    uintx ProfiledCodeHeapSize                     = 122909434                              {pd product} {ergonomic}
    uintx ReservedCodeCacheSize                    = 251658240                              {pd product} {ergonomic}
     bool SegmentedCodeCache                       = true                                      {product} {ergonomic}
   size_t SoftMaxHeapSize                          = 1581252608                             {manageable} {ergonomic}
     bool UseCompressedOops                        = true                           {product lp64_product} {ergonomic}
     bool UseG1GC                                  = true                                      {product} {ergonomic}
     bool UseLargePagesIndividualAllocation        = false                                  {pd product} {ergonomic}

Logging:
Log output configuration:
 #0: stdout all=warning uptime,level,tags foldmultilines=false
 #1: stderr all=off uptime,level,tags foldmultilines=false

Environment Variables:
CLASSPATH=A:\JDBC\mysql-connector-j-8.3.0.jar;.;
PATH=C:\Program Files\Common Files\Oracle\Java\javapath;A:\java\bin;c:\Program Files (x86)\Microsoft SQL Server\90\Tools\binn\;C:\Program Files\dotnet\;C:\WINDOWS\system32;C:\WINDOWS;C:\WINDOWS\System32\Wbem;C:\WINDOWS\System32\WindowsPowerShell\v1.0\;C:\WINDOWS\System32\OpenSSH\;A:\NodeJs\;C:\Program Files (x86)\Microsoft SQL Server\120\DTS\Binn\;C:\Program Files (x86)\Microsoft SQL Server\Client SDK\ODBC\110\Tools\Binn\;C:\Program Files (x86)\Microsoft SQL Server\120\Tools\Binn\;C:\Program Files (x86)\Microsoft SQL Server\120\Tools\Binn\ManagementStudio\;C:\Users\DELL\AppData\Local\Programs\Python\Launcher\;C:\Program Files\MySQL\MySQL Shell 8.0\bin\;A:\java\bin;;A:\intellij\IntelliJ IDEA Community Edition 2023.3.1\bin;;C:\Users\DELL\AppData\Local\Microsoft\WindowsApps;C:\Users\DELL\AppData\Local\Programs\Microsoft VS Code\bin;C:\Users\DELL\AppData\Roaming\npm
USERNAME=DELL
OS=Windows_NT
PROCESSOR_IDENTIFIER=AMD64 Family 23 Model 24 Stepping 1, AuthenticAMD
TMP=C:\Users\DELL\AppData\Local\Temp
TEMP=C:\Users\DELL\AppData\Local\Temp




Periodic native trim disabled

---------------  S Y S T E M  ---------------

OS:
 Windows 11 , 64 bit Build 22621 (10.0.22621.3958)
OS uptime: 0 days 3:30 hours

CPU: total 8 (initial active 8) (8 cores per cpu, 2 threads per core) family 23 model 24 stepping 1 microcode 0x0, cx8, cmov, fxsr, ht, mmx, 3dnowpref, sse, sse2, sse3, ssse3, sse4a, sse4.1, sse4.2, popcnt, lzcnt, tsc, tscinvbit, avx, avx2, aes, clmul, bmi1, bmi2, adx, sha, fma, vzeroupper, clflush, clflushopt, rdtscp, f16c
Processor Information for all 8 processors :
  Max Mhz: 2100, Current Mhz: 2100, Mhz Limit: 2100

Memory: 4k page, system-wide physical 6030M (354M free)
TotalPageFile size 24462M (AvailPageFile size 2M)
current process WorkingSet (physical memory assigned to process): 38M, peak: 38M
current process commit charge ("private bytes"): 177M, peak: 177M

vm_info: Java HotSpot(TM) 64-Bit Server VM (21.0.1+12-LTS-29) for windows-amd64 JRE (21.0.1+12-LTS-29), built on 2023-10-05T13:27:09Z by "mach5one" with MS VC++ 17.1 (VS2022)

END.
