#
# There is insufficient memory for the Java Runtime Environment to continue.
# Native memory allocation (malloc) failed to allocate 393552 bytes for Chunk::new
# Possible reasons:
#   The system is out of physical RAM or swap space
#   The process is running with CompressedOops enabled, and the Java Heap may be blocking the growth of the native heap
# Possible solutions:
#   Reduce memory load on the system
#   Increase physical memory or swap space
#   Check if swap backing store is full
#   Decrease Java heap size (-Xmx/-Xms)
#   Decrease number of Java threads
#   Decrease Java thread stack sizes (-Xss)
#   Set larger code cache with -XX:ReservedCodeCacheSize=
#   JVM is running with Unscaled Compressed Oops mode in which the Java heap is
#     placed in the first 4GB address space. The Java Heap base address is the
#     maximum limit for the native heap growth. Please use -XX:HeapBaseMinAddress
#     to set the Java Heap base and to place the Java Heap above 4GB virtual address.
# This output file may be truncated or incomplete.
#
#  Out of Memory Error (arena.cpp:168), pid=27032, tid=16980
#
# JRE version: Java(TM) SE Runtime Environment (21.0.1+12) (build 21.0.1+12-LTS-29)
# Java VM: Java HotSpot(TM) 64-Bit Server VM (21.0.1+12-LTS-29, mixed mode, sharing, tiered, compressed oops, compressed class ptrs, g1 gc, windows-amd64)
# No core dump will be written. Minidumps are not enabled by default on client versions of Windows
#

---------------  S U M M A R Y ------------

Command Line: -Dfile.encoding=UTF-8 --module-path=C:\Users\DELL\OneDrive\Documents\NetBeansProjects\Car Management System\build\classes Car.PaymentSystem

Host: AMD Ryzen 5 3500U with Radeon Vega Mobile Gfx  , 8 cores, 5G,  Windows 11 , 64 bit Build 22621 (10.0.22621.3958)
Time: Thu Sep 12 16:55:39 2024 India Standard Time elapsed time: 0.617500 seconds (0d 0h 0m 0s)

---------------  T H R E A D  ---------------

Current thread (0x000001c3762db6f0):  JavaThread "C2 CompilerThread0" daemon [_thread_in_native, id=16980, stack(0x000000924cd00000,0x000000924ce00000) (1024K)]


Current CompileTask:
C2:    617  681       4       java.util.Properties::loadConvert (540 bytes)

Stack: [0x000000924cd00000,0x000000924ce00000]
Native frames: (J=compiled Java code, j=interpreted, Vv=VM code, C=native code)
V  [jvm.dll+0x6c9029]
V  [jvm.dll+0x854b81]
V  [jvm.dll+0x856e5e]
V  [jvm.dll+0x857543]
V  [jvm.dll+0x280c06]
V  [jvm.dll+0xc3ead]
V  [jvm.dll+0xc43c3]
V  [jvm.dll+0x3b576c]
V  [jvm.dll+0x382475]
V  [jvm.dll+0x3818ea]
V  [jvm.dll+0x249ad0]
V  [jvm.dll+0x2490b1]
V  [jvm.dll+0x1c9ca1]
V  [jvm.dll+0x2586b9]
V  [jvm.dll+0x256c9a]
V  [jvm.dll+0x3ef1b6]
V  [jvm.dll+0x7fd728]
V  [jvm.dll+0x6c777d]
C  [ucrtbase.dll+0x29333]
C  [KERNEL32.DLL+0x1257d]
C  [ntdll.dll+0x5af28]


---------------  P R O C E S S  ---------------

Threads class SMR info:
_java_thread_list=0x000001c376749400, length=18, elements={
0x000001c3581cb5b0, 0x000001c3762c5f10, 0x000001c3762c6c30, 0x000001c3762c8b90,
0x000001c3762cacf0, 0x000001c3762cb750, 0x000001c3762cc8f0, 0x000001c3762db6f0,
0x000001c3762fc6e0, 0x000001c37650bf30, 0x000001c3765bea60, 0x000001c376707250,
0x000001c37670d3d0, 0x000001c376712c20, 0x000001c37677dc20, 0x000001c376797cc0,
0x000001c376802e30, 0x000001c3767b3b70
}

Java Threads: ( => current thread )
  0x000001c3581cb5b0 JavaThread "main"                              [_thread_in_vm, id=22564, stack(0x000000924bf00000,0x000000924c000000) (1024K)]
  0x000001c3762c5f10 JavaThread "Reference Handler"          daemon [_thread_blocked, id=20120, stack(0x000000924c700000,0x000000924c800000) (1024K)]
  0x000001c3762c6c30 JavaThread "Finalizer"                  daemon [_thread_blocked, id=20648, stack(0x000000924c800000,0x000000924c900000) (1024K)]
  0x000001c3762c8b90 JavaThread "Signal Dispatcher"          daemon [_thread_blocked, id=26544, stack(0x000000924c900000,0x000000924ca00000) (1024K)]
  0x000001c3762cacf0 JavaThread "Attach Listener"            daemon [_thread_blocked, id=2776, stack(0x000000924ca00000,0x000000924cb00000) (1024K)]
  0x000001c3762cb750 JavaThread "Service Thread"             daemon [_thread_blocked, id=27584, stack(0x000000924cb00000,0x000000924cc00000) (1024K)]
  0x000001c3762cc8f0 JavaThread "Monitor Deflation Thread"   daemon [_thread_blocked, id=27352, stack(0x000000924cc00000,0x000000924cd00000) (1024K)]
=>0x000001c3762db6f0 JavaThread "C2 CompilerThread0"         daemon [_thread_in_native, id=16980, stack(0x000000924cd00000,0x000000924ce00000) (1024K)]
  0x000001c3762fc6e0 JavaThread "C1 CompilerThread0"         daemon [_thread_in_vm, id=26004, stack(0x000000924ce00000,0x000000924cf00000) (1024K)]
  0x000001c37650bf30 JavaThread "Common-Cleaner"             daemon [_thread_blocked, id=26832, stack(0x000000924cf00000,0x000000924d000000) (1024K)]
  0x000001c3765bea60 JavaThread "Notification Thread"        daemon [_thread_blocked, id=3440, stack(0x000000924d000000,0x000000924d100000) (1024K)]
  0x000001c376707250 JavaThread "Java2D Disposer"            daemon [_thread_blocked, id=27620, stack(0x000000924d200000,0x000000924d300000) (1024K)]
  0x000001c37670d3d0 JavaThread "AWT-Shutdown"                      [_thread_blocked, id=1824, stack(0x000000924d300000,0x000000924d400000) (1024K)]
  0x000001c376712c20 JavaThread "AWT-Windows"                daemon [_thread_in_native, id=26824, stack(0x000000924d400000,0x000000924d500000) (1024K)]
  0x000001c37677dc20 JavaThread "EventQueueMonitor-ComponentEvtDispatch" daemon [_thread_blocked, id=25640, stack(0x000000924d500000,0x000000924d600000) (1024K)]
  0x000001c376797cc0 JavaThread "Thread-1"                   daemon [_thread_in_native, id=14584, stack(0x000000924d600000,0x000000924d700000) (1024K)]
  0x000001c376802e30 JavaThread "mysql-cj-abandoned-connection-cleanup" daemon [_thread_blocked, id=4948, stack(0x000000924d100000,0x000000924d200000) (1024K)]
  0x000001c3767b3b70 JavaThread "C2 CompilerThread1"         daemon [_thread_blocked, id=25424, stack(0x000000924d700000,0x000000924d800000) (1024K)]
Total: 18

Other Threads:
  0x000001c3762aa000 VMThread "VM Thread"                           [id=6136, stack(0x000000924c600000,0x000000924c700000) (1024K)]
  0x000001c376292d30 WatcherThread "VM Periodic Task Thread"        [id=26008, stack(0x000000924c500000,0x000000924c600000) (1024K)]
  0x000001c35a404720 WorkerThread "GC Thread#0"                     [id=15716, stack(0x000000924c000000,0x000000924c100000) (1024K)]
  0x000001c35a412520 ConcurrentGCThread "G1 Main Marker"            [id=24716, stack(0x000000924c100000,0x000000924c200000) (1024K)]
  0x000001c35a413ed0 WorkerThread "G1 Conc#0"                       [id=26764, stack(0x000000924c200000,0x000000924c300000) (1024K)]
  0x000001c35a47e8c0 ConcurrentGCThread "G1 Refine#0"               [id=26768, stack(0x000000924c300000,0x000000924c400000) (1024K)]
  0x000001c3761634a0 ConcurrentGCThread "G1 Service"                [id=26772, stack(0x000000924c400000,0x000000924c500000) (1024K)]
Total: 7

Threads with active compile tasks:
C2 CompilerThread0      674  681       4       java.util.Properties::loadConvert (540 bytes)
C1 CompilerThread0      674  757       1       com.mysql.cj.conf.AbstractPropertyDefinition::setDefaultValue (6 bytes)
Total: 2

VM state: not at safepoint (normal execution)

VM Mutex/Monitor currently owned by a thread: None

Heap address: 0x00000000a1c00000, size: 1508 MB, Compressed Oops mode: 32-bit

CDS archive(s) mapped at: [0x000001c300000000-0x000001c300c90000-0x000001c300c90000), size 13172736, SharedBaseAddress: 0x000001c300000000, ArchiveRelocationMode: 1.
Compressed class space mapped at: 0x000001c301000000-0x000001c341000000, reserved size: 1073741824
Narrow klass base: 0x000001c300000000, Narrow klass shift: 0, Narrow klass range: 0x100000000

GC Precious Log:
 CardTable entry size: 512
 Card Set container configuration: InlinePtr #cards 5 size 8 Array Of Cards #cards 12 size 40 Howl #buckets 4 coarsen threshold 1843 Howl Bitmap #cards 512 size 80 coarsen threshold 460 Card regions per heap region 1 cards per card region 2048
 CPUs: 8 total, 8 available
 Memory: 6030M
 Large Page Support: Disabled
 NUMA Support: Disabled
 Compressed Oops: Enabled (32-bit)
 Heap Region Size: 1M
 Heap Min Capacity: 8M
 Heap Initial Capacity: 96M
 Heap Max Capacity: 1508M
 Pre-touch: Disabled
 Parallel Workers: 8
 Concurrent Workers: 2
 Concurrent Refinement Workers: 8
 Periodic GC: Disabled

Heap:
 garbage-first heap   total 98304K, used 9216K [0x00000000a1c00000, 0x0000000100000000)
  region size 1024K, 10 young (10240K), 0 survivors (0K)
 Metaspace       used 7090K, committed 7360K, reserved 1114112K
  class space    used 765K, committed 896K, reserved 1048576K

Heap Regions: E=young(eden), S=young(survivor), O=old, HS=humongous(starts), HC=humongous(continues), CS=collection set, F=free, TAMS=top-at-mark-start, PB=parsable bottom
|   0|0x00000000a1c00000, 0x00000000a1c00000, 0x00000000a1d00000|  0%| F|  |TAMS 0x00000000a1c00000| PB 0x00000000a1c00000| Untracked 
|   1|0x00000000a1d00000, 0x00000000a1d00000, 0x00000000a1e00000|  0%| F|  |TAMS 0x00000000a1d00000| PB 0x00000000a1d00000| Untracked 
|   2|0x00000000a1e00000, 0x00000000a1e00000, 0x00000000a1f00000|  0%| F|  |TAMS 0x00000000a1e00000| PB 0x00000000a1e00000| Untracked 
|   3|0x00000000a1f00000, 0x00000000a1f00000, 0x00000000a2000000|  0%| F|  |TAMS 0x00000000a1f00000| PB 0x00000000a1f00000| Untracked 
|   4|0x00000000a2000000, 0x00000000a2000000, 0x00000000a2100000|  0%| F|  |TAMS 0x00000000a2000000| PB 0x00000000a2000000| Untracked 
|   5|0x00000000a2100000, 0x00000000a2100000, 0x00000000a2200000|  0%| F|  |TAMS 0x00000000a2100000| PB 0x00000000a2100000| Untracked 
|   6|0x00000000a2200000, 0x00000000a2200000, 0x00000000a2300000|  0%| F|  |TAMS 0x00000000a2200000| PB 0x00000000a2200000| Untracked 
|   7|0x00000000a2300000, 0x00000000a2300000, 0x00000000a2400000|  0%| F|  |TAMS 0x00000000a2300000| PB 0x00000000a2300000| Untracked 
|   8|0x00000000a2400000, 0x00000000a2400000, 0x00000000a2500000|  0%| F|  |TAMS 0x00000000a2400000| PB 0x00000000a2400000| Untracked 
|   9|0x00000000a2500000, 0x00000000a2500000, 0x00000000a2600000|  0%| F|  |TAMS 0x00000000a2500000| PB 0x00000000a2500000| Untracked 
|  10|0x00000000a2600000, 0x00000000a2600000, 0x00000000a2700000|  0%| F|  |TAMS 0x00000000a2600000| PB 0x00000000a2600000| Untracked 
|  11|0x00000000a2700000, 0x00000000a2700000, 0x00000000a2800000|  0%| F|  |TAMS 0x00000000a2700000| PB 0x00000000a2700000| Untracked 
|  12|0x00000000a2800000, 0x00000000a2800000, 0x00000000a2900000|  0%| F|  |TAMS 0x00000000a2800000| PB 0x00000000a2800000| Untracked 
|  13|0x00000000a2900000, 0x00000000a2900000, 0x00000000a2a00000|  0%| F|  |TAMS 0x00000000a2900000| PB 0x00000000a2900000| Untracked 
|  14|0x00000000a2a00000, 0x00000000a2a00000, 0x00000000a2b00000|  0%| F|  |TAMS 0x00000000a2a00000| PB 0x00000000a2a00000| Untracked 
|  15|0x00000000a2b00000, 0x00000000a2b00000, 0x00000000a2c00000|  0%| F|  |TAMS 0x00000000a2b00000| PB 0x00000000a2b00000| Untracked 
|  16|0x00000000a2c00000, 0x00000000a2c00000, 0x00000000a2d00000|  0%| F|  |TAMS 0x00000000a2c00000| PB 0x00000000a2c00000| Untracked 
|  17|0x00000000a2d00000, 0x00000000a2d00000, 0x00000000a2e00000|  0%| F|  |TAMS 0x00000000a2d00000| PB 0x00000000a2d00000| Untracked 
|  18|0x00000000a2e00000, 0x00000000a2e00000, 0x00000000a2f00000|  0%| F|  |TAMS 0x00000000a2e00000| PB 0x00000000a2e00000| Untracked 
|  19|0x00000000a2f00000, 0x00000000a2f00000, 0x00000000a3000000|  0%| F|  |TAMS 0x00000000a2f00000| PB 0x00000000a2f00000| Untracked 
|  20|0x00000000a3000000, 0x00000000a3000000, 0x00000000a3100000|  0%| F|  |TAMS 0x00000000a3000000| PB 0x00000000a3000000| Untracked 
|  21|0x00000000a3100000, 0x00000000a3100000, 0x00000000a3200000|  0%| F|  |TAMS 0x00000000a3100000| PB 0x00000000a3100000| Untracked 
|  22|0x00000000a3200000, 0x00000000a3200000, 0x00000000a3300000|  0%| F|  |TAMS 0x00000000a3200000| PB 0x00000000a3200000| Untracked 
|  23|0x00000000a3300000, 0x00000000a3300000, 0x00000000a3400000|  0%| F|  |TAMS 0x00000000a3300000| PB 0x00000000a3300000| Untracked 
|  24|0x00000000a3400000, 0x00000000a3400000, 0x00000000a3500000|  0%| F|  |TAMS 0x00000000a3400000| PB 0x00000000a3400000| Untracked 
|  25|0x00000000a3500000, 0x00000000a3500000, 0x00000000a3600000|  0%| F|  |TAMS 0x00000000a3500000| PB 0x00000000a3500000| Untracked 
|  26|0x00000000a3600000, 0x00000000a3600000, 0x00000000a3700000|  0%| F|  |TAMS 0x00000000a3600000| PB 0x00000000a3600000| Untracked 
|  27|0x00000000a3700000, 0x00000000a3700000, 0x00000000a3800000|  0%| F|  |TAMS 0x00000000a3700000| PB 0x00000000a3700000| Untracked 
|  28|0x00000000a3800000, 0x00000000a3800000, 0x00000000a3900000|  0%| F|  |TAMS 0x00000000a3800000| PB 0x00000000a3800000| Untracked 
|  29|0x00000000a3900000, 0x00000000a3900000, 0x00000000a3a00000|  0%| F|  |TAMS 0x00000000a3900000| PB 0x00000000a3900000| Untracked 
|  30|0x00000000a3a00000, 0x00000000a3a00000, 0x00000000a3b00000|  0%| F|  |TAMS 0x00000000a3a00000| PB 0x00000000a3a00000| Untracked 
|  31|0x00000000a3b00000, 0x00000000a3b00000, 0x00000000a3c00000|  0%| F|  |TAMS 0x00000000a3b00000| PB 0x00000000a3b00000| Untracked 
|  32|0x00000000a3c00000, 0x00000000a3c00000, 0x00000000a3d00000|  0%| F|  |TAMS 0x00000000a3c00000| PB 0x00000000a3c00000| Untracked 
|  33|0x00000000a3d00000, 0x00000000a3d00000, 0x00000000a3e00000|  0%| F|  |TAMS 0x00000000a3d00000| PB 0x00000000a3d00000| Untracked 
|  34|0x00000000a3e00000, 0x00000000a3e00000, 0x00000000a3f00000|  0%| F|  |TAMS 0x00000000a3e00000| PB 0x00000000a3e00000| Untracked 
|  35|0x00000000a3f00000, 0x00000000a3f00000, 0x00000000a4000000|  0%| F|  |TAMS 0x00000000a3f00000| PB 0x00000000a3f00000| Untracked 
|  36|0x00000000a4000000, 0x00000000a4000000, 0x00000000a4100000|  0%| F|  |TAMS 0x00000000a4000000| PB 0x00000000a4000000| Untracked 
|  37|0x00000000a4100000, 0x00000000a4100000, 0x00000000a4200000|  0%| F|  |TAMS 0x00000000a4100000| PB 0x00000000a4100000| Untracked 
|  38|0x00000000a4200000, 0x00000000a4200000, 0x00000000a4300000|  0%| F|  |TAMS 0x00000000a4200000| PB 0x00000000a4200000| Untracked 
|  39|0x00000000a4300000, 0x00000000a4300000, 0x00000000a4400000|  0%| F|  |TAMS 0x00000000a4300000| PB 0x00000000a4300000| Untracked 
|  40|0x00000000a4400000, 0x00000000a4400000, 0x00000000a4500000|  0%| F|  |TAMS 0x00000000a4400000| PB 0x00000000a4400000| Untracked 
|  41|0x00000000a4500000, 0x00000000a4500000, 0x00000000a4600000|  0%| F|  |TAMS 0x00000000a4500000| PB 0x00000000a4500000| Untracked 
|  42|0x00000000a4600000, 0x00000000a4600000, 0x00000000a4700000|  0%| F|  |TAMS 0x00000000a4600000| PB 0x00000000a4600000| Untracked 
|  43|0x00000000a4700000, 0x00000000a4700000, 0x00000000a4800000|  0%| F|  |TAMS 0x00000000a4700000| PB 0x00000000a4700000| Untracked 
|  44|0x00000000a4800000, 0x00000000a4800000, 0x00000000a4900000|  0%| F|  |TAMS 0x00000000a4800000| PB 0x00000000a4800000| Untracked 
|  45|0x00000000a4900000, 0x00000000a4900000, 0x00000000a4a00000|  0%| F|  |TAMS 0x00000000a4900000| PB 0x00000000a4900000| Untracked 
|  46|0x00000000a4a00000, 0x00000000a4a00000, 0x00000000a4b00000|  0%| F|  |TAMS 0x00000000a4a00000| PB 0x00000000a4a00000| Untracked 
|  47|0x00000000a4b00000, 0x00000000a4b00000, 0x00000000a4c00000|  0%| F|  |TAMS 0x00000000a4b00000| PB 0x00000000a4b00000| Untracked 
|  48|0x00000000a4c00000, 0x00000000a4c00000, 0x00000000a4d00000|  0%| F|  |TAMS 0x00000000a4c00000| PB 0x00000000a4c00000| Untracked 
|  49|0x00000000a4d00000, 0x00000000a4d00000, 0x00000000a4e00000|  0%| F|  |TAMS 0x00000000a4d00000| PB 0x00000000a4d00000| Untracked 
|  50|0x00000000a4e00000, 0x00000000a4e00000, 0x00000000a4f00000|  0%| F|  |TAMS 0x00000000a4e00000| PB 0x00000000a4e00000| Untracked 
|  51|0x00000000a4f00000, 0x00000000a4f00000, 0x00000000a5000000|  0%| F|  |TAMS 0x00000000a4f00000| PB 0x00000000a4f00000| Untracked 
|  52|0x00000000a5000000, 0x00000000a5000000, 0x00000000a5100000|  0%| F|  |TAMS 0x00000000a5000000| PB 0x00000000a5000000| Untracked 
|  53|0x00000000a5100000, 0x00000000a5100000, 0x00000000a5200000|  0%| F|  |TAMS 0x00000000a5100000| PB 0x00000000a5100000| Untracked 
|  54|0x00000000a5200000, 0x00000000a5200000, 0x00000000a5300000|  0%| F|  |TAMS 0x00000000a5200000| PB 0x00000000a5200000| Untracked 
|  55|0x00000000a5300000, 0x00000000a5300000, 0x00000000a5400000|  0%| F|  |TAMS 0x00000000a5300000| PB 0x00000000a5300000| Untracked 
|  56|0x00000000a5400000, 0x00000000a5400000, 0x00000000a5500000|  0%| F|  |TAMS 0x00000000a5400000| PB 0x00000000a5400000| Untracked 
|  57|0x00000000a5500000, 0x00000000a5500000, 0x00000000a5600000|  0%| F|  |TAMS 0x00000000a5500000| PB 0x00000000a5500000| Untracked 
|  58|0x00000000a5600000, 0x00000000a5600000, 0x00000000a5700000|  0%| F|  |TAMS 0x00000000a5600000| PB 0x00000000a5600000| Untracked 
|  59|0x00000000a5700000, 0x00000000a5700000, 0x00000000a5800000|  0%| F|  |TAMS 0x00000000a5700000| PB 0x00000000a5700000| Untracked 
|  60|0x00000000a5800000, 0x00000000a5800000, 0x00000000a5900000|  0%| F|  |TAMS 0x00000000a5800000| PB 0x00000000a5800000| Untracked 
|  61|0x00000000a5900000, 0x00000000a5900000, 0x00000000a5a00000|  0%| F|  |TAMS 0x00000000a5900000| PB 0x00000000a5900000| Untracked 
|  62|0x00000000a5a00000, 0x00000000a5a00000, 0x00000000a5b00000|  0%| F|  |TAMS 0x00000000a5a00000| PB 0x00000000a5a00000| Untracked 
|  63|0x00000000a5b00000, 0x00000000a5b00000, 0x00000000a5c00000|  0%| F|  |TAMS 0x00000000a5b00000| PB 0x00000000a5b00000| Untracked 
|  64|0x00000000a5c00000, 0x00000000a5c00000, 0x00000000a5d00000|  0%| F|  |TAMS 0x00000000a5c00000| PB 0x00000000a5c00000| Untracked 
|  65|0x00000000a5d00000, 0x00000000a5d00000, 0x00000000a5e00000|  0%| F|  |TAMS 0x00000000a5d00000| PB 0x00000000a5d00000| Untracked 
|  66|0x00000000a5e00000, 0x00000000a5e00000, 0x00000000a5f00000|  0%| F|  |TAMS 0x00000000a5e00000| PB 0x00000000a5e00000| Untracked 
|  67|0x00000000a5f00000, 0x00000000a5f00000, 0x00000000a6000000|  0%| F|  |TAMS 0x00000000a5f00000| PB 0x00000000a5f00000| Untracked 
|  68|0x00000000a6000000, 0x00000000a6000000, 0x00000000a6100000|  0%| F|  |TAMS 0x00000000a6000000| PB 0x00000000a6000000| Untracked 
|  69|0x00000000a6100000, 0x00000000a6100000, 0x00000000a6200000|  0%| F|  |TAMS 0x00000000a6100000| PB 0x00000000a6100000| Untracked 
|  70|0x00000000a6200000, 0x00000000a6200000, 0x00000000a6300000|  0%| F|  |TAMS 0x00000000a6200000| PB 0x00000000a6200000| Untracked 
|  71|0x00000000a6300000, 0x00000000a6300000, 0x00000000a6400000|  0%| F|  |TAMS 0x00000000a6300000| PB 0x00000000a6300000| Untracked 
|  72|0x00000000a6400000, 0x00000000a6400000, 0x00000000a6500000|  0%| F|  |TAMS 0x00000000a6400000| PB 0x00000000a6400000| Untracked 
|  73|0x00000000a6500000, 0x00000000a6500000, 0x00000000a6600000|  0%| F|  |TAMS 0x00000000a6500000| PB 0x00000000a6500000| Untracked 
|  74|0x00000000a6600000, 0x00000000a6600000, 0x00000000a6700000|  0%| F|  |TAMS 0x00000000a6600000| PB 0x00000000a6600000| Untracked 
|  75|0x00000000a6700000, 0x00000000a6700000, 0x00000000a6800000|  0%| F|  |TAMS 0x00000000a6700000| PB 0x00000000a6700000| Untracked 
|  76|0x00000000a6800000, 0x00000000a6800000, 0x00000000a6900000|  0%| F|  |TAMS 0x00000000a6800000| PB 0x00000000a6800000| Untracked 
|  77|0x00000000a6900000, 0x00000000a6900000, 0x00000000a6a00000|  0%| F|  |TAMS 0x00000000a6900000| PB 0x00000000a6900000| Untracked 
|  78|0x00000000a6a00000, 0x00000000a6a00000, 0x00000000a6b00000|  0%| F|  |TAMS 0x00000000a6a00000| PB 0x00000000a6a00000| Untracked 
|  79|0x00000000a6b00000, 0x00000000a6b00000, 0x00000000a6c00000|  0%| F|  |TAMS 0x00000000a6b00000| PB 0x00000000a6b00000| Untracked 
|  80|0x00000000a6c00000, 0x00000000a6c00000, 0x00000000a6d00000|  0%| F|  |TAMS 0x00000000a6c00000| PB 0x00000000a6c00000| Untracked 
|  81|0x00000000a6d00000, 0x00000000a6d00000, 0x00000000a6e00000|  0%| F|  |TAMS 0x00000000a6d00000| PB 0x00000000a6d00000| Untracked 
|  82|0x00000000a6e00000, 0x00000000a6e00000, 0x00000000a6f00000|  0%| F|  |TAMS 0x00000000a6e00000| PB 0x00000000a6e00000| Untracked 
|  83|0x00000000a6f00000, 0x00000000a6f00000, 0x00000000a7000000|  0%| F|  |TAMS 0x00000000a6f00000| PB 0x00000000a6f00000| Untracked 
|  84|0x00000000a7000000, 0x00000000a7000000, 0x00000000a7100000|  0%| F|  |TAMS 0x00000000a7000000| PB 0x00000000a7000000| Untracked 
|  85|0x00000000a7100000, 0x00000000a7100000, 0x00000000a7200000|  0%| F|  |TAMS 0x00000000a7100000| PB 0x00000000a7100000| Untracked 
|  86|0x00000000a7200000, 0x00000000a72ecf38, 0x00000000a7300000| 92%| E|  |TAMS 0x00000000a7200000| PB 0x00000000a7200000| Complete 
|  87|0x00000000a7300000, 0x00000000a7400000, 0x00000000a7400000|100%| E|CS|TAMS 0x00000000a7300000| PB 0x00000000a7300000| Complete 
|  88|0x00000000a7400000, 0x00000000a7500000, 0x00000000a7500000|100%| E|CS|TAMS 0x00000000a7400000| PB 0x00000000a7400000| Complete 
|  89|0x00000000a7500000, 0x00000000a7600000, 0x00000000a7600000|100%| E|CS|TAMS 0x00000000a7500000| PB 0x00000000a7500000| Complete 
|  90|0x00000000a7600000, 0x00000000a7700000, 0x00000000a7700000|100%| E|CS|TAMS 0x00000000a7600000| PB 0x00000000a7600000| Complete 
|  91|0x00000000a7700000, 0x00000000a7800000, 0x00000000a7800000|100%| E|CS|TAMS 0x00000000a7700000| PB 0x00000000a7700000| Complete 
|  92|0x00000000a7800000, 0x00000000a7900000, 0x00000000a7900000|100%| E|CS|TAMS 0x00000000a7800000| PB 0x00000000a7800000| Complete 
|  93|0x00000000a7900000, 0x00000000a7a00000, 0x00000000a7a00000|100%| E|CS|TAMS 0x00000000a7900000| PB 0x00000000a7900000| Complete 
|  94|0x00000000a7a00000, 0x00000000a7b00000, 0x00000000a7b00000|100%| E|CS|TAMS 0x00000000a7a00000| PB 0x00000000a7a00000| Complete 
|  95|0x00000000a7b00000, 0x00000000a7c00000, 0x00000000a7c00000|100%| E|CS|TAMS 0x00000000a7b00000| PB 0x00000000a7b00000| Complete 

Card table byte_map: [0x000001c371e40000,0x000001c372140000] _byte_map_base: 0x000001c371932000

Marking Bits: (CMBitMap*) 0x000001c35a405530
 Bits: [0x000001c372140000, 0x000001c3738d0000)

Polling page: 0x000001c3583b0000

Metaspace:

Usage:
  Non-class:      6.19 MB used.
      Class:    768.25 KB used.
       Both:      6.94 MB used.

Virtual space:
  Non-class space:       64.00 MB reserved,       6.31 MB ( 10%) committed,  1 nodes.
      Class space:        1.00 GB reserved,     896.00 KB ( <1%) committed,  1 nodes.
             Both:        1.06 GB reserved,       7.19 MB ( <1%) committed. 

Chunk freelists:
   Non-Class:  9.64 MB
       Class:  15.14 MB
        Both:  24.78 MB

MaxMetaspaceSize: unlimited
CompressedClassSpaceSize: 1.00 GB
Initial GC threshold: 21.00 MB
Current GC threshold: 21.00 MB
CDS: on
 - commit_granule_bytes: 65536.
 - commit_granule_words: 8192.
 - virtual_space_node_default_size: 8388608.
 - enlarge_chunks_in_place: 1.
 - use_allocation_guard: 0.


Internal statistics:

num_allocs_failed_limit: 0.
num_arena_births: 144.
num_arena_deaths: 0.
num_vsnodes_births: 2.
num_vsnodes_deaths: 0.
num_space_committed: 115.
num_space_uncommitted: 0.
num_chunks_returned_to_freelist: 0.
num_chunks_taken_from_freelist: 245.
num_chunk_merges: 0.
num_chunk_splits: 139.
num_chunks_enlarged: 57.
num_inconsistent_stats: 0.

CodeHeap 'non-profiled nmethods': size=120000Kb used=251Kb max_used=251Kb free=119748Kb
 bounds [0x000001c36a2e0000, 0x000001c36a550000, 0x000001c371810000]
CodeHeap 'profiled nmethods': size=120000Kb used=1119Kb max_used=1119Kb free=118880Kb
 bounds [0x000001c362810000, 0x000001c362a80000, 0x000001c369d40000]
CodeHeap 'non-nmethods': size=5760Kb used=1468Kb max_used=1480Kb free=4291Kb
 bounds [0x000001c369d40000, 0x000001c369fb0000, 0x000001c36a2e0000]
 total_blobs=1323 nmethods=769 adapters=459
 compilation: enabled
              stopped_count=0, restarted_count=0
 full_count=0

Compilation events (20 events):
Event: 0.599 Thread 0x000001c3767b3b70  688 %     4       java.lang.StringLatin1::inflate @ 3 (34 bytes)
Event: 0.600 Thread 0x000001c3762fc6e0 nmethod 708 0x000001c36290a710 code [0x000001c36290aa40, 0x000001c36290b970]
Event: 0.600 Thread 0x000001c3762fc6e0  709       3       jdk.internal.org.objectweb.asm.MethodWriter::hasFrames (13 bytes)
Event: 0.601 Thread 0x000001c3762fc6e0 nmethod 709 0x000001c36290c010 code [0x000001c36290c1a0, 0x000001c36290c310]
Event: 0.601 Thread 0x000001c3762fc6e0  710       3       jdk.internal.org.objectweb.asm.MethodWriter::putMethodInfo (1274 bytes)
Event: 0.607 Thread 0x000001c3762fc6e0 nmethod 710 0x000001c36290c390 code [0x000001c36290cac0, 0x000001c36290f3e0]
Event: 0.607 Thread 0x000001c3762fc6e0  712       3       jdk.internal.org.objectweb.asm.MethodWriter::<init> (232 bytes)
Event: 0.609 Thread 0x000001c3762fc6e0 nmethod 712 0x000001c362910710 code [0x000001c3629109c0, 0x000001c362911758]
Event: 0.609 Thread 0x000001c3762fc6e0  714       3       java.lang.invoke.MethodHandles$Lookup::<init> (84 bytes)
Event: 0.609 Thread 0x000001c3762fc6e0 nmethod 714 0x000001c362911c10 code [0x000001c362911dc0, 0x000001c362912008]
Event: 0.609 Thread 0x000001c3762fc6e0  711       3       java.lang.invoke.MethodHandleNatives::refKindIsMethod (19 bytes)
Event: 0.610 Thread 0x000001c3762fc6e0 nmethod 711 0x000001c362912110 code [0x000001c3629122c0, 0x000001c362912508]
Event: 0.610 Thread 0x000001c3762fc6e0  716       3       java.lang.invoke.ConstantCallSite::getTarget (20 bytes)
Event: 0.610 Thread 0x000001c3762fc6e0 nmethod 716 0x000001c362912590 code [0x000001c362912740, 0x000001c362912950]
Event: 0.610 Thread 0x000001c3762fc6e0  718       3       java.lang.invoke.MethodHandleNatives::canBeCalledVirtual (49 bytes)
Event: 0.611 Thread 0x000001c3762fc6e0 nmethod 718 0x000001c362912a10 code [0x000001c362912c00, 0x000001c3629130e0]
Event: 0.611 Thread 0x000001c3762fc6e0  719       1       java.net.URL::getFile (5 bytes)
Event: 0.611 Thread 0x000001c3762fc6e0 nmethod 719 0x000001c36a318410 code [0x000001c36a3185a0, 0x000001c36a318668]
Event: 0.613 Thread 0x000001c3767b3b70 nmethod 688% 0x000001c36a318710 code [0x000001c36a3188a0, 0x000001c36a318d38]
Event: 0.613 Thread 0x000001c3767b3b70  715       4       java.lang.StringLatin1::indexOfChar (33 bytes)

GC Heap History (0 events):
No events

Dll operation events (8 events):
Event: 0.010 Loaded shared library A:\java1.8\bin\java.dll
Event: 0.048 Loaded shared library A:\java1.8\bin\jsvml.dll
Event: 0.082 Loaded shared library A:\java1.8\bin\net.dll
Event: 0.084 Loaded shared library A:\java1.8\bin\nio.dll
Event: 0.110 Loaded shared library A:\java1.8\bin\zip.dll
Event: 0.126 Loaded shared library A:\java1.8\bin\jimage.dll
Event: 0.143 Loaded shared library A:\java1.8\bin\awt.dll
Event: 0.254 Loaded shared library A:\java1.8\bin\javaaccessbridge.dll

Deoptimization events (8 events):
Event: 0.314 Thread 0x000001c3581cb5b0 Uncommon trap: trap_request=0xffffff45 fr.pc=0x000001c36a2f0e60 relative=0x0000000000000a00
Event: 0.314 Thread 0x000001c3581cb5b0 Uncommon trap: reason=unstable_if action=reinterpret pc=0x000001c36a2f0e60 method=java.util.HashMap.putVal(ILjava/lang/Object;Ljava/lang/Object;ZZ)Ljava/lang/Object; @ 236 c2
Event: 0.314 Thread 0x000001c3581cb5b0 DEOPT PACKING pc=0x000001c36a2f0e60 sp=0x000000924bffdb10
Event: 0.314 Thread 0x000001c3581cb5b0 DEOPT UNPACKING pc=0x000001c369d946a2 sp=0x000000924bffdac8 mode 2
Event: 0.509 Thread 0x000001c3581cb5b0 DEOPT PACKING pc=0x000001c36281fc99 sp=0x000000924bffa4d0
Event: 0.509 Thread 0x000001c3581cb5b0 DEOPT UNPACKING pc=0x000001c369d94e42 sp=0x000000924bff98f0 mode 0
Event: 0.603 Thread 0x000001c3581cb5b0 DEOPT PACKING pc=0x000001c36281e8e1 sp=0x000000924bffd690
Event: 0.603 Thread 0x000001c3581cb5b0 DEOPT UNPACKING pc=0x000001c369d94e42 sp=0x000000924bffcaf8 mode 0

Classes loaded (20 events):
Event: 0.561 Loading class sun/util/PropertyResourceBundleCharset$PropertiesFileDecoder
Event: 0.562 Loading class sun/util/PropertyResourceBundleCharset$PropertiesFileDecoder done
Event: 0.587 Loading class jdk/internal/foreign/MemorySessionImpl
Event: 0.587 Loading class java/lang/foreign/MemorySegment$Scope
Event: 0.587 Loading class java/lang/foreign/MemorySegment$Scope done
Event: 0.587 Loading class jdk/internal/foreign/MemorySessionImpl done
Event: 0.590 Loading class java/text/MessageFormat
Event: 0.591 Loading class java/text/MessageFormat done
Event: 0.592 Loading class java/math/BigDecimal
Event: 0.593 Loading class java/math/BigDecimal done
Event: 0.594 Loading class java/math/MathContext
Event: 0.594 Loading class java/math/MathContext done
Event: 0.598 Loading class java/util/Collections$UnmodifiableMap$UnmodifiableEntrySet
Event: 0.598 Loading class java/util/Collections$UnmodifiableMap$UnmodifiableEntrySet done
Event: 0.599 Loading class java/util/Collections$UnmodifiableMap$UnmodifiableEntrySet$UnmodifiableEntrySetSpliterator
Event: 0.599 Loading class java/util/Collections$UnmodifiableMap$UnmodifiableEntrySet$UnmodifiableEntrySetSpliterator done
Event: 0.599 Loading class java/util/HashMap$EntrySpliterator
Event: 0.599 Loading class java/util/HashMap$EntrySpliterator done
Event: 0.600 Loading class java/lang/invoke/DirectMethodHandle$Special
Event: 0.600 Loading class java/lang/invoke/DirectMethodHandle$Special done

Classes unloaded (0 events):
No events

Classes redefined (0 events):
No events

Internal exceptions (17 events):
Event: 0.086 Thread 0x000001c3581cb5b0 Exception <a 'sun/nio/fs/WindowsException'{0x00000000a7a443c8}> (0x00000000a7a443c8) 
thrown [s\open\src\hotspot\share\prims\jni.cpp, line 520]
Event: 0.088 Thread 0x000001c3581cb5b0 Exception <a 'sun/nio/fs/WindowsException'{0x00000000a7a469e8}> (0x00000000a7a469e8) 
thrown [s\open\src\hotspot\share\prims\jni.cpp, line 520]
Event: 0.088 Thread 0x000001c3581cb5b0 Exception <a 'sun/nio/fs/WindowsException'{0x00000000a7a47590}> (0x00000000a7a47590) 
thrown [s\open\src\hotspot\share\prims\jni.cpp, line 520]
Event: 0.089 Thread 0x000001c3581cb5b0 Exception <a 'sun/nio/fs/WindowsException'{0x00000000a7a480e8}> (0x00000000a7a480e8) 
thrown [s\open\src\hotspot\share\prims\jni.cpp, line 520]
Event: 0.089 Thread 0x000001c3581cb5b0 Exception <a 'sun/nio/fs/WindowsException'{0x00000000a7a48c48}> (0x00000000a7a48c48) 
thrown [s\open\src\hotspot\share\prims\jni.cpp, line 520]
Event: 0.132 Thread 0x000001c3581cb5b0 Exception <a 'java/lang/ClassNotFoundException'{0x00000000a7984c98}: sun/awt/resources/spi/awtProvider> (0x00000000a7984c98) 
thrown [s\open\src\hotspot\share\classfile\systemDictionary.cpp, line 312]
Event: 0.257 Thread 0x000001c3581cb5b0 Exception <a 'java/lang/ClassNotFoundException'{0x00000000a78663c0}: com/sun/accessibility/internal/resources/spi/accessibilityProvider> (0x00000000a78663c0) 
thrown [s\open\src\hotspot\share\classfile\systemDictionary.cpp, line 312]
Event: 0.288 Thread 0x000001c3581cb5b0 Exception <a 'java/lang/NoSuchMethodError'{0x00000000a7736f20}: 'void java.lang.invoke.DirectMethodHandle$Holder.invokeStatic(java.lang.Object, java.lang.Object)'> (0x00000000a7736f20) 
thrown [s\open\src\hotspot\share\interpreter\linkResolver.cpp, line 773]
Event: 0.318 Thread 0x000001c3581cb5b0 Exception <a 'java/lang/NoSuchMethodError'{0x00000000a7754ce8}: 'void java.lang.invoke.DirectMethodHandle$Holder.invokeSpecial(java.lang.Object, java.lang.Object, java.lang.Object)'> (0x00000000a7754ce8) 
thrown [s\open\src\hotspot\share\interpreter\linkResolver.cpp, line 773]
Event: 0.340 Thread 0x000001c3581cb5b0 Exception <a 'java/lang/NoSuchMethodError'{0x00000000a77f0358}: 'java.lang.Object java.lang.invoke.DirectMethodHandle$Holder.newInvokeSpecial(java.lang.Object, java.lang.Object, java.lang.Object, java.lang.Object, java.lang.Object)'> (0x00000000a77f0358) 
thrown [s\open\src\hotspot\share\interpreter\linkResolver.cpp, line 773]
Event: 0.359 Thread 0x000001c3581cb5b0 Exception <a 'java/lang/NoSuchMethodError'{0x00000000a761c8a8}: 'java.lang.Object java.lang.invoke.DirectMethodHandle$Holder.invokeStatic(java.lang.Object, int, java.lang.Object)'> (0x00000000a761c8a8) 
thrown [s\open\src\hotspot\share\interpreter\linkResolver.cpp, line 773]
Event: 0.403 Thread 0x000001c3581cb5b0 Exception <a 'java/lang/ClassNotFoundException'{0x00000000a76bba20}: com/sun/swing/internal/plaf/metal/resources/spi/metalProvider> (0x00000000a76bba20) 
thrown [s\open\src\hotspot\share\classfile\systemDictionary.cpp, line 312]
Event: 0.405 Thread 0x000001c3581cb5b0 Exception <a 'java/lang/ClassNotFoundException'{0x00000000a76bf980}: com/sun/swing/internal/plaf/basic/resources/spi/basicProvider> (0x00000000a76bf980) 
thrown [s\open\src\hotspot\share\classfile\systemDictionary.cpp, line 312]
Event: 0.421 Thread 0x000001c3581cb5b0 Exception <a 'java/lang/NoSuchMethodError'{0x00000000a76de870}: 'int java.lang.invoke.Invokers$Holder.invokeExact_MT(java.lang.Object, java.lang.Object)'> (0x00000000a76de870) 
thrown [s\open\src\hotspot\share\interpreter\linkResolver.cpp, line 773]
Event: 0.547 Thread 0x000001c3581cb5b0 Exception <a 'java/lang/NoSuchMethodError'{0x00000000a7472d60}: 'java.lang.Object java.lang.invoke.DirectMethodHandle$Holder.invokeInterface(java.lang.Object, java.lang.Object)'> (0x00000000a7472d60) 
thrown [s\open\src\hotspot\share\interpreter\linkResolver.cpp, line 773]
Event: 0.602 Thread 0x000001c3581cb5b0 Exception <a 'java/lang/NoSuchMethodError'{0x00000000a74ec470}: 'void java.lang.invoke.DirectMethodHandle$Holder.invokeStatic(java.lang.Object, java.lang.Object, java.lang.Object)'> (0x00000000a74ec470) 
thrown [s\open\src\hotspot\share\interpreter\linkResolver.cpp, line 773]
Event: 0.605 Thread 0x000001c3581cb5b0 Exception <a 'java/lang/NoSuchMethodError'{0x00000000a74f5158}: 'java.lang.Object java.lang.invoke.DirectMethodHandle$Holder.invokeVirtual(java.lang.Object, java.lang.Object, java.lang.Object)'> (0x00000000a74f5158) 
thrown [s\open\src\hotspot\share\interpreter\linkResolver.cpp, line 773]

ZGC Phase Switch (0 events):
No events

VM Operations (6 events):
Event: 0.090 Executing VM operation: HandshakeAllThreads (Deoptimize)
Event: 0.090 Executing VM operation: HandshakeAllThreads (Deoptimize) done
Event: 0.448 Executing VM operation: HandshakeAllThreads (Deoptimize)
Event: 0.449 Executing VM operation: HandshakeAllThreads (Deoptimize) done
Event: 0.497 Executing VM operation: HandshakeAllThreads (Deoptimize)
Event: 0.497 Executing VM operation: HandshakeAllThreads (Deoptimize) done

Events (20 events):
Event: 0.030 Thread 0x000001c3581cb5b0 Thread added: 0x000001c3581cb5b0
Event: 0.045 Thread 0x000001c3762c5f10 Thread added: 0x000001c3762c5f10
Event: 0.045 Thread 0x000001c3762c6c30 Thread added: 0x000001c3762c6c30
Event: 0.045 Thread 0x000001c3762c8b90 Thread added: 0x000001c3762c8b90
Event: 0.046 Thread 0x000001c3762cacf0 Thread added: 0x000001c3762cacf0
Event: 0.046 Thread 0x000001c3762cb750 Thread added: 0x000001c3762cb750
Event: 0.046 Thread 0x000001c3762cc8f0 Thread added: 0x000001c3762cc8f0
Event: 0.046 Thread 0x000001c3762db6f0 Thread added: 0x000001c3762db6f0
Event: 0.046 Thread 0x000001c3762fc6e0 Thread added: 0x000001c3762fc6e0
Event: 0.069 Thread 0x000001c37650bf30 Thread added: 0x000001c37650bf30
Event: 0.102 Thread 0x000001c3765bea60 Thread added: 0x000001c3765bea60
Event: 0.106 Thread 0x000001c3765cfce0 Thread added: 0x000001c3765cfce0
Event: 0.224 Thread 0x000001c376707250 Thread added: 0x000001c376707250
Event: 0.226 Thread 0x000001c37670d3d0 Thread added: 0x000001c37670d3d0
Event: 0.229 Thread 0x000001c376712c20 Thread added: 0x000001c376712c20
Event: 0.268 Thread 0x000001c37677dc20 Thread added: 0x000001c37677dc20
Event: 0.286 Thread 0x000001c376797cc0 Thread added: 0x000001c376797cc0
Event: 0.456 Thread 0x000001c3765cfce0 Thread exited: 0x000001c3765cfce0
Event: 0.475 Thread 0x000001c376802e30 Thread added: 0x000001c376802e30
Event: 0.558 Thread 0x000001c3767b3b70 Thread added: 0x000001c3767b3b70


Dynamic libraries:
0x00007ff669fd0000 - 0x00007ff669fe0000 	A:\java1.8\bin\java.exe
0x00007ffa4f0d0000 - 0x00007ffa4f2e7000 	C:\WINDOWS\SYSTEM32\ntdll.dll
0x00007ffa12890000 - 0x00007ffa128aa000 	C:\Program Files\Avast Software\Avast\aswhook.dll
0x00007ffa4eb40000 - 0x00007ffa4ec04000 	C:\WINDOWS\System32\KERNEL32.DLL
0x00007ffa4c810000 - 0x00007ffa4cbbd000 	C:\WINDOWS\System32\KERNELBASE.dll
0x00007ffa4cc60000 - 0x00007ffa4cd71000 	C:\WINDOWS\System32\ucrtbase.dll
0x00007ffa481b0000 - 0x00007ffa481c9000 	A:\java1.8\bin\jli.dll
0x00007ffa4ecb0000 - 0x00007ffa4ed62000 	C:\WINDOWS\System32\ADVAPI32.dll
0x00007ffa38f90000 - 0x00007ffa38fab000 	A:\java1.8\bin\VCRUNTIME140.dll
0x00007ffa4e060000 - 0x00007ffa4e107000 	C:\WINDOWS\System32\msvcrt.dll
0x00007ffa4cf20000 - 0x00007ffa4cfc9000 	C:\WINDOWS\System32\sechost.dll
0x00007ffa4c7e0000 - 0x00007ffa4c808000 	C:\WINDOWS\System32\bcrypt.dll
0x00007ffa4ea20000 - 0x00007ffa4eb34000 	C:\WINDOWS\System32\RPCRT4.dll
0x00007ffa4dc70000 - 0x00007ffa4de1e000 	C:\WINDOWS\System32\USER32.dll
0x00007ffa4cc30000 - 0x00007ffa4cc56000 	C:\WINDOWS\System32\win32u.dll
0x00007ffa3bd40000 - 0x00007ffa3bfd3000 	C:\WINDOWS\WinSxS\amd64_microsoft.windows.common-controls_6595b64144ccf1df_6.0.22621.3672_none_2713b9d173822955\COMCTL32.dll
0x00007ffa4d840000 - 0x00007ffa4d869000 	C:\WINDOWS\System32\GDI32.dll
0x00007ffa4c3f0000 - 0x00007ffa4c509000 	C:\WINDOWS\System32\gdi32full.dll
0x00007ffa4c740000 - 0x00007ffa4c7da000 	C:\WINDOWS\System32\msvcp_win.dll
0x00007ffa43ed0000 - 0x00007ffa43eda000 	C:\WINDOWS\SYSTEM32\VERSION.dll
0x00007ffa4e170000 - 0x00007ffa4e1a1000 	C:\WINDOWS\System32\IMM32.DLL
0x00007ffa38f80000 - 0x00007ffa38f8c000 	A:\java1.8\bin\vcruntime140_1.dll
0x00007ffa38bc0000 - 0x00007ffa38c4e000 	A:\java1.8\bin\msvcp140.dll
0x00007ffa38fb0000 - 0x00007ffa39cc5000 	A:\java1.8\bin\server\jvm.dll
0x00007ffa4dbf0000 - 0x00007ffa4dc61000 	C:\WINDOWS\System32\WS2_32.dll
0x00007ffa4c2c0000 - 0x00007ffa4c30d000 	C:\WINDOWS\SYSTEM32\POWRPROF.dll
0x00007ffa44780000 - 0x00007ffa447b4000 	C:\WINDOWS\SYSTEM32\WINMM.dll
0x00007ffa4c2a0000 - 0x00007ffa4c2b3000 	C:\WINDOWS\SYSTEM32\UMPDC.dll
0x00007ffa4b440000 - 0x00007ffa4b458000 	C:\WINDOWS\SYSTEM32\kernel.appcore.dll
0x00007ffa38f10000 - 0x00007ffa38f1a000 	A:\java1.8\bin\jimage.dll
0x00007ffa43160000 - 0x00007ffa43392000 	C:\WINDOWS\SYSTEM32\DBGHELP.DLL
0x00007ffa4e630000 - 0x00007ffa4e9be000 	C:\WINDOWS\System32\combase.dll
0x00007ffa4ed90000 - 0x00007ffa4ee67000 	C:\WINDOWS\System32\OLEAUT32.dll
0x00007ffa41dd0000 - 0x00007ffa41e02000 	C:\WINDOWS\SYSTEM32\dbgcore.DLL
0x00007ffa4cd80000 - 0x00007ffa4cdfb000 	C:\WINDOWS\System32\bcryptPrimitives.dll
0x00007ffa38f20000 - 0x00007ffa38f3f000 	A:\java1.8\bin\java.dll
0x00007ffa4cfd0000 - 0x00007ffa4d837000 	C:\WINDOWS\System32\SHELL32.dll
0x00007ffa4a370000 - 0x00007ffa4ac6f000 	C:\WINDOWS\SYSTEM32\windows.storage.dll
0x00007ffa4a230000 - 0x00007ffa4a36f000 	C:\WINDOWS\SYSTEM32\wintypes.dll
0x00007ffa4ce00000 - 0x00007ffa4cef9000 	C:\WINDOWS\System32\SHCORE.dll
0x00007ffa4e110000 - 0x00007ffa4e16e000 	C:\WINDOWS\System32\shlwapi.dll
0x00007ffa4c320000 - 0x00007ffa4c347000 	C:\WINDOWS\SYSTEM32\profapi.dll
0x00007ffa38e30000 - 0x00007ffa38f07000 	A:\java1.8\bin\jsvml.dll
0x00007ffa38e20000 - 0x00007ffa38e30000 	A:\java1.8\bin\net.dll
0x00007ffa45870000 - 0x00007ffa459a6000 	C:\WINDOWS\SYSTEM32\WINHTTP.dll
0x00007ffa4b8b0000 - 0x00007ffa4b919000 	C:\WINDOWS\system32\mswsock.dll
0x00007ffa38e00000 - 0x00007ffa38e16000 	A:\java1.8\bin\nio.dll
0x00007ffa38de0000 - 0x00007ffa38df8000 	A:\java1.8\bin\zip.dll
0x00007ffa38c50000 - 0x00007ffa38ddf000 	A:\java1.8\bin\awt.dll
0x00007ffa49700000 - 0x00007ffa49797000 	C:\WINDOWS\SYSTEM32\apphelp.dll
0x00007ffa49bc0000 - 0x00007ffa49beb000 	C:\WINDOWS\system32\DWMAPI.DLL
0x00007ffa49980000 - 0x00007ffa49a31000 	C:\WINDOWS\system32\uxtheme.dll
0x00007ff9b8e10000 - 0x00007ff9b8f10000 	C:\WINDOWS\system32\opengl32.dll
0x00007ff9b88c0000 - 0x00007ff9b88ed000 	C:\WINDOWS\SYSTEM32\GLU32.dll
0x00007ffa49a70000 - 0x00007ffa49aa7000 	C:\WINDOWS\SYSTEM32\dxcore.dll
0x00007ffa4da40000 - 0x00007ffa4db9e000 	C:\WINDOWS\System32\MSCTF.dll
0x00007ffa0e5f0000 - 0x00007ffa0e622000 	C:\Users\DELL\ashish pvt\Password Door\TLPD64.DLL
0x00007ffa4d890000 - 0x00007ffa4da35000 	C:\WINDOWS\System32\ole32.dll
0x00007ffa38200000 - 0x00007ffa3824a000 	A:\java1.8\bin\javaaccessbridge.dll
0x00007ffa47690000 - 0x00007ffa47697000 	A:\java1.8\bin\jawt.dll

dbghelp: loaded successfully - version: 4.0.5 - missing functions: none
symbol engine: initialized successfully - sym options: 0x614 - pdb path: .;A:\java1.8\bin;C:\WINDOWS\SYSTEM32;C:\Program Files\Avast Software\Avast;C:\WINDOWS\WinSxS\amd64_microsoft.windows.common-controls_6595b64144ccf1df_6.0.22621.3672_none_2713b9d173822955;A:\java1.8\bin\server;C:\Users\DELL\ashish pvt\Password Door

VM Arguments:
jvm_args: -Dfile.encoding=UTF-8 --module-path=C:\Users\DELL\OneDrive\Documents\NetBeansProjects\Car Management System\build\classes 
java_command: Car.PaymentSystem
java_class_path (initial): C:\mysql-connector-j-8.3.0.jar;C:\Users\DELL\OneDrive\Documents\NetBeansProjects\Car Management System\build\classes
Launcher Type: SUN_STANDARD

[Global flags]
     intx CICompilerCount                          = 4                                         {product} {ergonomic}
     uint ConcGCThreads                            = 2                                         {product} {ergonomic}
     uint G1ConcRefinementThreads                  = 8                                         {product} {ergonomic}
   size_t G1HeapRegionSize                         = 1048576                                   {product} {ergonomic}
    uintx GCDrainStackTargetSize                   = 64                                        {product} {ergonomic}
   size_t InitialHeapSize                          = 100663296                                 {product} {ergonomic}
   size_t MarkStackSize                            = 4194304                                   {product} {ergonomic}
   size_t MaxHeapSize                              = 1581252608                                {product} {ergonomic}
   size_t MaxNewSize                               = 947912704                                 {product} {ergonomic}
   size_t MinHeapDeltaBytes                        = 1048576                                   {product} {ergonomic}
   size_t MinHeapSize                              = 8388608                                   {product} {ergonomic}
    uintx NonNMethodCodeHeapSize                   = 5839372                                {pd product} {ergonomic}
    uintx NonProfiledCodeHeapSize                  = 122909434                              {pd product} {ergonomic}
    uintx ProfiledCodeHeapSize                     = 122909434                              {pd product} {ergonomic}
    uintx ReservedCodeCacheSize                    = 251658240                              {pd product} {ergonomic}
     bool SegmentedCodeCache                       = true                                      {product} {ergonomic}
   size_t SoftMaxHeapSize                          = 1581252608                             {manageable} {ergonomic}
     bool UseCompressedOops                        = true                           {product lp64_product} {ergonomic}
     bool UseG1GC                                  = true                                      {product} {ergonomic}
     bool UseLargePagesIndividualAllocation        = false                                  {pd product} {ergonomic}

Logging:
Log output configuration:
 #0: stdout all=warning uptime,level,tags foldmultilines=false
 #1: stderr all=off uptime,level,tags foldmultilines=false

Environment Variables:
CLASSPATH=A:\JDBC\mysql-connector-j-8.3.0.jar;.;
PATH=C:\Program Files\Common Files\Oracle\Java\javapath;A:\java\bin;c:\Program Files (x86)\Microsoft SQL Server\90\Tools\binn\;C:\Program Files\dotnet\;C:\WINDOWS\system32;C:\WINDOWS;C:\WINDOWS\System32\Wbem;C:\WINDOWS\System32\WindowsPowerShell\v1.0\;C:\WINDOWS\System32\OpenSSH\;A:\NodeJs\;C:\Program Files (x86)\Microsoft SQL Server\120\DTS\Binn\;C:\Program Files (x86)\Microsoft SQL Server\Client SDK\ODBC\110\Tools\Binn\;C:\Program Files (x86)\Microsoft SQL Server\120\Tools\Binn\;C:\Program Files (x86)\Microsoft SQL Server\120\Tools\Binn\ManagementStudio\;C:\Users\DELL\AppData\Local\Programs\Python\Launcher\;C:\Program Files\MySQL\MySQL Shell 8.0\bin\;A:\java\bin;;A:\intellij\IntelliJ IDEA Community Edition 2023.3.1\bin;;C:\Users\DELL\AppData\Local\Microsoft\WindowsApps;C:\Users\DELL\AppData\Local\Programs\Microsoft VS Code\bin;C:\Users\DELL\AppData\Roaming\npm
USERNAME=DELL
OS=Windows_NT
PROCESSOR_IDENTIFIER=AMD64 Family 23 Model 24 Stepping 1, AuthenticAMD
TMP=C:\Users\DELL\AppData\Local\Temp
TEMP=C:\Users\DELL\AppData\Local\Temp




Periodic native trim disabled

---------------  S Y S T E M  ---------------

OS:
 Windows 11 , 64 bit Build 22621 (10.0.22621.3958)
OS uptime: 0 days 3:24 hours

CPU: total 8 (initial active 8) (8 cores per cpu, 2 threads per core) family 23 model 24 stepping 1 microcode 0x0, cx8, cmov, fxsr, ht, mmx, 3dnowpref, sse, sse2, sse3, ssse3, sse4a, sse4.1, sse4.2, popcnt, lzcnt, tsc, tscinvbit, avx, avx2, aes, clmul, bmi1, bmi2, adx, sha, fma, vzeroupper, clflush, clflushopt, rdtscp, f16c
Processor Information for all 8 processors :
  Max Mhz: 2100, Current Mhz: 2100, Mhz Limit: 2100

Memory: 4k page, system-wide physical 6030M (434M free)
TotalPageFile size 24462M (AvailPageFile size 2M)
current process WorkingSet (physical memory assigned to process): 63M, peak: 63M
current process commit charge ("private bytes"): 191M, peak: 191M

vm_info: Java HotSpot(TM) 64-Bit Server VM (21.0.1+12-LTS-29) for windows-amd64 JRE (21.0.1+12-LTS-29), built on 2023-10-05T13:27:09Z by "mach5one" with MS VC++ 17.1 (VS2022)

END.
