#
# There is insufficient memory for the Java Runtime Environment to continue.
# Native memory allocation (malloc) failed to allocate 417616 bytes for Chunk::new
# Possible reasons:
#   The system is out of physical RAM or swap space
#   The process is running with CompressedOops enabled, and the Java Heap may be blocking the growth of the native heap
# Possible solutions:
#   Reduce memory load on the system
#   Increase physical memory or swap space
#   Check if swap backing store is full
#   Decrease Java heap size (-Xmx/-Xms)
#   Decrease number of Java threads
#   Decrease Java thread stack sizes (-Xss)
#   Set larger code cache with -XX:ReservedCodeCacheSize=
#   JVM is running with Unscaled Compressed Oops mode in which the Java heap is
#     placed in the first 4GB address space. The Java Heap base address is the
#     maximum limit for the native heap growth. Please use -XX:HeapBaseMinAddress
#     to set the Java Heap base and to place the Java Heap above 4GB virtual address.
# This output file may be truncated or incomplete.
#
#  Out of Memory Error (arena.cpp:168), pid=26960, tid=27080
#
# JRE version: Java(TM) SE Runtime Environment (21.0.1+12) (build 21.0.1+12-LTS-29)
# Java VM: Java HotSpot(TM) 64-Bit Server VM (21.0.1+12-LTS-29, mixed mode, sharing, tiered, compressed oops, compressed class ptrs, g1 gc, windows-amd64)
# No core dump will be written. Minidumps are not enabled by default on client versions of Windows
#

---------------  S U M M A R Y ------------

Command Line: -Dfile.encoding=UTF-8 --module-path=C:\Users\DELL\OneDrive\Documents\NetBeansProjects\Car Management System\build\classes Car.PaymentSystem

Host: AMD Ryzen 5 3500U with Radeon Vega Mobile Gfx  , 8 cores, 5G,  Windows 11 , 64 bit Build 22621 (10.0.22621.3958)
Time: Thu Sep 12 16:55:54 2024 India Standard Time elapsed time: 1.379866 seconds (0d 0h 0m 1s)

---------------  T H R E A D  ---------------

Current thread (0x00000156fc2f73d0):  JavaThread "C2 CompilerThread0" daemon [_thread_in_native, id=27080, stack(0x0000002632a00000,0x0000002632b00000) (1024K)]


Current CompileTask:
C2:   1380 1309       4       sun.security.ec.ECOperations::setDouble (463 bytes)

Stack: [0x0000002632a00000,0x0000002632b00000]
Native frames: (J=compiled Java code, j=interpreted, Vv=VM code, C=native code)
V  [jvm.dll+0x6c9029]
V  [jvm.dll+0x854b81]
V  [jvm.dll+0x856e5e]
V  [jvm.dll+0x857543]
V  [jvm.dll+0x280c06]
V  [jvm.dll+0xc3ead]
V  [jvm.dll+0xc43c3]
V  [jvm.dll+0x2f3f3f]
V  [jvm.dll+0x5f40a6]
V  [jvm.dll+0x252bef]
V  [jvm.dll+0x24b323]
V  [jvm.dll+0x248fa3]
V  [jvm.dll+0x1c9ca1]
V  [jvm.dll+0x2586b9]
V  [jvm.dll+0x256c9a]
V  [jvm.dll+0x3ef1b6]
V  [jvm.dll+0x7fd728]
V  [jvm.dll+0x6c777d]
C  [ucrtbase.dll+0x29333]
C  [KERNEL32.DLL+0x1257d]
C  [ntdll.dll+0x5af28]


---------------  P R O C E S S  ---------------

Threads class SMR info:
_java_thread_list=0x00000156fe5627b0, length=17, elements={
0x00000156de2ccf60, 0x00000156fc2e7060, 0x00000156fc2e8030, 0x00000156fc2ea9a0,
0x00000156fc2ee550, 0x00000156fc2ef770, 0x00000156fc2f1a40, 0x00000156fc2f73d0,
0x00000156fc2f7fa0, 0x00000156fc2af9f0, 0x00000156fc5cde50, 0x00000156fc752aa0,
0x00000156fc762f40, 0x00000156fc78fa70, 0x00000156fc7af3a0, 0x00000156fc808b10,
0x00000156fe4b95a0
}

Java Threads: ( => current thread )
  0x00000156de2ccf60 JavaThread "main"                              [_thread_in_Java, id=23964, stack(0x0000002631c00000,0x0000002631d00000) (1024K)]
  0x00000156fc2e7060 JavaThread "Reference Handler"          daemon [_thread_blocked, id=27544, stack(0x0000002632400000,0x0000002632500000) (1024K)]
  0x00000156fc2e8030 JavaThread "Finalizer"                  daemon [_thread_blocked, id=27184, stack(0x0000002632500000,0x0000002632600000) (1024K)]
  0x00000156fc2ea9a0 JavaThread "Signal Dispatcher"          daemon [_thread_blocked, id=8256, stack(0x0000002632600000,0x0000002632700000) (1024K)]
  0x00000156fc2ee550 JavaThread "Attach Listener"            daemon [_thread_blocked, id=21160, stack(0x0000002632700000,0x0000002632800000) (1024K)]
  0x00000156fc2ef770 JavaThread "Service Thread"             daemon [_thread_blocked, id=20536, stack(0x0000002632800000,0x0000002632900000) (1024K)]
  0x00000156fc2f1a40 JavaThread "Monitor Deflation Thread"   daemon [_thread_blocked, id=17472, stack(0x0000002632900000,0x0000002632a00000) (1024K)]
=>0x00000156fc2f73d0 JavaThread "C2 CompilerThread0"         daemon [_thread_in_native, id=27080, stack(0x0000002632a00000,0x0000002632b00000) (1024K)]
  0x00000156fc2f7fa0 JavaThread "C1 CompilerThread0"         daemon [_thread_blocked, id=23824, stack(0x0000002632b00000,0x0000002632c00000) (1024K)]
  0x00000156fc2af9f0 JavaThread "Common-Cleaner"             daemon [_thread_blocked, id=23448, stack(0x0000002632c00000,0x0000002632d00000) (1024K)]
  0x00000156fc5cde50 JavaThread "Notification Thread"        daemon [_thread_blocked, id=11620, stack(0x0000002632e00000,0x0000002632f00000) (1024K)]
  0x00000156fc752aa0 JavaThread "Java2D Disposer"            daemon [_thread_blocked, id=13896, stack(0x0000002632f00000,0x0000002633000000) (1024K)]
  0x00000156fc762f40 JavaThread "AWT-Windows"                daemon [_thread_in_native, id=25744, stack(0x0000002633100000,0x0000002633200000) (1024K)]
  0x00000156fc78fa70 JavaThread "EventQueueMonitor-ComponentEvtDispatch" daemon [_thread_blocked, id=23188, stack(0x0000002633200000,0x0000002633300000) (1024K)]
  0x00000156fc7af3a0 JavaThread "Thread-1"                   daemon [_thread_in_native, id=27040, stack(0x0000002633300000,0x0000002633400000) (1024K)]
  0x00000156fc808b10 JavaThread "mysql-cj-abandoned-connection-cleanup" daemon [_thread_blocked, id=26972, stack(0x0000002632d00000,0x0000002632e00000) (1024K)]
  0x00000156fe4b95a0 JavaThread "C2 CompilerThread1"         daemon [_thread_blocked, id=19852, stack(0x0000002633400000,0x0000002633500000) (1024K)]
Total: 17

Other Threads:
  0x00000156fc2c88c0 VMThread "VM Thread"                           [id=26556, stack(0x0000002632300000,0x0000002632400000) (1024K)]
  0x00000156fc2aeb90 WatcherThread "VM Periodic Task Thread"        [id=26976, stack(0x0000002632200000,0x0000002632300000) (1024K)]
  0x00000156e04222a0 WorkerThread "GC Thread#0"                     [id=15344, stack(0x0000002631d00000,0x0000002631e00000) (1024K)]
  0x00000156e042f8a0 ConcurrentGCThread "G1 Main Marker"            [id=23368, stack(0x0000002631e00000,0x0000002631f00000) (1024K)]
  0x00000156e0430a50 WorkerThread "G1 Conc#0"                       [id=26112, stack(0x0000002631f00000,0x0000002632000000) (1024K)]
  0x00000156e049ea40 ConcurrentGCThread "G1 Refine#0"               [id=19692, stack(0x0000002632000000,0x0000002632100000) (1024K)]
  0x00000156fc1825f0 ConcurrentGCThread "G1 Service"                [id=27024, stack(0x0000002632100000,0x0000002632200000) (1024K)]
Total: 7

Threads with active compile tasks:
C2 CompilerThread0     1436 1309       4       sun.security.ec.ECOperations::setDouble (463 bytes)
C1 CompilerThread0     1436 1410   !   3       jdk.internal.loader.URLClassPath$JarLoader::ensureOpen (36 bytes)
Total: 2

VM state: not at safepoint (normal execution)

VM Mutex/Monitor currently owned by a thread: None

Heap address: 0x00000000a1c00000, size: 1508 MB, Compressed Oops mode: 32-bit

CDS archive(s) mapped at: [0x0000015680000000-0x0000015680c90000-0x0000015680c90000), size 13172736, SharedBaseAddress: 0x0000015680000000, ArchiveRelocationMode: 1.
Compressed class space mapped at: 0x0000015681000000-0x00000156c1000000, reserved size: 1073741824
Narrow klass base: 0x0000015680000000, Narrow klass shift: 0, Narrow klass range: 0x100000000

GC Precious Log:
 CardTable entry size: 512
 Card Set container configuration: InlinePtr #cards 5 size 8 Array Of Cards #cards 12 size 40 Howl #buckets 4 coarsen threshold 1843 Howl Bitmap #cards 512 size 80 coarsen threshold 460 Card regions per heap region 1 cards per card region 2048
 CPUs: 8 total, 8 available
 Memory: 6030M
 Large Page Support: Disabled
 NUMA Support: Disabled
 Compressed Oops: Enabled (32-bit)
 Heap Region Size: 1M
 Heap Min Capacity: 8M
 Heap Initial Capacity: 96M
 Heap Max Capacity: 1508M
 Pre-touch: Disabled
 Parallel Workers: 8
 Concurrent Workers: 2
 Concurrent Refinement Workers: 8
 Periodic GC: Disabled

Heap:
 garbage-first heap   total 98304K, used 18432K [0x00000000a1c00000, 0x0000000100000000)
  region size 1024K, 19 young (19456K), 0 survivors (0K)
 Metaspace       used 14519K, committed 14784K, reserved 1114112K
  class space    used 1606K, committed 1728K, reserved 1048576K

Heap Regions: E=young(eden), S=young(survivor), O=old, HS=humongous(starts), HC=humongous(continues), CS=collection set, F=free, TAMS=top-at-mark-start, PB=parsable bottom
|   0|0x00000000a1c00000, 0x00000000a1c00000, 0x00000000a1d00000|  0%| F|  |TAMS 0x00000000a1c00000| PB 0x00000000a1c00000| Untracked 
|   1|0x00000000a1d00000, 0x00000000a1d00000, 0x00000000a1e00000|  0%| F|  |TAMS 0x00000000a1d00000| PB 0x00000000a1d00000| Untracked 
|   2|0x00000000a1e00000, 0x00000000a1e00000, 0x00000000a1f00000|  0%| F|  |TAMS 0x00000000a1e00000| PB 0x00000000a1e00000| Untracked 
|   3|0x00000000a1f00000, 0x00000000a1f00000, 0x00000000a2000000|  0%| F|  |TAMS 0x00000000a1f00000| PB 0x00000000a1f00000| Untracked 
|   4|0x00000000a2000000, 0x00000000a2000000, 0x00000000a2100000|  0%| F|  |TAMS 0x00000000a2000000| PB 0x00000000a2000000| Untracked 
|   5|0x00000000a2100000, 0x00000000a2100000, 0x00000000a2200000|  0%| F|  |TAMS 0x00000000a2100000| PB 0x00000000a2100000| Untracked 
|   6|0x00000000a2200000, 0x00000000a2200000, 0x00000000a2300000|  0%| F|  |TAMS 0x00000000a2200000| PB 0x00000000a2200000| Untracked 
|   7|0x00000000a2300000, 0x00000000a2300000, 0x00000000a2400000|  0%| F|  |TAMS 0x00000000a2300000| PB 0x00000000a2300000| Untracked 
|   8|0x00000000a2400000, 0x00000000a2400000, 0x00000000a2500000|  0%| F|  |TAMS 0x00000000a2400000| PB 0x00000000a2400000| Untracked 
|   9|0x00000000a2500000, 0x00000000a2500000, 0x00000000a2600000|  0%| F|  |TAMS 0x00000000a2500000| PB 0x00000000a2500000| Untracked 
|  10|0x00000000a2600000, 0x00000000a2600000, 0x00000000a2700000|  0%| F|  |TAMS 0x00000000a2600000| PB 0x00000000a2600000| Untracked 
|  11|0x00000000a2700000, 0x00000000a2700000, 0x00000000a2800000|  0%| F|  |TAMS 0x00000000a2700000| PB 0x00000000a2700000| Untracked 
|  12|0x00000000a2800000, 0x00000000a2800000, 0x00000000a2900000|  0%| F|  |TAMS 0x00000000a2800000| PB 0x00000000a2800000| Untracked 
|  13|0x00000000a2900000, 0x00000000a2900000, 0x00000000a2a00000|  0%| F|  |TAMS 0x00000000a2900000| PB 0x00000000a2900000| Untracked 
|  14|0x00000000a2a00000, 0x00000000a2a00000, 0x00000000a2b00000|  0%| F|  |TAMS 0x00000000a2a00000| PB 0x00000000a2a00000| Untracked 
|  15|0x00000000a2b00000, 0x00000000a2b00000, 0x00000000a2c00000|  0%| F|  |TAMS 0x00000000a2b00000| PB 0x00000000a2b00000| Untracked 
|  16|0x00000000a2c00000, 0x00000000a2c00000, 0x00000000a2d00000|  0%| F|  |TAMS 0x00000000a2c00000| PB 0x00000000a2c00000| Untracked 
|  17|0x00000000a2d00000, 0x00000000a2d00000, 0x00000000a2e00000|  0%| F|  |TAMS 0x00000000a2d00000| PB 0x00000000a2d00000| Untracked 
|  18|0x00000000a2e00000, 0x00000000a2e00000, 0x00000000a2f00000|  0%| F|  |TAMS 0x00000000a2e00000| PB 0x00000000a2e00000| Untracked 
|  19|0x00000000a2f00000, 0x00000000a2f00000, 0x00000000a3000000|  0%| F|  |TAMS 0x00000000a2f00000| PB 0x00000000a2f00000| Untracked 
|  20|0x00000000a3000000, 0x00000000a3000000, 0x00000000a3100000|  0%| F|  |TAMS 0x00000000a3000000| PB 0x00000000a3000000| Untracked 
|  21|0x00000000a3100000, 0x00000000a3100000, 0x00000000a3200000|  0%| F|  |TAMS 0x00000000a3100000| PB 0x00000000a3100000| Untracked 
|  22|0x00000000a3200000, 0x00000000a3200000, 0x00000000a3300000|  0%| F|  |TAMS 0x00000000a3200000| PB 0x00000000a3200000| Untracked 
|  23|0x00000000a3300000, 0x00000000a3300000, 0x00000000a3400000|  0%| F|  |TAMS 0x00000000a3300000| PB 0x00000000a3300000| Untracked 
|  24|0x00000000a3400000, 0x00000000a3400000, 0x00000000a3500000|  0%| F|  |TAMS 0x00000000a3400000| PB 0x00000000a3400000| Untracked 
|  25|0x00000000a3500000, 0x00000000a3500000, 0x00000000a3600000|  0%| F|  |TAMS 0x00000000a3500000| PB 0x00000000a3500000| Untracked 
|  26|0x00000000a3600000, 0x00000000a3600000, 0x00000000a3700000|  0%| F|  |TAMS 0x00000000a3600000| PB 0x00000000a3600000| Untracked 
|  27|0x00000000a3700000, 0x00000000a3700000, 0x00000000a3800000|  0%| F|  |TAMS 0x00000000a3700000| PB 0x00000000a3700000| Untracked 
|  28|0x00000000a3800000, 0x00000000a3800000, 0x00000000a3900000|  0%| F|  |TAMS 0x00000000a3800000| PB 0x00000000a3800000| Untracked 
|  29|0x00000000a3900000, 0x00000000a3900000, 0x00000000a3a00000|  0%| F|  |TAMS 0x00000000a3900000| PB 0x00000000a3900000| Untracked 
|  30|0x00000000a3a00000, 0x00000000a3a00000, 0x00000000a3b00000|  0%| F|  |TAMS 0x00000000a3a00000| PB 0x00000000a3a00000| Untracked 
|  31|0x00000000a3b00000, 0x00000000a3b00000, 0x00000000a3c00000|  0%| F|  |TAMS 0x00000000a3b00000| PB 0x00000000a3b00000| Untracked 
|  32|0x00000000a3c00000, 0x00000000a3c00000, 0x00000000a3d00000|  0%| F|  |TAMS 0x00000000a3c00000| PB 0x00000000a3c00000| Untracked 
|  33|0x00000000a3d00000, 0x00000000a3d00000, 0x00000000a3e00000|  0%| F|  |TAMS 0x00000000a3d00000| PB 0x00000000a3d00000| Untracked 
|  34|0x00000000a3e00000, 0x00000000a3e00000, 0x00000000a3f00000|  0%| F|  |TAMS 0x00000000a3e00000| PB 0x00000000a3e00000| Untracked 
|  35|0x00000000a3f00000, 0x00000000a3f00000, 0x00000000a4000000|  0%| F|  |TAMS 0x00000000a3f00000| PB 0x00000000a3f00000| Untracked 
|  36|0x00000000a4000000, 0x00000000a4000000, 0x00000000a4100000|  0%| F|  |TAMS 0x00000000a4000000| PB 0x00000000a4000000| Untracked 
|  37|0x00000000a4100000, 0x00000000a4100000, 0x00000000a4200000|  0%| F|  |TAMS 0x00000000a4100000| PB 0x00000000a4100000| Untracked 
|  38|0x00000000a4200000, 0x00000000a4200000, 0x00000000a4300000|  0%| F|  |TAMS 0x00000000a4200000| PB 0x00000000a4200000| Untracked 
|  39|0x00000000a4300000, 0x00000000a4300000, 0x00000000a4400000|  0%| F|  |TAMS 0x00000000a4300000| PB 0x00000000a4300000| Untracked 
|  40|0x00000000a4400000, 0x00000000a4400000, 0x00000000a4500000|  0%| F|  |TAMS 0x00000000a4400000| PB 0x00000000a4400000| Untracked 
|  41|0x00000000a4500000, 0x00000000a4500000, 0x00000000a4600000|  0%| F|  |TAMS 0x00000000a4500000| PB 0x00000000a4500000| Untracked 
|  42|0x00000000a4600000, 0x00000000a4600000, 0x00000000a4700000|  0%| F|  |TAMS 0x00000000a4600000| PB 0x00000000a4600000| Untracked 
|  43|0x00000000a4700000, 0x00000000a4700000, 0x00000000a4800000|  0%| F|  |TAMS 0x00000000a4700000| PB 0x00000000a4700000| Untracked 
|  44|0x00000000a4800000, 0x00000000a4800000, 0x00000000a4900000|  0%| F|  |TAMS 0x00000000a4800000| PB 0x00000000a4800000| Untracked 
|  45|0x00000000a4900000, 0x00000000a4900000, 0x00000000a4a00000|  0%| F|  |TAMS 0x00000000a4900000| PB 0x00000000a4900000| Untracked 
|  46|0x00000000a4a00000, 0x00000000a4a00000, 0x00000000a4b00000|  0%| F|  |TAMS 0x00000000a4a00000| PB 0x00000000a4a00000| Untracked 
|  47|0x00000000a4b00000, 0x00000000a4b00000, 0x00000000a4c00000|  0%| F|  |TAMS 0x00000000a4b00000| PB 0x00000000a4b00000| Untracked 
|  48|0x00000000a4c00000, 0x00000000a4c00000, 0x00000000a4d00000|  0%| F|  |TAMS 0x00000000a4c00000| PB 0x00000000a4c00000| Untracked 
|  49|0x00000000a4d00000, 0x00000000a4d00000, 0x00000000a4e00000|  0%| F|  |TAMS 0x00000000a4d00000| PB 0x00000000a4d00000| Untracked 
|  50|0x00000000a4e00000, 0x00000000a4e00000, 0x00000000a4f00000|  0%| F|  |TAMS 0x00000000a4e00000| PB 0x00000000a4e00000| Untracked 
|  51|0x00000000a4f00000, 0x00000000a4f00000, 0x00000000a5000000|  0%| F|  |TAMS 0x00000000a4f00000| PB 0x00000000a4f00000| Untracked 
|  52|0x00000000a5000000, 0x00000000a5000000, 0x00000000a5100000|  0%| F|  |TAMS 0x00000000a5000000| PB 0x00000000a5000000| Untracked 
|  53|0x00000000a5100000, 0x00000000a5100000, 0x00000000a5200000|  0%| F|  |TAMS 0x00000000a5100000| PB 0x00000000a5100000| Untracked 
|  54|0x00000000a5200000, 0x00000000a5200000, 0x00000000a5300000|  0%| F|  |TAMS 0x00000000a5200000| PB 0x00000000a5200000| Untracked 
|  55|0x00000000a5300000, 0x00000000a5300000, 0x00000000a5400000|  0%| F|  |TAMS 0x00000000a5300000| PB 0x00000000a5300000| Untracked 
|  56|0x00000000a5400000, 0x00000000a5400000, 0x00000000a5500000|  0%| F|  |TAMS 0x00000000a5400000| PB 0x00000000a5400000| Untracked 
|  57|0x00000000a5500000, 0x00000000a5500000, 0x00000000a5600000|  0%| F|  |TAMS 0x00000000a5500000| PB 0x00000000a5500000| Untracked 
|  58|0x00000000a5600000, 0x00000000a5600000, 0x00000000a5700000|  0%| F|  |TAMS 0x00000000a5600000| PB 0x00000000a5600000| Untracked 
|  59|0x00000000a5700000, 0x00000000a5700000, 0x00000000a5800000|  0%| F|  |TAMS 0x00000000a5700000| PB 0x00000000a5700000| Untracked 
|  60|0x00000000a5800000, 0x00000000a5800000, 0x00000000a5900000|  0%| F|  |TAMS 0x00000000a5800000| PB 0x00000000a5800000| Untracked 
|  61|0x00000000a5900000, 0x00000000a5900000, 0x00000000a5a00000|  0%| F|  |TAMS 0x00000000a5900000| PB 0x00000000a5900000| Untracked 
|  62|0x00000000a5a00000, 0x00000000a5a00000, 0x00000000a5b00000|  0%| F|  |TAMS 0x00000000a5a00000| PB 0x00000000a5a00000| Untracked 
|  63|0x00000000a5b00000, 0x00000000a5b00000, 0x00000000a5c00000|  0%| F|  |TAMS 0x00000000a5b00000| PB 0x00000000a5b00000| Untracked 
|  64|0x00000000a5c00000, 0x00000000a5c00000, 0x00000000a5d00000|  0%| F|  |TAMS 0x00000000a5c00000| PB 0x00000000a5c00000| Untracked 
|  65|0x00000000a5d00000, 0x00000000a5d00000, 0x00000000a5e00000|  0%| F|  |TAMS 0x00000000a5d00000| PB 0x00000000a5d00000| Untracked 
|  66|0x00000000a5e00000, 0x00000000a5e00000, 0x00000000a5f00000|  0%| F|  |TAMS 0x00000000a5e00000| PB 0x00000000a5e00000| Untracked 
|  67|0x00000000a5f00000, 0x00000000a5f00000, 0x00000000a6000000|  0%| F|  |TAMS 0x00000000a5f00000| PB 0x00000000a5f00000| Untracked 
|  68|0x00000000a6000000, 0x00000000a6000000, 0x00000000a6100000|  0%| F|  |TAMS 0x00000000a6000000| PB 0x00000000a6000000| Untracked 
|  69|0x00000000a6100000, 0x00000000a6100000, 0x00000000a6200000|  0%| F|  |TAMS 0x00000000a6100000| PB 0x00000000a6100000| Untracked 
|  70|0x00000000a6200000, 0x00000000a6200000, 0x00000000a6300000|  0%| F|  |TAMS 0x00000000a6200000| PB 0x00000000a6200000| Untracked 
|  71|0x00000000a6300000, 0x00000000a6300000, 0x00000000a6400000|  0%| F|  |TAMS 0x00000000a6300000| PB 0x00000000a6300000| Untracked 
|  72|0x00000000a6400000, 0x00000000a6400000, 0x00000000a6500000|  0%| F|  |TAMS 0x00000000a6400000| PB 0x00000000a6400000| Untracked 
|  73|0x00000000a6500000, 0x00000000a6500000, 0x00000000a6600000|  0%| F|  |TAMS 0x00000000a6500000| PB 0x00000000a6500000| Untracked 
|  74|0x00000000a6600000, 0x00000000a6600000, 0x00000000a6700000|  0%| F|  |TAMS 0x00000000a6600000| PB 0x00000000a6600000| Untracked 
|  75|0x00000000a6700000, 0x00000000a6700000, 0x00000000a6800000|  0%| F|  |TAMS 0x00000000a6700000| PB 0x00000000a6700000| Untracked 
|  76|0x00000000a6800000, 0x00000000a6800000, 0x00000000a6900000|  0%| F|  |TAMS 0x00000000a6800000| PB 0x00000000a6800000| Untracked 
|  77|0x00000000a6900000, 0x00000000a6976480, 0x00000000a6a00000| 46%| E|  |TAMS 0x00000000a6900000| PB 0x00000000a6900000| Complete 
|  78|0x00000000a6a00000, 0x00000000a6b00000, 0x00000000a6b00000|100%| E|CS|TAMS 0x00000000a6a00000| PB 0x00000000a6a00000| Complete 
|  79|0x00000000a6b00000, 0x00000000a6c00000, 0x00000000a6c00000|100%| E|CS|TAMS 0x00000000a6b00000| PB 0x00000000a6b00000| Complete 
|  80|0x00000000a6c00000, 0x00000000a6d00000, 0x00000000a6d00000|100%| E|CS|TAMS 0x00000000a6c00000| PB 0x00000000a6c00000| Complete 
|  81|0x00000000a6d00000, 0x00000000a6e00000, 0x00000000a6e00000|100%| E|CS|TAMS 0x00000000a6d00000| PB 0x00000000a6d00000| Complete 
|  82|0x00000000a6e00000, 0x00000000a6f00000, 0x00000000a6f00000|100%| E|CS|TAMS 0x00000000a6e00000| PB 0x00000000a6e00000| Complete 
|  83|0x00000000a6f00000, 0x00000000a7000000, 0x00000000a7000000|100%| E|CS|TAMS 0x00000000a6f00000| PB 0x00000000a6f00000| Complete 
|  84|0x00000000a7000000, 0x00000000a7100000, 0x00000000a7100000|100%| E|CS|TAMS 0x00000000a7000000| PB 0x00000000a7000000| Complete 
|  85|0x00000000a7100000, 0x00000000a7200000, 0x00000000a7200000|100%| E|CS|TAMS 0x00000000a7100000| PB 0x00000000a7100000| Complete 
|  86|0x00000000a7200000, 0x00000000a7300000, 0x00000000a7300000|100%| E|CS|TAMS 0x00000000a7200000| PB 0x00000000a7200000| Complete 
|  87|0x00000000a7300000, 0x00000000a7400000, 0x00000000a7400000|100%| E|CS|TAMS 0x00000000a7300000| PB 0x00000000a7300000| Complete 
|  88|0x00000000a7400000, 0x00000000a7500000, 0x00000000a7500000|100%| E|CS|TAMS 0x00000000a7400000| PB 0x00000000a7400000| Complete 
|  89|0x00000000a7500000, 0x00000000a7600000, 0x00000000a7600000|100%| E|CS|TAMS 0x00000000a7500000| PB 0x00000000a7500000| Complete 
|  90|0x00000000a7600000, 0x00000000a7700000, 0x00000000a7700000|100%| E|CS|TAMS 0x00000000a7600000| PB 0x00000000a7600000| Complete 
|  91|0x00000000a7700000, 0x00000000a7800000, 0x00000000a7800000|100%| E|CS|TAMS 0x00000000a7700000| PB 0x00000000a7700000| Complete 
|  92|0x00000000a7800000, 0x00000000a7900000, 0x00000000a7900000|100%| E|CS|TAMS 0x00000000a7800000| PB 0x00000000a7800000| Complete 
|  93|0x00000000a7900000, 0x00000000a7a00000, 0x00000000a7a00000|100%| E|CS|TAMS 0x00000000a7900000| PB 0x00000000a7900000| Complete 
|  94|0x00000000a7a00000, 0x00000000a7b00000, 0x00000000a7b00000|100%| E|CS|TAMS 0x00000000a7a00000| PB 0x00000000a7a00000| Complete 
|  95|0x00000000a7b00000, 0x00000000a7c00000, 0x00000000a7c00000|100%| E|CS|TAMS 0x00000000a7b00000| PB 0x00000000a7b00000| Complete 

Card table byte_map: [0x00000156f7e60000,0x00000156f8160000] _byte_map_base: 0x00000156f7952000

Marking Bits: (CMBitMap*) 0x00000156e04228b0
 Bits: [0x00000156f8160000, 0x00000156f98f0000)

Polling page: 0x00000156dfba0000

Metaspace:

Usage:
  Non-class:     12.65 MB used.
      Class:      1.57 MB used.
       Both:     14.22 MB used.

Virtual space:
  Non-class space:       64.00 MB reserved,      12.81 MB ( 20%) committed,  1 nodes.
      Class space:        1.00 GB reserved,       1.69 MB ( <1%) committed,  1 nodes.
             Both:        1.06 GB reserved,      14.50 MB (  1%) committed. 

Chunk freelists:
   Non-Class:  2.80 MB
       Class:  14.22 MB
        Both:  17.02 MB

MaxMetaspaceSize: unlimited
CompressedClassSpaceSize: 1.00 GB
Initial GC threshold: 21.00 MB
Current GC threshold: 21.00 MB
CDS: on
 - commit_granule_bytes: 65536.
 - commit_granule_words: 8192.
 - virtual_space_node_default_size: 8388608.
 - enlarge_chunks_in_place: 1.
 - use_allocation_guard: 0.


Internal statistics:

num_allocs_failed_limit: 0.
num_arena_births: 160.
num_arena_deaths: 0.
num_vsnodes_births: 2.
num_vsnodes_deaths: 0.
num_space_committed: 232.
num_space_uncommitted: 0.
num_chunks_returned_to_freelist: 0.
num_chunks_taken_from_freelist: 368.
num_chunk_merges: 0.
num_chunk_splits: 211.
num_chunks_enlarged: 112.
num_inconsistent_stats: 0.

CodeHeap 'non-profiled nmethods': size=120000Kb used=499Kb max_used=499Kb free=119500Kb
 bounds [0x00000156f0300000, 0x00000156f0570000, 0x00000156f7830000]
CodeHeap 'profiled nmethods': size=120000Kb used=2385Kb max_used=2385Kb free=117614Kb
 bounds [0x00000156e8830000, 0x00000156e8aa0000, 0x00000156efd60000]
CodeHeap 'non-nmethods': size=5760Kb used=1569Kb max_used=1581Kb free=4190Kb
 bounds [0x00000156efd60000, 0x00000156effd0000, 0x00000156f0300000]
 total_blobs=2049 nmethods=1419 adapters=535
 compilation: enabled
              stopped_count=0, restarted_count=0
 full_count=0

Compilation events (20 events):
Event: 1.354 Thread 0x00000156fc2f7fa0 nmethod 1348 0x00000156e8a63a90 code [0x00000156e8a63c40, 0x00000156e8a63e18]
Event: 1.354 Thread 0x00000156fc2f7fa0 1349       3       java.nio.Buffer::limit (65 bytes)
Event: 1.354 Thread 0x00000156fe4b95a0 1338       4       sun.security.provider.SHA5::lf_maj (14 bytes)
Event: 1.354 Thread 0x00000156fc2f7fa0 nmethod 1349 0x00000156e8a63f10 code [0x00000156e8a640c0, 0x00000156e8a64380]
Event: 1.354 Thread 0x00000156fe4b95a0 nmethod 1338 0x00000156f0378c10 code [0x00000156f0378d80, 0x00000156f0378df8]
Event: 1.355 Thread 0x00000156fc2f7fa0 1350       3       com.sun.crypto.provider.GHASH::blockMult (245 bytes)
Event: 1.355 Thread 0x00000156fc2f7fa0 nmethod 1350 0x00000156e8a64490 code [0x00000156e8a64660, 0x00000156e8a64aa8]
Event: 1.362 Thread 0x00000156fc2f7fa0 1351       3       java.lang.Class::reflectionData (43 bytes)
Event: 1.363 Thread 0x00000156fc2f7fa0 nmethod 1351 0x00000156e8a64d10 code [0x00000156e8a64ee0, 0x00000156e8a652f8]
Event: 1.366 Thread 0x00000156fc2f7fa0 1352       3       java.lang.invoke.BoundMethodHandle$Species_L::<init> (12 bytes)
Event: 1.366 Thread 0x00000156fc2f7fa0 nmethod 1352 0x00000156e8a65410 code [0x00000156e8a655c0, 0x00000156e8a657e8]
Event: 1.366 Thread 0x00000156fc2f7fa0 1353       3       java.lang.Integer::stringSize (47 bytes)
Event: 1.366 Thread 0x00000156fc2f7fa0 nmethod 1353 0x00000156e8a65910 code [0x00000156e8a65ac0, 0x00000156e8a65d28]
Event: 1.366 Thread 0x00000156fc2f7fa0 1354       3       java.lang.Integer::getChars (121 bytes)
Event: 1.367 Thread 0x00000156fc2f7fa0 nmethod 1354 0x00000156e8a65e10 code [0x00000156e8a65fe0, 0x00000156e8a66440]
Event: 1.373 Thread 0x00000156fc2f7fa0 1356       3       java.lang.Class::getReflectionFactory (28 bytes)
Event: 1.374 Thread 0x00000156fc2f7fa0 nmethod 1356 0x00000156e8a66690 code [0x00000156e8a668c0, 0x00000156e8a66f98]
Event: 1.375 Thread 0x00000156fc2f7fa0 1357       3       java.lang.StringBuilder::append (8 bytes)
Event: 1.376 Thread 0x00000156fc2f7fa0 nmethod 1357 0x00000156e8a67210 code [0x00000156e8a673c0, 0x00000156e8a67510]
Event: 1.376 Thread 0x00000156fc2f7fa0 1358       3       java.lang.AbstractStringBuilder::append (55 bytes)

GC Heap History (0 events):
No events

Dll operation events (10 events):
Event: 0.011 Loaded shared library A:\java1.8\bin\java.dll
Event: 0.048 Loaded shared library A:\java1.8\bin\jsvml.dll
Event: 0.091 Loaded shared library A:\java1.8\bin\net.dll
Event: 0.093 Loaded shared library A:\java1.8\bin\nio.dll
Event: 0.124 Loaded shared library A:\java1.8\bin\zip.dll
Event: 0.143 Loaded shared library A:\java1.8\bin\jimage.dll
Event: 0.163 Loaded shared library A:\java1.8\bin\awt.dll
Event: 0.266 Loaded shared library A:\java1.8\bin\javaaccessbridge.dll
Event: 0.724 Loaded shared library A:\java1.8\bin\extnet.dll
Event: 1.091 Loaded shared library A:\java1.8\bin\sunmscapi.dll

Deoptimization events (20 events):
Event: 0.902 Thread 0x00000156de2ccf60 Uncommon trap: trap_request=0xffffffde fr.pc=0x00000156f034e0f0 relative=0x0000000000000ab0
Event: 0.902 Thread 0x00000156de2ccf60 Uncommon trap: reason=class_check action=maybe_recompile pc=0x00000156f034e0f0 method=java.util.HashMap.putVal(ILjava/lang/Object;Ljava/lang/Object;ZZ)Ljava/lang/Object; @ 203 c2
Event: 0.902 Thread 0x00000156de2ccf60 DEOPT PACKING pc=0x00000156f034e0f0 sp=0x0000002631cfd100
Event: 0.902 Thread 0x00000156de2ccf60 DEOPT UNPACKING pc=0x00000156efdb46a2 sp=0x0000002631cfd038 mode 2
Event: 0.903 Thread 0x00000156de2ccf60 Uncommon trap: trap_request=0xffffffde fr.pc=0x00000156f0346f8c relative=0x00000000000002ac
Event: 0.903 Thread 0x00000156de2ccf60 Uncommon trap: reason=class_check action=maybe_recompile pc=0x00000156f0346f8c method=java.util.HashMap.getNode(Ljava/lang/Object;)Ljava/util/HashMap$Node; @ 128 c2
Event: 0.903 Thread 0x00000156de2ccf60 DEOPT PACKING pc=0x00000156f0346f8c sp=0x0000002631cfd130
Event: 0.903 Thread 0x00000156de2ccf60 DEOPT UNPACKING pc=0x00000156efdb46a2 sp=0x0000002631cfd098 mode 2
Event: 0.904 Thread 0x00000156de2ccf60 Uncommon trap: trap_request=0xffffffde fr.pc=0x00000156f034e0f0 relative=0x0000000000000ab0
Event: 0.904 Thread 0x00000156de2ccf60 Uncommon trap: reason=class_check action=maybe_recompile pc=0x00000156f034e0f0 method=java.util.HashMap.putVal(ILjava/lang/Object;Ljava/lang/Object;ZZ)Ljava/lang/Object; @ 203 c2
Event: 0.904 Thread 0x00000156de2ccf60 DEOPT PACKING pc=0x00000156f034e0f0 sp=0x0000002631cfd100
Event: 0.904 Thread 0x00000156de2ccf60 DEOPT UNPACKING pc=0x00000156efdb46a2 sp=0x0000002631cfd038 mode 2
Event: 1.101 Thread 0x00000156de2ccf60 Uncommon trap: trap_request=0xffffff45 fr.pc=0x00000156f0356148 relative=0x0000000000000268
Event: 1.101 Thread 0x00000156de2ccf60 Uncommon trap: reason=unstable_if action=reinterpret pc=0x00000156f0356148 method=java.util.HashMap.putVal(ILjava/lang/Object;Ljava/lang/Object;ZZ)Ljava/lang/Object; @ 162 c2
Event: 1.101 Thread 0x00000156de2ccf60 DEOPT PACKING pc=0x00000156f0356148 sp=0x0000002631cfc080
Event: 1.101 Thread 0x00000156de2ccf60 DEOPT UNPACKING pc=0x00000156efdb46a2 sp=0x0000002631cfbfb8 mode 2
Event: 1.119 Thread 0x00000156de2ccf60 Uncommon trap: trap_request=0xffffff45 fr.pc=0x00000156f032a030 relative=0x0000000000000190
Event: 1.119 Thread 0x00000156de2ccf60 Uncommon trap: reason=unstable_if action=reinterpret pc=0x00000156f032a030 method=jdk.internal.util.ArraysSupport.vectorizedHashCode(Ljava/lang/Object;IIII)I @ 2 c2
Event: 1.119 Thread 0x00000156de2ccf60 DEOPT PACKING pc=0x00000156f032a030 sp=0x0000002631cfbfc0
Event: 1.119 Thread 0x00000156de2ccf60 DEOPT UNPACKING pc=0x00000156efdb46a2 sp=0x0000002631cfbf70 mode 2

Classes loaded (20 events):
Event: 1.374 Loading class javax/net/ssl/SSLParameters
Event: 1.374 Loading class javax/net/ssl/SSLParameters done
Event: 1.374 Loading class sun/security/ssl/SSLConfiguration$1
Event: 1.374 Loading class sun/security/ssl/SSLConfiguration$1 done
Event: 1.374 Loading class sun/security/ssl/SSLAlgorithmConstraints$SupportedSignatureAlgorithmConstraints
Event: 1.375 Loading class sun/security/ssl/SSLAlgorithmConstraints$SupportedSignatureAlgorithmConstraints done
Event: 1.375 Loading class sun/security/provider/certpath/AlgorithmChecker
Event: 1.375 Loading class java/security/cert/PKIXCertPathChecker
Event: 1.375 Loading class java/security/cert/CertPathChecker
Event: 1.375 Loading class java/security/cert/CertPathChecker done
Event: 1.375 Loading class java/security/cert/PKIXCertPathChecker done
Event: 1.375 Loading class sun/security/provider/certpath/AlgorithmChecker done
Event: 1.375 Loading class sun/security/provider/certpath/PKIX
Event: 1.376 Loading class sun/security/provider/certpath/PKIX done
Event: 1.376 Loading class java/security/interfaces/DSAPublicKey
Event: 1.376 Loading class java/security/interfaces/DSAKey
Event: 1.376 Loading class java/security/interfaces/DSAKey done
Event: 1.376 Loading class java/security/interfaces/DSAPublicKey done
Event: 1.376 Loading class sun/security/ssl/X509Authentication$X509Credentials
Event: 1.376 Loading class sun/security/ssl/X509Authentication$X509Credentials done

Classes unloaded (0 events):
No events

Classes redefined (0 events):
No events

Internal exceptions (20 events):
Event: 0.099 Thread 0x00000156de2ccf60 Exception <a 'sun/nio/fs/WindowsException'{0x00000000a7a480e8}> (0x00000000a7a480e8) 
thrown [s\open\src\hotspot\share\prims\jni.cpp, line 520]
Event: 0.099 Thread 0x00000156de2ccf60 Exception <a 'sun/nio/fs/WindowsException'{0x00000000a7a48c48}> (0x00000000a7a48c48) 
thrown [s\open\src\hotspot\share\prims\jni.cpp, line 520]
Event: 0.150 Thread 0x00000156de2ccf60 Exception <a 'java/lang/ClassNotFoundException'{0x00000000a7984c98}: sun/awt/resources/spi/awtProvider> (0x00000000a7984c98) 
thrown [s\open\src\hotspot\share\classfile\systemDictionary.cpp, line 312]
Event: 0.270 Thread 0x00000156de2ccf60 Exception <a 'java/lang/ClassNotFoundException'{0x00000000a7865e08}: com/sun/accessibility/internal/resources/spi/accessibilityProvider> (0x00000000a7865e08) 
thrown [s\open\src\hotspot\share\classfile\systemDictionary.cpp, line 312]
Event: 0.299 Thread 0x00000156de2ccf60 Exception <a 'java/lang/NoSuchMethodError'{0x00000000a77acf58}: 'void java.lang.invoke.DirectMethodHandle$Holder.invokeStatic(java.lang.Object, java.lang.Object)'> (0x00000000a77acf58) 
thrown [s\open\src\hotspot\share\interpreter\linkResolver.cpp, line 773]
Event: 0.326 Thread 0x00000156de2ccf60 Exception <a 'java/lang/NoSuchMethodError'{0x00000000a77cad20}: 'void java.lang.invoke.DirectMethodHandle$Holder.invokeSpecial(java.lang.Object, java.lang.Object, java.lang.Object)'> (0x00000000a77cad20) 
thrown [s\open\src\hotspot\share\interpreter\linkResolver.cpp, line 773]
Event: 0.345 Thread 0x00000156de2ccf60 Exception <a 'java/lang/NoSuchMethodError'{0x00000000a7604440}: 'java.lang.Object java.lang.invoke.DirectMethodHandle$Holder.newInvokeSpecial(java.lang.Object, java.lang.Object, java.lang.Object, java.lang.Object, java.lang.Object)'> (0x00000000a7604440) 
thrown [s\open\src\hotspot\share\interpreter\linkResolver.cpp, line 773]
Event: 0.361 Thread 0x00000156de2ccf60 Exception <a 'java/lang/NoSuchMethodError'{0x00000000a7630430}: 'java.lang.Object java.lang.invoke.DirectMethodHandle$Holder.invokeStatic(java.lang.Object, int, java.lang.Object)'> (0x00000000a7630430) 
thrown [s\open\src\hotspot\share\interpreter\linkResolver.cpp, line 773]
Event: 0.399 Thread 0x00000156de2ccf60 Exception <a 'java/lang/ClassNotFoundException'{0x00000000a76cf590}: com/sun/swing/internal/plaf/metal/resources/spi/metalProvider> (0x00000000a76cf590) 
thrown [s\open\src\hotspot\share\classfile\systemDictionary.cpp, line 312]
Event: 0.400 Thread 0x00000156de2ccf60 Exception <a 'java/lang/ClassNotFoundException'{0x00000000a76d34f0}: com/sun/swing/internal/plaf/basic/resources/spi/basicProvider> (0x00000000a76d34f0) 
thrown [s\open\src\hotspot\share\classfile\systemDictionary.cpp, line 312]
Event: 0.412 Thread 0x00000156de2ccf60 Exception <a 'java/lang/NoSuchMethodError'{0x00000000a76f2648}: 'int java.lang.invoke.Invokers$Holder.invokeExact_MT(java.lang.Object, java.lang.Object)'> (0x00000000a76f2648) 
thrown [s\open\src\hotspot\share\interpreter\linkResolver.cpp, line 773]
Event: 0.520 Thread 0x00000156de2ccf60 Exception <a 'java/lang/NoSuchMethodError'{0x00000000a7472fa8}: 'java.lang.Object java.lang.invoke.DirectMethodHandle$Holder.invokeInterface(java.lang.Object, java.lang.Object)'> (0x00000000a7472fa8) 
thrown [s\open\src\hotspot\share\interpreter\linkResolver.cpp, line 773]
Event: 0.570 Thread 0x00000156de2ccf60 Exception <a 'java/lang/NoSuchMethodError'{0x00000000a74ec6a0}: 'void java.lang.invoke.DirectMethodHandle$Holder.invokeStatic(java.lang.Object, java.lang.Object, java.lang.Object)'> (0x00000000a74ec6a0) 
thrown [s\open\src\hotspot\share\interpreter\linkResolver.cpp, line 773]
Event: 0.573 Thread 0x00000156de2ccf60 Exception <a 'java/lang/NoSuchMethodError'{0x00000000a74f5388}: 'java.lang.Object java.lang.invoke.DirectMethodHandle$Holder.invokeVirtual(java.lang.Object, java.lang.Object, java.lang.Object)'> (0x00000000a74f5388) 
thrown [s\open\src\hotspot\share\interpreter\linkResolver.cpp, line 773]
Event: 0.844 Thread 0x00000156de2ccf60 Exception <a 'java/lang/NoSuchMethodError'{0x00000000a6e89dc0}: 'void java.lang.invoke.DirectMethodHandle$Holder.invokeStaticInit(java.lang.Object, java.lang.Object)'> (0x00000000a6e89dc0) 
thrown [s\open\src\hotspot\share\interpreter\linkResolver.cpp, line 773]
Event: 0.944 Thread 0x00000156de2ccf60 Exception <a 'sun/nio/fs/WindowsException'{0x00000000a6dc0a90}> (0x00000000a6dc0a90) 
thrown [s\open\src\hotspot\share\prims\jni.cpp, line 520]
Event: 1.010 Thread 0x00000156de2ccf60 Exception <a 'java/lang/NoSuchMethodError'{0x00000000a6c6f7a0}: 'java.lang.Object java.lang.invoke.DirectMethodHandle$Holder.invokeStaticInit(java.lang.Object, int, int, int, int)'> (0x00000000a6c6f7a0) 
thrown [s\open\src\hotspot\share\interpreter\linkResolver.cpp, line 773]
Event: 1.037 Thread 0x00000156de2ccf60 Exception <a 'java/lang/NoSuchMethodError'{0x00000000a6cd5a88}: 'java.lang.Object java.lang.invoke.DirectMethodHandle$Holder.invokeStaticInit(java.lang.Object, java.lang.Object, int, int, int, int)'> (0x00000000a6cd5a88) 
thrown [s\open\src\hotspot\share\interpreter\linkResolver.cpp, line 773]
Event: 1.137 Thread 0x00000156de2ccf60 Exception <a 'java/lang/NoSuchMethodError'{0x00000000a6b53868}: 'int java.lang.invoke.DirectMethodHandle$Holder.invokeSpecial(java.lang.Object, java.lang.Object, java.lang.Object)'> (0x00000000a6b53868) 
thrown [s\open\src\hotspot\share\interpreter\linkResolver.cpp, line 773]
Event: 1.331 Thread 0x00000156de2ccf60 Exception <a 'java/lang/NoSuchMethodError'{0x00000000a6a5e3c0}: 'void java.lang.invoke.DirectMethodHandle$Holder.invokeVirtual(java.lang.Object, java.lang.Object)'> (0x00000000a6a5e3c0) 
thrown [s\open\src\hotspot\share\interpreter\linkResolver.cpp, line 773]

ZGC Phase Switch (0 events):
No events

VM Operations (12 events):
Event: 0.100 Executing VM operation: HandshakeAllThreads (Deoptimize)
Event: 0.100 Executing VM operation: HandshakeAllThreads (Deoptimize) done
Event: 0.187 Executing VM operation: HandshakeAllThreads (Deoptimize)
Event: 0.188 Executing VM operation: HandshakeAllThreads (Deoptimize) done
Event: 0.440 Executing VM operation: HandshakeAllThreads (Deoptimize)
Event: 0.440 Executing VM operation: HandshakeAllThreads (Deoptimize) done
Event: 0.480 Executing VM operation: HandshakeAllThreads (Deoptimize)
Event: 0.480 Executing VM operation: HandshakeAllThreads (Deoptimize) done
Event: 1.018 Executing VM operation: ICBufferFull
Event: 1.018 Executing VM operation: ICBufferFull done
Event: 1.357 Executing VM operation: HandshakeAllThreads (Deoptimize)
Event: 1.357 Executing VM operation: HandshakeAllThreads (Deoptimize) done

Events (20 events):
Event: 0.046 Thread 0x00000156fc2ea9a0 Thread added: 0x00000156fc2ea9a0
Event: 0.046 Thread 0x00000156fc2ee550 Thread added: 0x00000156fc2ee550
Event: 0.046 Thread 0x00000156fc2ef770 Thread added: 0x00000156fc2ef770
Event: 0.046 Thread 0x00000156fc2f1a40 Thread added: 0x00000156fc2f1a40
Event: 0.047 Thread 0x00000156fc2f73d0 Thread added: 0x00000156fc2f73d0
Event: 0.047 Thread 0x00000156fc2f7fa0 Thread added: 0x00000156fc2f7fa0
Event: 0.076 Thread 0x00000156fc2af9f0 Thread added: 0x00000156fc2af9f0
Event: 0.112 Thread 0x00000156fc5b6d80 Thread added: 0x00000156fc5b6d80
Event: 0.115 Thread 0x00000156fc5cde50 Thread added: 0x00000156fc5cde50
Event: 0.240 Thread 0x00000156fc752aa0 Thread added: 0x00000156fc752aa0
Event: 0.242 Thread 0x00000156fc75fbf0 Thread added: 0x00000156fc75fbf0
Event: 0.244 Thread 0x00000156fc762f40 Thread added: 0x00000156fc762f40
Event: 0.279 Thread 0x00000156fc78fa70 Thread added: 0x00000156fc78fa70
Event: 0.296 Thread 0x00000156fc7af3a0 Thread added: 0x00000156fc7af3a0
Event: 0.425 Thread 0x00000156fc5b6d80 Thread exited: 0x00000156fc5b6d80
Event: 0.462 Thread 0x00000156fc808b10 Thread added: 0x00000156fc808b10
Event: 0.547 Thread 0x00000156fc81d2f0 Thread added: 0x00000156fc81d2f0
Event: 0.737 Thread 0x00000156fc81d2f0 Thread exited: 0x00000156fc81d2f0
Event: 0.999 Thread 0x00000156fe4b95a0 Thread added: 0x00000156fe4b95a0
Event: 1.364 Thread 0x00000156fc75fbf0 Thread exited: 0x00000156fc75fbf0


Dynamic libraries:
0x00007ff669fd0000 - 0x00007ff669fe0000 	A:\java1.8\bin\java.exe
0x00007ffa4f0d0000 - 0x00007ffa4f2e7000 	C:\WINDOWS\SYSTEM32\ntdll.dll
0x00007ffa12890000 - 0x00007ffa128aa000 	C:\Program Files\Avast Software\Avast\aswhook.dll
0x00007ffa4eb40000 - 0x00007ffa4ec04000 	C:\WINDOWS\System32\KERNEL32.DLL
0x00007ffa4c810000 - 0x00007ffa4cbbd000 	C:\WINDOWS\System32\KERNELBASE.dll
0x00007ffa4cc60000 - 0x00007ffa4cd71000 	C:\WINDOWS\System32\ucrtbase.dll
0x00007ffa481b0000 - 0x00007ffa481c9000 	A:\java1.8\bin\jli.dll
0x00007ffa38f90000 - 0x00007ffa38fab000 	A:\java1.8\bin\VCRUNTIME140.dll
0x00007ffa4ecb0000 - 0x00007ffa4ed62000 	C:\WINDOWS\System32\ADVAPI32.dll
0x00007ffa4e060000 - 0x00007ffa4e107000 	C:\WINDOWS\System32\msvcrt.dll
0x00007ffa4cf20000 - 0x00007ffa4cfc9000 	C:\WINDOWS\System32\sechost.dll
0x00007ffa4c7e0000 - 0x00007ffa4c808000 	C:\WINDOWS\System32\bcrypt.dll
0x00007ffa4ea20000 - 0x00007ffa4eb34000 	C:\WINDOWS\System32\RPCRT4.dll
0x00007ffa4dc70000 - 0x00007ffa4de1e000 	C:\WINDOWS\System32\USER32.dll
0x00007ffa4cc30000 - 0x00007ffa4cc56000 	C:\WINDOWS\System32\win32u.dll
0x00007ffa3bd40000 - 0x00007ffa3bfd3000 	C:\WINDOWS\WinSxS\amd64_microsoft.windows.common-controls_6595b64144ccf1df_6.0.22621.3672_none_2713b9d173822955\COMCTL32.dll
0x00007ffa4d840000 - 0x00007ffa4d869000 	C:\WINDOWS\System32\GDI32.dll
0x00007ffa4c3f0000 - 0x00007ffa4c509000 	C:\WINDOWS\System32\gdi32full.dll
0x00007ffa4c740000 - 0x00007ffa4c7da000 	C:\WINDOWS\System32\msvcp_win.dll
0x00007ffa43ed0000 - 0x00007ffa43eda000 	C:\WINDOWS\SYSTEM32\VERSION.dll
0x00007ffa4e170000 - 0x00007ffa4e1a1000 	C:\WINDOWS\System32\IMM32.DLL
0x00007ffa38f80000 - 0x00007ffa38f8c000 	A:\java1.8\bin\vcruntime140_1.dll
0x00007ffa38bc0000 - 0x00007ffa38c4e000 	A:\java1.8\bin\msvcp140.dll
0x00007ffa38fb0000 - 0x00007ffa39cc5000 	A:\java1.8\bin\server\jvm.dll
0x00007ffa4dbf0000 - 0x00007ffa4dc61000 	C:\WINDOWS\System32\WS2_32.dll
0x00007ffa4c2c0000 - 0x00007ffa4c30d000 	C:\WINDOWS\SYSTEM32\POWRPROF.dll
0x00007ffa44780000 - 0x00007ffa447b4000 	C:\WINDOWS\SYSTEM32\WINMM.dll
0x00007ffa4c2a0000 - 0x00007ffa4c2b3000 	C:\WINDOWS\SYSTEM32\UMPDC.dll
0x00007ffa4b440000 - 0x00007ffa4b458000 	C:\WINDOWS\SYSTEM32\kernel.appcore.dll
0x00007ffa38f10000 - 0x00007ffa38f1a000 	A:\java1.8\bin\jimage.dll
0x00007ffa43160000 - 0x00007ffa43392000 	C:\WINDOWS\SYSTEM32\DBGHELP.DLL
0x00007ffa4e630000 - 0x00007ffa4e9be000 	C:\WINDOWS\System32\combase.dll
0x00007ffa4ed90000 - 0x00007ffa4ee67000 	C:\WINDOWS\System32\OLEAUT32.dll
0x00007ffa41dd0000 - 0x00007ffa41e02000 	C:\WINDOWS\SYSTEM32\dbgcore.DLL
0x00007ffa4cd80000 - 0x00007ffa4cdfb000 	C:\WINDOWS\System32\bcryptPrimitives.dll
0x00007ffa38f20000 - 0x00007ffa38f3f000 	A:\java1.8\bin\java.dll
0x00007ffa4cfd0000 - 0x00007ffa4d837000 	C:\WINDOWS\System32\SHELL32.dll
0x00007ffa4a370000 - 0x00007ffa4ac6f000 	C:\WINDOWS\SYSTEM32\windows.storage.dll
0x00007ffa4a230000 - 0x00007ffa4a36f000 	C:\WINDOWS\SYSTEM32\wintypes.dll
0x00007ffa4ce00000 - 0x00007ffa4cef9000 	C:\WINDOWS\System32\SHCORE.dll
0x00007ffa4e110000 - 0x00007ffa4e16e000 	C:\WINDOWS\System32\shlwapi.dll
0x00007ffa4c320000 - 0x00007ffa4c347000 	C:\WINDOWS\SYSTEM32\profapi.dll
0x00007ffa38e30000 - 0x00007ffa38f07000 	A:\java1.8\bin\jsvml.dll
0x00007ffa38e20000 - 0x00007ffa38e30000 	A:\java1.8\bin\net.dll
0x00007ffa45870000 - 0x00007ffa459a6000 	C:\WINDOWS\SYSTEM32\WINHTTP.dll
0x00007ffa4b8b0000 - 0x00007ffa4b919000 	C:\WINDOWS\system32\mswsock.dll
0x00007ffa38e00000 - 0x00007ffa38e16000 	A:\java1.8\bin\nio.dll
0x00007ffa38de0000 - 0x00007ffa38df8000 	A:\java1.8\bin\zip.dll
0x00007ffa38c50000 - 0x00007ffa38ddf000 	A:\java1.8\bin\awt.dll
0x00007ffa49700000 - 0x00007ffa49797000 	C:\WINDOWS\SYSTEM32\apphelp.dll
0x00007ffa49bc0000 - 0x00007ffa49beb000 	C:\WINDOWS\system32\DWMAPI.DLL
0x00007ffa49980000 - 0x00007ffa49a31000 	C:\WINDOWS\system32\uxtheme.dll
0x00007ff9b8e10000 - 0x00007ff9b8f10000 	C:\WINDOWS\system32\opengl32.dll
0x00007ff9b88c0000 - 0x00007ff9b88ed000 	C:\WINDOWS\SYSTEM32\GLU32.dll
0x00007ffa49a70000 - 0x00007ffa49aa7000 	C:\WINDOWS\SYSTEM32\dxcore.dll
0x00007ffa4da40000 - 0x00007ffa4db9e000 	C:\WINDOWS\System32\MSCTF.dll
0x00007ffa0e5f0000 - 0x00007ffa0e622000 	C:\Users\DELL\ashish pvt\Password Door\TLPD64.DLL
0x00007ffa4d890000 - 0x00007ffa4da35000 	C:\WINDOWS\System32\ole32.dll
0x00007ffa38200000 - 0x00007ffa3824a000 	A:\java1.8\bin\javaaccessbridge.dll
0x00007ffa47690000 - 0x00007ffa47697000 	A:\java1.8\bin\jawt.dll
0x00007ffa4af40000 - 0x00007ffa4b038000 	C:\WINDOWS\SYSTEM32\DNSAPI.dll
0x00007ffa4af10000 - 0x00007ffa4af3d000 	C:\WINDOWS\SYSTEM32\IPHLPAPI.DLL
0x00007ffa4d870000 - 0x00007ffa4d879000 	C:\WINDOWS\System32\NSI.dll
0x00007ffa32730000 - 0x00007ffa3273a000 	C:\Windows\System32\rasadhlp.dll
0x00007ffa40ee0000 - 0x00007ffa40f63000 	C:\WINDOWS\System32\fwpuclnt.dll
0x00007ffa476c0000 - 0x00007ffa476c7000 	A:\java1.8\bin\extnet.dll
0x00007ffa4bb00000 - 0x00007ffa4bb1b000 	C:\WINDOWS\SYSTEM32\CRYPTSP.dll
0x00007ffa4b3a0000 - 0x00007ffa4b3d5000 	C:\WINDOWS\system32\rsaenh.dll
0x00007ffa4b9a0000 - 0x00007ffa4b9c8000 	C:\WINDOWS\SYSTEM32\USERENV.dll
0x00007ffa4bb20000 - 0x00007ffa4bb2c000 	C:\WINDOWS\SYSTEM32\CRYPTBASE.dll
0x00007ffa476b0000 - 0x00007ffa476be000 	A:\java1.8\bin\sunmscapi.dll
0x00007ffa4c5d0000 - 0x00007ffa4c736000 	C:\WINDOWS\System32\CRYPT32.dll
0x00007ffa4bcc0000 - 0x00007ffa4bcee000 	C:\WINDOWS\SYSTEM32\ncrypt.dll
0x00007ffa4bc80000 - 0x00007ffa4bcb7000 	C:\WINDOWS\SYSTEM32\NTASN1.dll

dbghelp: loaded successfully - version: 4.0.5 - missing functions: none
symbol engine: initialized successfully - sym options: 0x614 - pdb path: .;A:\java1.8\bin;C:\WINDOWS\SYSTEM32;C:\Program Files\Avast Software\Avast;C:\WINDOWS\WinSxS\amd64_microsoft.windows.common-controls_6595b64144ccf1df_6.0.22621.3672_none_2713b9d173822955;A:\java1.8\bin\server;C:\Users\DELL\ashish pvt\Password Door

VM Arguments:
jvm_args: -Dfile.encoding=UTF-8 --module-path=C:\Users\DELL\OneDrive\Documents\NetBeansProjects\Car Management System\build\classes 
java_command: Car.PaymentSystem
java_class_path (initial): C:\mysql-connector-j-8.3.0.jar;C:\Users\DELL\OneDrive\Documents\NetBeansProjects\Car Management System\build\classes
Launcher Type: SUN_STANDARD

[Global flags]
     intx CICompilerCount                          = 4                                         {product} {ergonomic}
     uint ConcGCThreads                            = 2                                         {product} {ergonomic}
     uint G1ConcRefinementThreads                  = 8                                         {product} {ergonomic}
   size_t G1HeapRegionSize                         = 1048576                                   {product} {ergonomic}
    uintx GCDrainStackTargetSize                   = 64                                        {product} {ergonomic}
   size_t InitialHeapSize                          = 100663296                                 {product} {ergonomic}
   size_t MarkStackSize                            = 4194304                                   {product} {ergonomic}
   size_t MaxHeapSize                              = 1581252608                                {product} {ergonomic}
   size_t MaxNewSize                               = 947912704                                 {product} {ergonomic}
   size_t MinHeapDeltaBytes                        = 1048576                                   {product} {ergonomic}
   size_t MinHeapSize                              = 8388608                                   {product} {ergonomic}
    uintx NonNMethodCodeHeapSize                   = 5839372                                {pd product} {ergonomic}
    uintx NonProfiledCodeHeapSize                  = 122909434                              {pd product} {ergonomic}
    uintx ProfiledCodeHeapSize                     = 122909434                              {pd product} {ergonomic}
    uintx ReservedCodeCacheSize                    = 251658240                              {pd product} {ergonomic}
     bool SegmentedCodeCache                       = true                                      {product} {ergonomic}
   size_t SoftMaxHeapSize                          = 1581252608                             {manageable} {ergonomic}
     bool UseCompressedOops                        = true                           {product lp64_product} {ergonomic}
     bool UseG1GC                                  = true                                      {product} {ergonomic}
     bool UseLargePagesIndividualAllocation        = false                                  {pd product} {ergonomic}

Logging:
Log output configuration:
 #0: stdout all=warning uptime,level,tags foldmultilines=false
 #1: stderr all=off uptime,level,tags foldmultilines=false

Environment Variables:
CLASSPATH=A:\JDBC\mysql-connector-j-8.3.0.jar;.;
PATH=C:\Program Files\Common Files\Oracle\Java\javapath;A:\java\bin;c:\Program Files (x86)\Microsoft SQL Server\90\Tools\binn\;C:\Program Files\dotnet\;C:\WINDOWS\system32;C:\WINDOWS;C:\WINDOWS\System32\Wbem;C:\WINDOWS\System32\WindowsPowerShell\v1.0\;C:\WINDOWS\System32\OpenSSH\;A:\NodeJs\;C:\Program Files (x86)\Microsoft SQL Server\120\DTS\Binn\;C:\Program Files (x86)\Microsoft SQL Server\Client SDK\ODBC\110\Tools\Binn\;C:\Program Files (x86)\Microsoft SQL Server\120\Tools\Binn\;C:\Program Files (x86)\Microsoft SQL Server\120\Tools\Binn\ManagementStudio\;C:\Users\DELL\AppData\Local\Programs\Python\Launcher\;C:\Program Files\MySQL\MySQL Shell 8.0\bin\;A:\java\bin;;A:\intellij\IntelliJ IDEA Community Edition 2023.3.1\bin;;C:\Users\DELL\AppData\Local\Microsoft\WindowsApps;C:\Users\DELL\AppData\Local\Programs\Microsoft VS Code\bin;C:\Users\DELL\AppData\Roaming\npm
USERNAME=DELL
OS=Windows_NT
PROCESSOR_IDENTIFIER=AMD64 Family 23 Model 24 Stepping 1, AuthenticAMD
TMP=C:\Users\DELL\AppData\Local\Temp
TEMP=C:\Users\DELL\AppData\Local\Temp




Periodic native trim disabled

---------------  S Y S T E M  ---------------

OS:
 Windows 11 , 64 bit Build 22621 (10.0.22621.3958)
OS uptime: 0 days 3:24 hours

CPU: total 8 (initial active 8) (8 cores per cpu, 2 threads per core) family 23 model 24 stepping 1 microcode 0x0, cx8, cmov, fxsr, ht, mmx, 3dnowpref, sse, sse2, sse3, ssse3, sse4a, sse4.1, sse4.2, popcnt, lzcnt, tsc, tscinvbit, avx, avx2, aes, clmul, bmi1, bmi2, adx, sha, fma, vzeroupper, clflush, clflushopt, rdtscp, f16c
Processor Information for all 8 processors :
  Max Mhz: 2100, Current Mhz: 2100, Mhz Limit: 2100

Memory: 4k page, system-wide physical 6030M (416M free)
TotalPageFile size 24462M (AvailPageFile size 4M)
current process WorkingSet (physical memory assigned to process): 88M, peak: 88M
current process commit charge ("private bytes"): 203M, peak: 203M

vm_info: Java HotSpot(TM) 64-Bit Server VM (21.0.1+12-LTS-29) for windows-amd64 JRE (21.0.1+12-LTS-29), built on 2023-10-05T13:27:09Z by "mach5one" with MS VC++ 17.1 (VS2022)

END.
